TpTrace Verbose: 0 : 2212, 1, 2024/04/02, 08:16:42.191, 1505292688042, vstest.console.dll, Version: 17.9.0-release-23627-01 Current process architecture: X64
TpTrace Verbose: 0 : 2212, 1, 2024/04/02, 08:16:42.196, 1505292728968, vstest.console.dll, Runtime location: C:\Program Files\dotnet\shared\Microsoft.NETCore.App\8.0.2
TpTrace Verbose: 0 : 2212, 1, 2024/04/02, 08:16:42.201, 1505292786307, vstest.console.dll, ArtifactProcessingPostProcessModeProcessorExecutor.Initialize: ArtifactProcessingMode.Collect
TpTrace Verbose: 0 : 2212, 1, 2024/04/02, 08:16:42.201, 1505292788117, vstest.console.dll, TestSessionCorrelationIdProcessorModeProcessorExecutor.Initialize: TestSessionCorrelationId '17084_c6bc12f9-f2e8-4f6d-a0ed-b57752024f85'
TpTrace Information: 0 : 2212, 1, 2024/04/02, 08:16:42.211, 1505292888117, vstest.console.dll, FilePatternParser: The given file C:\Theotim\EPSI\Csharp\Salle-Theotim\Salle-TheotimTests\bin\Debug\net8.0\fine-code-coverage\build-output\SalleTheotimTests.dll is a full path.
TpTrace Verbose: 0 : 2212, 1, 2024/04/02, 08:16:42.224, 1505293017079, vstest.console.dll, TestPluginCache.DiscoverTestExtensions: finding test extensions in assemblies ends with: RuntimeProvider.dll TPluginInfo: Microsoft.VisualStudio.TestPlatform.Common.ExtensionFramework.Utilities.TestRuntimePluginInformation TExtension: Microsoft.VisualStudio.TestPlatform.ObjectModel.Host.ITestRuntimeProvider
TpTrace Verbose: 0 : 2212, 1, 2024/04/02, 08:16:42.226, 1505293029870, vstest.console.dll, TestPluginCache.GetExtensionPaths: Filtered extension paths: 
TpTrace Verbose: 0 : 2212, 1, 2024/04/02, 08:16:42.226, 1505293030830, vstest.console.dll, TestPluginCache.GetExtensionPaths: Added default extension paths: C:\Program Files\dotnet\sdk\8.0.200\Extensions\Microsoft.Diagnostics.NETCore.Client.dll
C:\Program Files\dotnet\sdk\8.0.200\Extensions\Microsoft.TestPlatform.Extensions.BlameDataCollector.dll
C:\Program Files\dotnet\sdk\8.0.200\Extensions\Microsoft.TestPlatform.Extensions.EventLogCollector.dll
C:\Program Files\dotnet\sdk\8.0.200\Extensions\Microsoft.TestPlatform.TestHostRuntimeProvider.dll
C:\Program Files\dotnet\sdk\8.0.200\Extensions\Microsoft.VisualStudio.TestPlatform.Extensions.Html.TestLogger.dll
C:\Program Files\dotnet\sdk\8.0.200\Extensions\Microsoft.VisualStudio.TestPlatform.Extensions.Trx.TestLogger.dll
TpTrace Verbose: 0 : 2212, 1, 2024/04/02, 08:16:42.226, 1505293031154, vstest.console.dll, TestPluginCache.GetExtensionPaths: Added unfilterableExtensionPaths: 
TpTrace Information: 0 : 2212, 1, 2024/04/02, 08:16:42.227, 1505293039411, vstest.console.dll, AssemblyResolver.ctor: Creating AssemblyResolver with searchDirectories C:\Program Files\dotnet\sdk\8.0.200\Extensions,C:\Program Files\dotnet\sdk\8.0.200
TpTrace Verbose: 0 : 2212, 1, 2024/04/02, 08:16:42.227, 1505293047568, vstest.console.dll, TestPluginCache.DiscoverTestExtensions: Discovering the extensions using extension path.
TpTrace Verbose: 0 : 2212, 1, 2024/04/02, 08:16:42.227, 1505293048605, vstest.console.dll, TestPluginCache.GetExtensionPaths: Filtered extension paths: 
TpTrace Verbose: 0 : 2212, 1, 2024/04/02, 08:16:42.228, 1505293048937, vstest.console.dll, TestPluginCache.GetExtensionPaths: Added default extension paths: C:\Program Files\dotnet\sdk\8.0.200\Extensions\Microsoft.Diagnostics.NETCore.Client.dll
C:\Program Files\dotnet\sdk\8.0.200\Extensions\Microsoft.TestPlatform.Extensions.BlameDataCollector.dll
C:\Program Files\dotnet\sdk\8.0.200\Extensions\Microsoft.TestPlatform.Extensions.EventLogCollector.dll
C:\Program Files\dotnet\sdk\8.0.200\Extensions\Microsoft.TestPlatform.TestHostRuntimeProvider.dll
C:\Program Files\dotnet\sdk\8.0.200\Extensions\Microsoft.VisualStudio.TestPlatform.Extensions.Html.TestLogger.dll
C:\Program Files\dotnet\sdk\8.0.200\Extensions\Microsoft.VisualStudio.TestPlatform.Extensions.Trx.TestLogger.dll
TpTrace Verbose: 0 : 2212, 1, 2024/04/02, 08:16:42.228, 1505293049227, vstest.console.dll, TestPluginCache.GetExtensionPaths: Added unfilterableExtensionPaths: 
TpTrace Verbose: 0 : 2212, 1, 2024/04/02, 08:16:42.228, 1505293049753, vstest.console.dll, TestPluginCache.DiscoverTestExtensions: Discovering the extensions using allExtensionPaths: C:\Program Files\dotnet\sdk\8.0.200\Extensions\Microsoft.Diagnostics.NETCore.Client.dll
C:\Program Files\dotnet\sdk\8.0.200\Extensions\Microsoft.TestPlatform.Extensions.BlameDataCollector.dll
C:\Program Files\dotnet\sdk\8.0.200\Extensions\Microsoft.TestPlatform.Extensions.EventLogCollector.dll
C:\Program Files\dotnet\sdk\8.0.200\Extensions\Microsoft.TestPlatform.TestHostRuntimeProvider.dll
C:\Program Files\dotnet\sdk\8.0.200\Extensions\Microsoft.VisualStudio.TestPlatform.Extensions.Html.TestLogger.dll
C:\Program Files\dotnet\sdk\8.0.200\Extensions\Microsoft.VisualStudio.TestPlatform.Extensions.Trx.TestLogger.dll
TpTrace Information: 0 : 2212, 1, 2024/04/02, 08:16:42.228, 1505293051094, vstest.console.dll, AssemblyResolver.AddSearchDirectories: Adding more searchDirectories C:\Program Files\dotnet\sdk\8.0.200\Extensions,C:\Program Files\dotnet\sdk\8.0.200
TpTrace Information: 0 : 2212, 1, 2024/04/02, 08:16:42.228, 1505293051597, vstest.console.dll, AssemblyResolver.AddSearchDirectories: Adding more searchDirectories C:\Program Files\dotnet\sdk\8.0.200\Extensions,C:\Program Files\dotnet\sdk\8.0.200
TpTrace Information: 0 : 2212, 1, 2024/04/02, 08:16:42.228, 1505293051891, vstest.console.dll, AssemblyResolver.AddSearchDirectories: Adding more searchDirectories C:\Program Files\dotnet\sdk\8.0.200\Extensions,C:\Program Files\dotnet\sdk\8.0.200
TpTrace Information: 0 : 2212, 1, 2024/04/02, 08:16:42.228, 1505293052192, vstest.console.dll, AssemblyResolver.AddSearchDirectories: Adding more searchDirectories C:\Program Files\dotnet\sdk\8.0.200\Extensions,C:\Program Files\dotnet\sdk\8.0.200
TpTrace Information: 0 : 2212, 1, 2024/04/02, 08:16:42.228, 1505293052592, vstest.console.dll, AssemblyResolver.AddSearchDirectories: Adding more searchDirectories C:\Program Files\dotnet\sdk\8.0.200\Extensions,C:\Program Files\dotnet\sdk\8.0.200
TpTrace Information: 0 : 2212, 1, 2024/04/02, 08:16:42.228, 1505293052850, vstest.console.dll, AssemblyResolver.AddSearchDirectories: Adding more searchDirectories C:\Program Files\dotnet\sdk\8.0.200\Extensions,C:\Program Files\dotnet\sdk\8.0.200
TpTrace Information: 0 : 2212, 1, 2024/04/02, 08:16:42.228, 1505293056389, vstest.console.dll, AssemblyResolver.OnResolve: Microsoft.Diagnostics.NETCore.Client: Resolving assembly.
TpTrace Information: 0 : 2212, 1, 2024/04/02, 08:16:42.228, 1505293057232, vstest.console.dll, AssemblyResolver.OnResolve: Microsoft.Diagnostics.NETCore.Client: Searching in: 'C:\Program Files\dotnet\sdk\8.0.200\Extensions'.
TpTrace Information: 0 : 2212, 1, 2024/04/02, 08:16:42.238, 1505293157496, vstest.console.dll, AssemblyResolver.OnResolve: Microsoft.Diagnostics.NETCore.Client: Loading assembly 'C:\Program Files\dotnet\sdk\8.0.200\Extensions\Microsoft.Diagnostics.NETCore.Client.dll'.
TpTrace Information: 0 : 2212, 1, 2024/04/02, 08:16:42.242, 1505293194111, vstest.console.dll, AssemblyResolver.OnResolve: Resolved assembly: Microsoft.Diagnostics.NETCore.Client, from path: C:\Program Files\dotnet\sdk\8.0.200\Extensions\Microsoft.Diagnostics.NETCore.Client.dll
TpTrace Verbose: 0 : 2212, 1, 2024/04/02, 08:16:42.247, 1505293240603, vstest.console.dll, MetadataReaderExtensionsHelper: Discovering extensions inside assembly 'Microsoft.Diagnostics.NETCore.Client, Version=0.2.9.2401, Culture=neutral, PublicKeyToken=31bf3856ad364e35' file path 'C:\Program Files\dotnet\sdk\8.0.200\Extensions\Microsoft.Diagnostics.NETCore.Client.dll'
TpTrace Information: 0 : 2212, 1, 2024/04/02, 08:16:42.251, 1505293286651, vstest.console.dll, AssemblyResolver.OnResolve: Microsoft.Bcl.AsyncInterfaces: Resolving assembly.
TpTrace Information: 0 : 2212, 1, 2024/04/02, 08:16:42.251, 1505293287907, vstest.console.dll, AssemblyResolver.OnResolve: Microsoft.Bcl.AsyncInterfaces: Searching in: 'C:\Program Files\dotnet\sdk\8.0.200\Extensions'.
TpTrace Information: 0 : 2212, 1, 2024/04/02, 08:16:42.251, 1505293288625, vstest.console.dll, AssemblyResolver.OnResolve: Microsoft.Bcl.AsyncInterfaces: Assembly path does not exist: 'C:\Program Files\dotnet\sdk\8.0.200\Extensions\Microsoft.Bcl.AsyncInterfaces.dll', returning.
TpTrace Information: 0 : 2212, 1, 2024/04/02, 08:16:42.252, 1505293289511, vstest.console.dll, AssemblyResolver.OnResolve: Microsoft.Bcl.AsyncInterfaces: Assembly path does not exist: 'C:\Program Files\dotnet\sdk\8.0.200\Extensions\Microsoft.Bcl.AsyncInterfaces.exe', returning.
TpTrace Information: 0 : 2212, 1, 2024/04/02, 08:16:42.252, 1505293289850, vstest.console.dll, AssemblyResolver.OnResolve: Microsoft.Bcl.AsyncInterfaces: Searching in: 'C:\Program Files\dotnet\sdk\8.0.200'.
TpTrace Information: 0 : 2212, 1, 2024/04/02, 08:16:42.252, 1505293290356, vstest.console.dll, AssemblyResolver.OnResolve: Microsoft.Bcl.AsyncInterfaces: Assembly path does not exist: 'C:\Program Files\dotnet\sdk\8.0.200\Microsoft.Bcl.AsyncInterfaces.dll', returning.
TpTrace Information: 0 : 2212, 1, 2024/04/02, 08:16:42.252, 1505293290839, vstest.console.dll, AssemblyResolver.OnResolve: Microsoft.Bcl.AsyncInterfaces: Assembly path does not exist: 'C:\Program Files\dotnet\sdk\8.0.200\Microsoft.Bcl.AsyncInterfaces.exe', returning.
TpTrace Information: 0 : 2212, 1, 2024/04/02, 08:16:42.252, 1505293291114, vstest.console.dll, AssemblyResolver.OnResolve: Microsoft.Bcl.AsyncInterfaces: Failed to load assembly.
TpTrace Verbose: 0 : 2212, 1, 2024/04/02, 08:16:42.252, 1505293291419, vstest.console.dll, CurrentDomainAssemblyResolve: Resolving assembly 'Microsoft.Bcl.AsyncInterfaces'.
TpTrace Information: 0 : 2212, 1, 2024/04/02, 08:16:42.252, 1505293292054, vstest.console.dll, AssemblyResolver.OnResolve: Microsoft.Bcl.AsyncInterfaces: Resolving assembly.
TpTrace Information: 0 : 2212, 1, 2024/04/02, 08:16:42.252, 1505293292375, vstest.console.dll, AssemblyResolver.OnResolve: Microsoft.Bcl.AsyncInterfaces: Resolved from cache.
TpTrace Verbose: 0 : 2212, 1, 2024/04/02, 08:16:42.252, 1505293292596, vstest.console.dll, CurrentDomainAssemblyResolve: Resolving assembly 'Microsoft.Bcl.AsyncInterfaces'.
TpTrace Verbose: 0 : 2212, 1, 2024/04/02, 08:16:42.252, 1505293292868, vstest.console.dll, CurrentDomainAssemblyResolve: Failed to resolve assembly 'Microsoft.Bcl.AsyncInterfaces'.
TpTrace Verbose: 0 : 2212, 1, 2024/04/02, 08:16:42.255, 1505293326412, vstest.console.dll, CurrentDomainAssemblyResolve: Failed to resolve assembly 'Microsoft.Bcl.AsyncInterfaces'.
TpTrace Warning: 0 : 2212, 1, 2024/04/02, 08:16:42.275, 1505293523847, vstest.console.dll, TestPluginDiscoverer: Failed to get types from assembly 'Microsoft.Diagnostics.NETCore.Client, Version=0.2.9.2401, Culture=neutral, PublicKeyToken=31bf3856ad364e35'. Error: System.Reflection.ReflectionTypeLoadException: Unable to load one or more of the requested types.
Could not load file or assembly 'Microsoft.Bcl.AsyncInterfaces, Version=6.0.0.0, Culture=neutral, PublicKeyToken=cc7b13ffcd2ddd51'. Le fichier spécifié est introuvable.
   at System.Reflection.RuntimeModule.GetTypes(RuntimeModule module)
   at System.Reflection.RuntimeModule.GetTypes()
   at Microsoft.VisualStudio.TestPlatform.Common.ExtensionFramework.TestPluginDiscoverer.GetTestExtensionsFromAssembly[TPluginInfo,TExtension](Assembly assembly, Dictionary`2 pluginInfos, String filePath) in /_/src/Microsoft.TestPlatform.Common/ExtensionFramework/TestPluginDiscoverer.cs:line 158
System.IO.FileNotFoundException: Could not load file or assembly 'Microsoft.Bcl.AsyncInterfaces, Version=6.0.0.0, Culture=neutral, PublicKeyToken=cc7b13ffcd2ddd51'. Le fichier spécifié est introuvable.
File name: 'Microsoft.Bcl.AsyncInterfaces, Version=6.0.0.0, Culture=neutral, PublicKeyToken=cc7b13ffcd2ddd51'
 ---> System.IO.FileNotFoundException: Could not load file or assembly 'Microsoft.Bcl.AsyncInterfaces, Culture=neutral, PublicKeyToken=null'. Le fichier spécifié est introuvable.
File name: 'Microsoft.Bcl.AsyncInterfaces, Culture=neutral, PublicKeyToken=null'
   at System.Reflection.RuntimeAssembly.InternalLoad(AssemblyName assemblyName, StackCrawlMark& stackMark, AssemblyLoadContext assemblyLoadContext, RuntimeAssembly requestingAssembly, Boolean throwOnFileNotFound)
   at System.Reflection.Assembly.Load(AssemblyName assemblyRef)
   at Microsoft.VisualStudio.TestPlatform.Common.ExtensionFramework.TestPluginCache.CurrentDomainAssemblyResolve(Object sender, AssemblyResolveEventArgs args) in /_/src/Microsoft.TestPlatform.Common/ExtensionFramework/TestPluginCache.cs:line 513
   at System.Runtime.Loader.AssemblyLoadContext.GetFirstResolvedAssemblyFromResolvingEvent(AssemblyName assemblyName)
   at System.Runtime.Loader.AssemblyLoadContext.ResolveUsingEvent(AssemblyName assemblyName)
   at System.Runtime.Loader.AssemblyLoadContext.ResolveUsingResolvingEvent(IntPtr gchManagedAssemblyLoadContext, AssemblyName assemblyName)
TpTrace Warning: 0 : 2212, 1, 2024/04/02, 08:16:42.276, 1505293529102, vstest.console.dll, LoaderExceptions: System.IO.FileNotFoundException: Could not load file or assembly 'Microsoft.Bcl.AsyncInterfaces, Version=6.0.0.0, Culture=neutral, PublicKeyToken=cc7b13ffcd2ddd51'. Le fichier spécifié est introuvable.
File name: 'Microsoft.Bcl.AsyncInterfaces, Version=6.0.0.0, Culture=neutral, PublicKeyToken=cc7b13ffcd2ddd51'
 ---> System.IO.FileNotFoundException: Could not load file or assembly 'Microsoft.Bcl.AsyncInterfaces, Culture=neutral, PublicKeyToken=null'. Le fichier spécifié est introuvable.
File name: 'Microsoft.Bcl.AsyncInterfaces, Culture=neutral, PublicKeyToken=null'
   at System.Reflection.RuntimeAssembly.InternalLoad(AssemblyName assemblyName, StackCrawlMark& stackMark, AssemblyLoadContext assemblyLoadContext, RuntimeAssembly requestingAssembly, Boolean throwOnFileNotFound)
   at System.Reflection.Assembly.Load(AssemblyName assemblyRef)
   at Microsoft.VisualStudio.TestPlatform.Common.ExtensionFramework.TestPluginCache.CurrentDomainAssemblyResolve(Object sender, AssemblyResolveEventArgs args) in /_/src/Microsoft.TestPlatform.Common/ExtensionFramework/TestPluginCache.cs:line 513
   at System.Runtime.Loader.AssemblyLoadContext.GetFirstResolvedAssemblyFromResolvingEvent(AssemblyName assemblyName)
   at System.Runtime.Loader.AssemblyLoadContext.ResolveUsingEvent(AssemblyName assemblyName)
   at System.Runtime.Loader.AssemblyLoadContext.ResolveUsingResolvingEvent(IntPtr gchManagedAssemblyLoadContext, AssemblyName assemblyName)
TpTrace Information: 0 : 2212, 1, 2024/04/02, 08:16:42.276, 1505293531148, vstest.console.dll, AssemblyResolver.OnResolve: Microsoft.TestPlatform.Extensions.BlameDataCollector: Resolving assembly.
TpTrace Information: 0 : 2212, 1, 2024/04/02, 08:16:42.276, 1505293531832, vstest.console.dll, AssemblyResolver.OnResolve: Microsoft.TestPlatform.Extensions.BlameDataCollector: Searching in: 'C:\Program Files\dotnet\sdk\8.0.200\Extensions'.
TpTrace Information: 0 : 2212, 1, 2024/04/02, 08:16:42.278, 1505293555947, vstest.console.dll, AssemblyResolver.OnResolve: Microsoft.TestPlatform.Extensions.BlameDataCollector: Loading assembly 'C:\Program Files\dotnet\sdk\8.0.200\Extensions\Microsoft.TestPlatform.Extensions.BlameDataCollector.dll'.
TpTrace Information: 0 : 2212, 1, 2024/04/02, 08:16:42.281, 1505293581410, vstest.console.dll, AssemblyResolver.OnResolve: Resolved assembly: Microsoft.TestPlatform.Extensions.BlameDataCollector, from path: C:\Program Files\dotnet\sdk\8.0.200\Extensions\Microsoft.TestPlatform.Extensions.BlameDataCollector.dll
TpTrace Verbose: 0 : 2212, 1, 2024/04/02, 08:16:42.281, 1505293582841, vstest.console.dll, MetadataReaderExtensionsHelper: Discovering extensions inside assembly 'Microsoft.TestPlatform.Extensions.BlameDataCollector, Version=15.0.0.0, Culture=neutral, PublicKeyToken=b03f5f7f11d50a3a' file path 'C:\Program Files\dotnet\sdk\8.0.200\Extensions\Microsoft.TestPlatform.Extensions.BlameDataCollector.dll'
TpTrace Information: 0 : 2212, 1, 2024/04/02, 08:16:42.284, 1505293610606, vstest.console.dll, AssemblyResolver.OnResolve: Microsoft.TestPlatform.Extensions.EventLogCollector: Resolving assembly.
TpTrace Information: 0 : 2212, 1, 2024/04/02, 08:16:42.284, 1505293611820, vstest.console.dll, AssemblyResolver.OnResolve: Microsoft.TestPlatform.Extensions.EventLogCollector: Searching in: 'C:\Program Files\dotnet\sdk\8.0.200\Extensions'.
TpTrace Information: 0 : 2212, 1, 2024/04/02, 08:16:42.286, 1505293629641, vstest.console.dll, AssemblyResolver.OnResolve: Microsoft.TestPlatform.Extensions.EventLogCollector: Loading assembly 'C:\Program Files\dotnet\sdk\8.0.200\Extensions\Microsoft.TestPlatform.Extensions.EventLogCollector.dll'.
TpTrace Information: 0 : 2212, 1, 2024/04/02, 08:16:42.286, 1505293638342, vstest.console.dll, AssemblyResolver.OnResolve: Resolved assembly: Microsoft.TestPlatform.Extensions.EventLogCollector, from path: C:\Program Files\dotnet\sdk\8.0.200\Extensions\Microsoft.TestPlatform.Extensions.EventLogCollector.dll
TpTrace Verbose: 0 : 2212, 1, 2024/04/02, 08:16:42.287, 1505293639288, vstest.console.dll, MetadataReaderExtensionsHelper: Discovering extensions inside assembly 'Microsoft.TestPlatform.Extensions.EventLogCollector, Version=15.0.0.0, Culture=neutral, PublicKeyToken=b03f5f7f11d50a3a' file path 'C:\Program Files\dotnet\sdk\8.0.200\Extensions\Microsoft.TestPlatform.Extensions.EventLogCollector.dll'
TpTrace Information: 0 : 2212, 1, 2024/04/02, 08:16:42.291, 1505293685546, vstest.console.dll, AssemblyResolver.OnResolve: Microsoft.TestPlatform.TestHostRuntimeProvider: Resolving assembly.
TpTrace Information: 0 : 2212, 1, 2024/04/02, 08:16:42.291, 1505293686549, vstest.console.dll, AssemblyResolver.OnResolve: Microsoft.TestPlatform.TestHostRuntimeProvider: Searching in: 'C:\Program Files\dotnet\sdk\8.0.200\Extensions'.
TpTrace Information: 0 : 2212, 1, 2024/04/02, 08:16:42.292, 1505293694318, vstest.console.dll, AssemblyResolver.OnResolve: Microsoft.TestPlatform.TestHostRuntimeProvider: Loading assembly 'C:\Program Files\dotnet\sdk\8.0.200\Extensions\Microsoft.TestPlatform.TestHostRuntimeProvider.dll'.
TpTrace Information: 0 : 2212, 1, 2024/04/02, 08:16:42.293, 1505293704219, vstest.console.dll, AssemblyResolver.OnResolve: Resolved assembly: Microsoft.TestPlatform.TestHostRuntimeProvider, from path: C:\Program Files\dotnet\sdk\8.0.200\Extensions\Microsoft.TestPlatform.TestHostRuntimeProvider.dll
TpTrace Verbose: 0 : 2212, 1, 2024/04/02, 08:16:42.293, 1505293704968, vstest.console.dll, MetadataReaderExtensionsHelper: Discovering extensions inside assembly 'Microsoft.TestPlatform.TestHostRuntimeProvider, Version=15.0.0.0, Culture=neutral, PublicKeyToken=b03f5f7f11d50a3a' file path 'C:\Program Files\dotnet\sdk\8.0.200\Extensions\Microsoft.TestPlatform.TestHostRuntimeProvider.dll'
TpTrace Information: 0 : 2212, 1, 2024/04/02, 08:16:42.295, 1505293723631, vstest.console.dll, GetTestExtensionFromType: Register extension with identifier data 'HostProvider://DefaultTestHost' and type 'Microsoft.VisualStudio.TestPlatform.CrossPlatEngine.Hosting.DefaultTestHostManager, Microsoft.TestPlatform.TestHostRuntimeProvider, Version=15.0.0.0, Culture=neutral, PublicKeyToken=b03f5f7f11d50a3a' inside file 'C:\Program Files\dotnet\sdk\8.0.200\Extensions\Microsoft.TestPlatform.TestHostRuntimeProvider.dll'
TpTrace Information: 0 : 2212, 1, 2024/04/02, 08:16:42.295, 1505293726003, vstest.console.dll, GetTestExtensionFromType: Register extension with identifier data 'HostProvider://DotnetTestHost' and type 'Microsoft.VisualStudio.TestPlatform.CrossPlatEngine.Hosting.DotnetTestHostManager, Microsoft.TestPlatform.TestHostRuntimeProvider, Version=15.0.0.0, Culture=neutral, PublicKeyToken=b03f5f7f11d50a3a' inside file 'C:\Program Files\dotnet\sdk\8.0.200\Extensions\Microsoft.TestPlatform.TestHostRuntimeProvider.dll'
TpTrace Information: 0 : 2212, 1, 2024/04/02, 08:16:42.295, 1505293726781, vstest.console.dll, AssemblyResolver.OnResolve: Microsoft.VisualStudio.TestPlatform.Extensions.Html.TestLogger: Resolving assembly.
TpTrace Information: 0 : 2212, 1, 2024/04/02, 08:16:42.295, 1505293727228, vstest.console.dll, AssemblyResolver.OnResolve: Microsoft.VisualStudio.TestPlatform.Extensions.Html.TestLogger: Searching in: 'C:\Program Files\dotnet\sdk\8.0.200\Extensions'.
TpTrace Information: 0 : 2212, 1, 2024/04/02, 08:16:42.296, 1505293734611, vstest.console.dll, AssemblyResolver.OnResolve: Microsoft.VisualStudio.TestPlatform.Extensions.Html.TestLogger: Loading assembly 'C:\Program Files\dotnet\sdk\8.0.200\Extensions\Microsoft.VisualStudio.TestPlatform.Extensions.Html.TestLogger.dll'.
TpTrace Information: 0 : 2212, 1, 2024/04/02, 08:16:42.297, 1505293742140, vstest.console.dll, AssemblyResolver.OnResolve: Resolved assembly: Microsoft.VisualStudio.TestPlatform.Extensions.Html.TestLogger, from path: C:\Program Files\dotnet\sdk\8.0.200\Extensions\Microsoft.VisualStudio.TestPlatform.Extensions.Html.TestLogger.dll
TpTrace Verbose: 0 : 2212, 1, 2024/04/02, 08:16:42.297, 1505293742935, vstest.console.dll, MetadataReaderExtensionsHelper: Discovering extensions inside assembly 'Microsoft.VisualStudio.TestPlatform.Extensions.Html.TestLogger, Version=15.0.0.0, Culture=neutral, PublicKeyToken=b03f5f7f11d50a3a' file path 'C:\Program Files\dotnet\sdk\8.0.200\Extensions\Microsoft.VisualStudio.TestPlatform.Extensions.Html.TestLogger.dll'
TpTrace Information: 0 : 2212, 1, 2024/04/02, 08:16:42.298, 1505293753493, vstest.console.dll, AssemblyResolver.OnResolve: Microsoft.VisualStudio.TestPlatform.Extensions.Trx.TestLogger: Resolving assembly.
TpTrace Information: 0 : 2212, 1, 2024/04/02, 08:16:42.298, 1505293754178, vstest.console.dll, AssemblyResolver.OnResolve: Microsoft.VisualStudio.TestPlatform.Extensions.Trx.TestLogger: Searching in: 'C:\Program Files\dotnet\sdk\8.0.200\Extensions'.
TpTrace Information: 0 : 2212, 1, 2024/04/02, 08:16:42.299, 1505293768135, vstest.console.dll, AssemblyResolver.OnResolve: Microsoft.VisualStudio.TestPlatform.Extensions.Trx.TestLogger: Loading assembly 'C:\Program Files\dotnet\sdk\8.0.200\Extensions\Microsoft.VisualStudio.TestPlatform.Extensions.Trx.TestLogger.dll'.
TpTrace Information: 0 : 2212, 1, 2024/04/02, 08:16:42.301, 1505293782028, vstest.console.dll, AssemblyResolver.OnResolve: Resolved assembly: Microsoft.VisualStudio.TestPlatform.Extensions.Trx.TestLogger, from path: C:\Program Files\dotnet\sdk\8.0.200\Extensions\Microsoft.VisualStudio.TestPlatform.Extensions.Trx.TestLogger.dll
TpTrace Verbose: 0 : 2212, 1, 2024/04/02, 08:16:42.301, 1505293782751, vstest.console.dll, MetadataReaderExtensionsHelper: Discovering extensions inside assembly 'Microsoft.VisualStudio.TestPlatform.Extensions.Trx.TestLogger, Version=15.0.0.0, Culture=neutral, PublicKeyToken=b03f5f7f11d50a3a' file path 'C:\Program Files\dotnet\sdk\8.0.200\Extensions\Microsoft.VisualStudio.TestPlatform.Extensions.Trx.TestLogger.dll'
TpTrace Verbose: 0 : 2212, 1, 2024/04/02, 08:16:42.302, 1505293795850, vstest.console.dll, TestPluginCache: Discovered the extensions using extension path ''.
TpTrace Verbose: 0 : 2212, 1, 2024/04/02, 08:16:42.302, 1505293796523, vstest.console.dll, TestPluginCache: Discoverers are ''.
TpTrace Verbose: 0 : 2212, 1, 2024/04/02, 08:16:42.302, 1505293796823, vstest.console.dll, TestPluginCache: Executors are ''.
TpTrace Verbose: 0 : 2212, 1, 2024/04/02, 08:16:42.302, 1505293797071, vstest.console.dll, TestPluginCache: Executors2 are ''.
TpTrace Verbose: 0 : 2212, 1, 2024/04/02, 08:16:42.302, 1505293797307, vstest.console.dll, TestPluginCache: Setting providers are ''.
TpTrace Verbose: 0 : 2212, 1, 2024/04/02, 08:16:42.302, 1505293797540, vstest.console.dll, TestPluginCache: Loggers are ''.
TpTrace Verbose: 0 : 2212, 1, 2024/04/02, 08:16:42.302, 1505293798238, vstest.console.dll, TestPluginCache: TestHosts are 'HostProvider://DefaultTestHost,HostProvider://DotnetTestHost'.
TpTrace Verbose: 0 : 2212, 1, 2024/04/02, 08:16:42.302, 1505293798517, vstest.console.dll, TestPluginCache: DataCollectors are ''.
TpTrace Information: 0 : 2212, 1, 2024/04/02, 08:16:42.328, 1505294054790, vstest.console.dll, RunTestsArgumentProcessor:Execute: Test run is starting.
TpTrace Verbose: 0 : 2212, 1, 2024/04/02, 08:16:42.328, 1505294055840, vstest.console.dll, RunTestsArgumentProcessor:Execute: Queuing Test run.
TpTrace Information: 0 : 2212, 1, 2024/04/02, 08:16:42.328, 1505294057752, vstest.console.dll, TestRequestManager.RunTests: run tests started.
TpTrace Information: 0 : 2212, 1, 2024/04/02, 08:16:42.330, 1505294068969, vstest.console.dll, AssemblyMetadataProvider.GetFrameworkName: Determined framework:'.NETCoreApp,Version=v8.0' for source: 'C:\Theotim\EPSI\Csharp\Salle-Theotim\Salle-TheotimTests\bin\Debug\net8.0\fine-code-coverage\build-output\SalleTheotimTests.dll'
TpTrace Information: 0 : 2212, 1, 2024/04/02, 08:16:42.330, 1505294070731, vstest.console.dll, Determined framework for all sources: .NETCoreApp,Version=v8.0
TpTrace Verbose: 0 : 2212, 1, 2024/04/02, 08:16:42.330, 1505294073691, vstest.console.dll, TestRequestManager.UpdateRunSettingsIfRequired: Default architecture: X64 IsDefaultTargetArchitecture: True, Current process architecture: X64 OperatingSystem: Windows.
TpTrace Information: 0 : 2212, 1, 2024/04/02, 08:16:42.331, 1505294087302, vstest.console.dll, AssemblyMetadataProvider.GetArchitecture: Determined architecture:AnyCPU info for assembly: C:\Theotim\EPSI\Csharp\Salle-Theotim\Salle-TheotimTests\bin\Debug\net8.0\fine-code-coverage\build-output\SalleTheotimTests.dll
TpTrace Information: 0 : 2212, 1, 2024/04/02, 08:16:42.331, 1505294087770, vstest.console.dll, Determined platform for source 'C:\Theotim\EPSI\Csharp\Salle-Theotim\Salle-TheotimTests\bin\Debug\net8.0\fine-code-coverage\build-output\SalleTheotimTests.dll' was AnyCPU and it will use the default plaform X64.
TpTrace Information: 0 : 2212, 1, 2024/04/02, 08:16:42.331, 1505294088011, vstest.console.dll, None of the sources provided any runnable platform, using the default platform: X64
TpTrace Information: 0 : 2212, 1, 2024/04/02, 08:16:42.331, 1505294088800, vstest.console.dll, Platform was updated to 'X64'.
TpTrace Information: 0 : 2212, 1, 2024/04/02, 08:16:42.335, 1505294127972, vstest.console.dll, InferRunSettingsHelper.IsTestSettingsEnabled: Unable to navigate to RunSettings/MSTest. Current node: RunSettings
TpTrace Information: 0 : 2212, 1, 2024/04/02, 08:16:42.336, 1505294133475, vstest.console.dll, AssemblyResolver.OnResolve: Microsoft.VisualStudio.TestPlatform.Fakes: Resolving assembly.
TpTrace Information: 0 : 2212, 1, 2024/04/02, 08:16:42.336, 1505294134098, vstest.console.dll, AssemblyResolver.OnResolve: Microsoft.VisualStudio.TestPlatform.Fakes: Searching in: 'C:\Program Files\dotnet\sdk\8.0.200\Extensions'.
TpTrace Information: 0 : 2212, 1, 2024/04/02, 08:16:42.336, 1505294135011, vstest.console.dll, AssemblyResolver.OnResolve: Microsoft.VisualStudio.TestPlatform.Fakes: Assembly path does not exist: 'C:\Program Files\dotnet\sdk\8.0.200\Extensions\Microsoft.VisualStudio.TestPlatform.Fakes.dll', returning.
TpTrace Information: 0 : 2212, 1, 2024/04/02, 08:16:42.336, 1505294135602, vstest.console.dll, AssemblyResolver.OnResolve: Microsoft.VisualStudio.TestPlatform.Fakes: Assembly path does not exist: 'C:\Program Files\dotnet\sdk\8.0.200\Extensions\Microsoft.VisualStudio.TestPlatform.Fakes.exe', returning.
TpTrace Information: 0 : 2212, 1, 2024/04/02, 08:16:42.336, 1505294135890, vstest.console.dll, AssemblyResolver.OnResolve: Microsoft.VisualStudio.TestPlatform.Fakes: Searching in: 'C:\Program Files\dotnet\sdk\8.0.200'.
TpTrace Information: 0 : 2212, 1, 2024/04/02, 08:16:42.336, 1505294136470, vstest.console.dll, AssemblyResolver.OnResolve: Microsoft.VisualStudio.TestPlatform.Fakes: Assembly path does not exist: 'C:\Program Files\dotnet\sdk\8.0.200\Microsoft.VisualStudio.TestPlatform.Fakes.dll', returning.
TpTrace Information: 0 : 2212, 1, 2024/04/02, 08:16:42.336, 1505294137022, vstest.console.dll, AssemblyResolver.OnResolve: Microsoft.VisualStudio.TestPlatform.Fakes: Assembly path does not exist: 'C:\Program Files\dotnet\sdk\8.0.200\Microsoft.VisualStudio.TestPlatform.Fakes.exe', returning.
TpTrace Information: 0 : 2212, 1, 2024/04/02, 08:16:42.336, 1505294137301, vstest.console.dll, AssemblyResolver.OnResolve: Microsoft.VisualStudio.TestPlatform.Fakes: Failed to load assembly.
TpTrace Information: 0 : 2212, 1, 2024/04/02, 08:16:42.337, 1505294139586, vstest.console.dll, Failed to load assembly Microsoft.VisualStudio.TestPlatform.Fakes, Version=17.0.0.0, Culture=neutral. Reason:System.IO.FileNotFoundException: Could not load file or assembly 'Microsoft.VisualStudio.TestPlatform.Fakes, Version=17.0.0.0, Culture=neutral, PublicKeyToken=null'. Le fichier spécifié est introuvable.
File name: 'Microsoft.VisualStudio.TestPlatform.Fakes, Version=17.0.0.0, Culture=neutral, PublicKeyToken=null'
   at System.Reflection.RuntimeAssembly.InternalLoad(AssemblyName assemblyName, StackCrawlMark& stackMark, AssemblyLoadContext assemblyLoadContext, RuntimeAssembly requestingAssembly, Boolean throwOnFileNotFound)
   at System.Reflection.Assembly.Load(AssemblyName assemblyRef)
   at Microsoft.VisualStudio.TestPlatform.Common.Utilities.FakesUtilities.LoadTestPlatformAssembly() in /_/src/Microsoft.TestPlatform.Common/Utilities/FakesUtilities.cs:line 272
TpTrace Verbose: 0 : 2212, 1, 2024/04/02, 08:16:42.341, 1505294180034, vstest.console.dll, TestPluginCache.DiscoverTestExtensions: finding test extensions in assemblies ends with: TestLogger.dll TPluginInfo: Microsoft.VisualStudio.TestPlatform.Common.ExtensionFramework.Utilities.TestLoggerPluginInformation TExtension: Microsoft.VisualStudio.TestPlatform.ObjectModel.Client.ITestLogger
TpTrace Verbose: 0 : 2212, 1, 2024/04/02, 08:16:42.341, 1505294181326, vstest.console.dll, TestPluginCache.GetExtensionPaths: Filtered extension paths: 
TpTrace Verbose: 0 : 2212, 1, 2024/04/02, 08:16:42.341, 1505294181824, vstest.console.dll, TestPluginCache.GetExtensionPaths: Added default extension paths: C:\Program Files\dotnet\sdk\8.0.200\Extensions\Microsoft.Diagnostics.NETCore.Client.dll
C:\Program Files\dotnet\sdk\8.0.200\Extensions\Microsoft.TestPlatform.Extensions.BlameDataCollector.dll
C:\Program Files\dotnet\sdk\8.0.200\Extensions\Microsoft.TestPlatform.Extensions.EventLogCollector.dll
C:\Program Files\dotnet\sdk\8.0.200\Extensions\Microsoft.TestPlatform.TestHostRuntimeProvider.dll
C:\Program Files\dotnet\sdk\8.0.200\Extensions\Microsoft.VisualStudio.TestPlatform.Extensions.Html.TestLogger.dll
C:\Program Files\dotnet\sdk\8.0.200\Extensions\Microsoft.VisualStudio.TestPlatform.Extensions.Trx.TestLogger.dll
TpTrace Verbose: 0 : 2212, 1, 2024/04/02, 08:16:42.341, 1505294182067, vstest.console.dll, TestPluginCache.GetExtensionPaths: Added unfilterableExtensionPaths: 
TpTrace Information: 0 : 2212, 1, 2024/04/02, 08:16:42.341, 1505294183614, vstest.console.dll, AssemblyResolver.AddSearchDirectories: Adding more searchDirectories C:\Program Files\dotnet\sdk\8.0.200\Extensions,C:\Program Files\dotnet\sdk\8.0.200
TpTrace Verbose: 0 : 2212, 1, 2024/04/02, 08:16:42.341, 1505294184130, vstest.console.dll, TestPluginCache.DiscoverTestExtensions: Discovering the extensions using extension path.
TpTrace Verbose: 0 : 2212, 1, 2024/04/02, 08:16:42.341, 1505294184463, vstest.console.dll, TestPluginCache.GetExtensionPaths: Filtered extension paths: 
TpTrace Verbose: 0 : 2212, 1, 2024/04/02, 08:16:42.341, 1505294184756, vstest.console.dll, TestPluginCache.GetExtensionPaths: Added default extension paths: C:\Program Files\dotnet\sdk\8.0.200\Extensions\Microsoft.Diagnostics.NETCore.Client.dll
C:\Program Files\dotnet\sdk\8.0.200\Extensions\Microsoft.TestPlatform.Extensions.BlameDataCollector.dll
C:\Program Files\dotnet\sdk\8.0.200\Extensions\Microsoft.TestPlatform.Extensions.EventLogCollector.dll
C:\Program Files\dotnet\sdk\8.0.200\Extensions\Microsoft.TestPlatform.TestHostRuntimeProvider.dll
C:\Program Files\dotnet\sdk\8.0.200\Extensions\Microsoft.VisualStudio.TestPlatform.Extensions.Html.TestLogger.dll
C:\Program Files\dotnet\sdk\8.0.200\Extensions\Microsoft.VisualStudio.TestPlatform.Extensions.Trx.TestLogger.dll
TpTrace Verbose: 0 : 2212, 1, 2024/04/02, 08:16:42.341, 1505294184993, vstest.console.dll, TestPluginCache.GetExtensionPaths: Added unfilterableExtensionPaths: 
TpTrace Verbose: 0 : 2212, 1, 2024/04/02, 08:16:42.341, 1505294185282, vstest.console.dll, TestPluginCache.DiscoverTestExtensions: Discovering the extensions using allExtensionPaths: C:\Program Files\dotnet\sdk\8.0.200\Extensions\Microsoft.Diagnostics.NETCore.Client.dll
C:\Program Files\dotnet\sdk\8.0.200\Extensions\Microsoft.TestPlatform.Extensions.BlameDataCollector.dll
C:\Program Files\dotnet\sdk\8.0.200\Extensions\Microsoft.TestPlatform.Extensions.EventLogCollector.dll
C:\Program Files\dotnet\sdk\8.0.200\Extensions\Microsoft.TestPlatform.TestHostRuntimeProvider.dll
C:\Program Files\dotnet\sdk\8.0.200\Extensions\Microsoft.VisualStudio.TestPlatform.Extensions.Html.TestLogger.dll
C:\Program Files\dotnet\sdk\8.0.200\Extensions\Microsoft.VisualStudio.TestPlatform.Extensions.Trx.TestLogger.dll
TpTrace Information: 0 : 2212, 1, 2024/04/02, 08:16:42.341, 1505294185776, vstest.console.dll, AssemblyResolver.AddSearchDirectories: Adding more searchDirectories C:\Program Files\dotnet\sdk\8.0.200\Extensions,C:\Program Files\dotnet\sdk\8.0.200
TpTrace Information: 0 : 2212, 1, 2024/04/02, 08:16:42.341, 1505294186125, vstest.console.dll, AssemblyResolver.AddSearchDirectories: Adding more searchDirectories C:\Program Files\dotnet\sdk\8.0.200\Extensions,C:\Program Files\dotnet\sdk\8.0.200
TpTrace Information: 0 : 2212, 1, 2024/04/02, 08:16:42.341, 1505294186398, vstest.console.dll, AssemblyResolver.AddSearchDirectories: Adding more searchDirectories C:\Program Files\dotnet\sdk\8.0.200\Extensions,C:\Program Files\dotnet\sdk\8.0.200
TpTrace Information: 0 : 2212, 1, 2024/04/02, 08:16:42.341, 1505294186656, vstest.console.dll, AssemblyResolver.AddSearchDirectories: Adding more searchDirectories C:\Program Files\dotnet\sdk\8.0.200\Extensions,C:\Program Files\dotnet\sdk\8.0.200
TpTrace Information: 0 : 2212, 1, 2024/04/02, 08:16:42.341, 1505294186909, vstest.console.dll, AssemblyResolver.AddSearchDirectories: Adding more searchDirectories C:\Program Files\dotnet\sdk\8.0.200\Extensions,C:\Program Files\dotnet\sdk\8.0.200
TpTrace Information: 0 : 2212, 1, 2024/04/02, 08:16:42.341, 1505294187263, vstest.console.dll, AssemblyResolver.AddSearchDirectories: Adding more searchDirectories C:\Program Files\dotnet\sdk\8.0.200\Extensions,C:\Program Files\dotnet\sdk\8.0.200
TpTrace Verbose: 0 : 2212, 1, 2024/04/02, 08:16:42.341, 1505294188463, vstest.console.dll, MetadataReaderExtensionsHelper: Discovering extensions inside assembly 'Microsoft.Diagnostics.NETCore.Client, Version=0.2.9.2401, Culture=neutral, PublicKeyToken=31bf3856ad364e35' file path 'C:\Program Files\dotnet\sdk\8.0.200\Extensions\Microsoft.Diagnostics.NETCore.Client.dll'
TpTrace Information: 0 : 2212, 1, 2024/04/02, 08:16:42.342, 1505294198209, vstest.console.dll, AssemblyResolver.OnResolve: Microsoft.Bcl.AsyncInterfaces: Resolving assembly.
TpTrace Information: 0 : 2212, 1, 2024/04/02, 08:16:42.342, 1505294198680, vstest.console.dll, AssemblyResolver.OnResolve: Microsoft.Bcl.AsyncInterfaces: Resolved from cache.
TpTrace Verbose: 0 : 2212, 1, 2024/04/02, 08:16:42.343, 1505294198927, vstest.console.dll, CurrentDomainAssemblyResolve: Resolving assembly 'Microsoft.Bcl.AsyncInterfaces'.
TpTrace Information: 0 : 2212, 1, 2024/04/02, 08:16:42.343, 1505294199291, vstest.console.dll, AssemblyResolver.OnResolve: Microsoft.Bcl.AsyncInterfaces: Resolving assembly.
TpTrace Information: 0 : 2212, 1, 2024/04/02, 08:16:42.343, 1505294199523, vstest.console.dll, AssemblyResolver.OnResolve: Microsoft.Bcl.AsyncInterfaces: Resolved from cache.
TpTrace Verbose: 0 : 2212, 1, 2024/04/02, 08:16:42.343, 1505294199796, vstest.console.dll, CurrentDomainAssemblyResolve: Resolving assembly 'Microsoft.Bcl.AsyncInterfaces'.
TpTrace Verbose: 0 : 2212, 1, 2024/04/02, 08:16:42.343, 1505294200004, vstest.console.dll, CurrentDomainAssemblyResolve: Failed to resolve assembly 'Microsoft.Bcl.AsyncInterfaces'.
TpTrace Verbose: 0 : 2212, 1, 2024/04/02, 08:16:42.343, 1505294201182, vstest.console.dll, CurrentDomainAssemblyResolve: Failed to resolve assembly 'Microsoft.Bcl.AsyncInterfaces'.
TpTrace Warning: 0 : 2212, 1, 2024/04/02, 08:16:42.343, 1505294204080, vstest.console.dll, TestPluginDiscoverer: Failed to get types from assembly 'Microsoft.Diagnostics.NETCore.Client, Version=0.2.9.2401, Culture=neutral, PublicKeyToken=31bf3856ad364e35'. Error: System.Reflection.ReflectionTypeLoadException: Unable to load one or more of the requested types.
Could not load file or assembly 'Microsoft.Bcl.AsyncInterfaces, Version=6.0.0.0, Culture=neutral, PublicKeyToken=cc7b13ffcd2ddd51'. Le fichier spécifié est introuvable.
   at System.Reflection.RuntimeModule.GetTypes(RuntimeModule module)
   at System.Reflection.RuntimeModule.GetTypes()
   at Microsoft.VisualStudio.TestPlatform.Common.ExtensionFramework.TestPluginDiscoverer.GetTestExtensionsFromAssembly[TPluginInfo,TExtension](Assembly assembly, Dictionary`2 pluginInfos, String filePath) in /_/src/Microsoft.TestPlatform.Common/ExtensionFramework/TestPluginDiscoverer.cs:line 158
System.IO.FileNotFoundException: Could not load file or assembly 'Microsoft.Bcl.AsyncInterfaces, Version=6.0.0.0, Culture=neutral, PublicKeyToken=cc7b13ffcd2ddd51'. Le fichier spécifié est introuvable.
File name: 'Microsoft.Bcl.AsyncInterfaces, Version=6.0.0.0, Culture=neutral, PublicKeyToken=cc7b13ffcd2ddd51'
 ---> System.IO.FileNotFoundException: Could not load file or assembly 'Microsoft.Bcl.AsyncInterfaces, Culture=neutral, PublicKeyToken=null'. Le fichier spécifié est introuvable.
File name: 'Microsoft.Bcl.AsyncInterfaces, Culture=neutral, PublicKeyToken=null'
   at System.Reflection.RuntimeAssembly.InternalLoad(AssemblyName assemblyName, StackCrawlMark& stackMark, AssemblyLoadContext assemblyLoadContext, RuntimeAssembly requestingAssembly, Boolean throwOnFileNotFound)
   at System.Reflection.Assembly.Load(AssemblyName assemblyRef)
   at Microsoft.VisualStudio.TestPlatform.Common.ExtensionFramework.TestPluginCache.CurrentDomainAssemblyResolve(Object sender, AssemblyResolveEventArgs args) in /_/src/Microsoft.TestPlatform.Common/ExtensionFramework/TestPluginCache.cs:line 513
   at System.Runtime.Loader.AssemblyLoadContext.GetFirstResolvedAssemblyFromResolvingEvent(AssemblyName assemblyName)
   at System.Runtime.Loader.AssemblyLoadContext.ResolveUsingEvent(AssemblyName assemblyName)
   at System.Runtime.Loader.AssemblyLoadContext.ResolveUsingResolvingEvent(IntPtr gchManagedAssemblyLoadContext, AssemblyName assemblyName)
TpTrace Warning: 0 : 2212, 1, 2024/04/02, 08:16:42.343, 1505294205384, vstest.console.dll, LoaderExceptions: System.IO.FileNotFoundException: Could not load file or assembly 'Microsoft.Bcl.AsyncInterfaces, Version=6.0.0.0, Culture=neutral, PublicKeyToken=cc7b13ffcd2ddd51'. Le fichier spécifié est introuvable.
File name: 'Microsoft.Bcl.AsyncInterfaces, Version=6.0.0.0, Culture=neutral, PublicKeyToken=cc7b13ffcd2ddd51'
 ---> System.IO.FileNotFoundException: Could not load file or assembly 'Microsoft.Bcl.AsyncInterfaces, Culture=neutral, PublicKeyToken=null'. Le fichier spécifié est introuvable.
File name: 'Microsoft.Bcl.AsyncInterfaces, Culture=neutral, PublicKeyToken=null'
   at System.Reflection.RuntimeAssembly.InternalLoad(AssemblyName assemblyName, StackCrawlMark& stackMark, AssemblyLoadContext assemblyLoadContext, RuntimeAssembly requestingAssembly, Boolean throwOnFileNotFound)
   at System.Reflection.Assembly.Load(AssemblyName assemblyRef)
   at Microsoft.VisualStudio.TestPlatform.Common.ExtensionFramework.TestPluginCache.CurrentDomainAssemblyResolve(Object sender, AssemblyResolveEventArgs args) in /_/src/Microsoft.TestPlatform.Common/ExtensionFramework/TestPluginCache.cs:line 513
   at System.Runtime.Loader.AssemblyLoadContext.GetFirstResolvedAssemblyFromResolvingEvent(AssemblyName assemblyName)
   at System.Runtime.Loader.AssemblyLoadContext.ResolveUsingEvent(AssemblyName assemblyName)
   at System.Runtime.Loader.AssemblyLoadContext.ResolveUsingResolvingEvent(IntPtr gchManagedAssemblyLoadContext, AssemblyName assemblyName)
TpTrace Verbose: 0 : 2212, 1, 2024/04/02, 08:16:42.343, 1505294206011, vstest.console.dll, MetadataReaderExtensionsHelper: Discovering extensions inside assembly 'Microsoft.TestPlatform.Extensions.BlameDataCollector, Version=15.0.0.0, Culture=neutral, PublicKeyToken=b03f5f7f11d50a3a' file path 'C:\Program Files\dotnet\sdk\8.0.200\Extensions\Microsoft.TestPlatform.Extensions.BlameDataCollector.dll'
TpTrace Information: 0 : 2212, 1, 2024/04/02, 08:16:42.344, 1505294212432, vstest.console.dll, GetTestExtensionFromType: Register extension with identifier data 'logger://Microsoft/TestPlatform/Extensions/Blame/v1' and type 'Microsoft.TestPlatform.Extensions.BlameDataCollector.BlameLogger, Microsoft.TestPlatform.Extensions.BlameDataCollector, Version=15.0.0.0, Culture=neutral, PublicKeyToken=b03f5f7f11d50a3a' inside file 'C:\Program Files\dotnet\sdk\8.0.200\Extensions\Microsoft.TestPlatform.Extensions.BlameDataCollector.dll'
TpTrace Verbose: 0 : 2212, 1, 2024/04/02, 08:16:42.344, 1505294212954, vstest.console.dll, MetadataReaderExtensionsHelper: Discovering extensions inside assembly 'Microsoft.TestPlatform.Extensions.EventLogCollector, Version=15.0.0.0, Culture=neutral, PublicKeyToken=b03f5f7f11d50a3a' file path 'C:\Program Files\dotnet\sdk\8.0.200\Extensions\Microsoft.TestPlatform.Extensions.EventLogCollector.dll'
TpTrace Verbose: 0 : 2212, 1, 2024/04/02, 08:16:42.344, 1505294217714, vstest.console.dll, MetadataReaderExtensionsHelper: Discovering extensions inside assembly 'Microsoft.TestPlatform.TestHostRuntimeProvider, Version=15.0.0.0, Culture=neutral, PublicKeyToken=b03f5f7f11d50a3a' file path 'C:\Program Files\dotnet\sdk\8.0.200\Extensions\Microsoft.TestPlatform.TestHostRuntimeProvider.dll'
TpTrace Verbose: 0 : 2212, 1, 2024/04/02, 08:16:42.345, 1505294222631, vstest.console.dll, MetadataReaderExtensionsHelper: Discovering extensions inside assembly 'Microsoft.VisualStudio.TestPlatform.Extensions.Html.TestLogger, Version=15.0.0.0, Culture=neutral, PublicKeyToken=b03f5f7f11d50a3a' file path 'C:\Program Files\dotnet\sdk\8.0.200\Extensions\Microsoft.VisualStudio.TestPlatform.Extensions.Html.TestLogger.dll'
TpTrace Information: 0 : 2212, 1, 2024/04/02, 08:16:42.346, 1505294229272, vstest.console.dll, GetTestExtensionFromType: Register extension with identifier data 'logger://Microsoft/TestPlatform/HtmlLogger/v1' and type 'Microsoft.VisualStudio.TestPlatform.Extensions.HtmlLogger.HtmlLogger, Microsoft.VisualStudio.TestPlatform.Extensions.Html.TestLogger, Version=15.0.0.0, Culture=neutral, PublicKeyToken=b03f5f7f11d50a3a' inside file 'C:\Program Files\dotnet\sdk\8.0.200\Extensions\Microsoft.VisualStudio.TestPlatform.Extensions.Html.TestLogger.dll'
TpTrace Verbose: 0 : 2212, 1, 2024/04/02, 08:16:42.346, 1505294229831, vstest.console.dll, MetadataReaderExtensionsHelper: Discovering extensions inside assembly 'Microsoft.VisualStudio.TestPlatform.Extensions.Trx.TestLogger, Version=15.0.0.0, Culture=neutral, PublicKeyToken=b03f5f7f11d50a3a' file path 'C:\Program Files\dotnet\sdk\8.0.200\Extensions\Microsoft.VisualStudio.TestPlatform.Extensions.Trx.TestLogger.dll'
TpTrace Information: 0 : 2212, 1, 2024/04/02, 08:16:42.346, 1505294235170, vstest.console.dll, GetTestExtensionFromType: Register extension with identifier data 'logger://Microsoft/TestPlatform/TrxLogger/v1' and type 'Microsoft.VisualStudio.TestPlatform.Extensions.TrxLogger.TrxLogger, Microsoft.VisualStudio.TestPlatform.Extensions.Trx.TestLogger, Version=15.0.0.0, Culture=neutral, PublicKeyToken=b03f5f7f11d50a3a' inside file 'C:\Program Files\dotnet\sdk\8.0.200\Extensions\Microsoft.VisualStudio.TestPlatform.Extensions.Trx.TestLogger.dll'
TpTrace Verbose: 0 : 2212, 1, 2024/04/02, 08:16:42.346, 1505294235799, vstest.console.dll, TestPluginCache: Discovered the extensions using extension path ''.
TpTrace Verbose: 0 : 2212, 1, 2024/04/02, 08:16:42.346, 1505294236092, vstest.console.dll, TestPluginCache: Discoverers are ''.
TpTrace Verbose: 0 : 2212, 1, 2024/04/02, 08:16:42.346, 1505294236293, vstest.console.dll, TestPluginCache: Executors are ''.
TpTrace Verbose: 0 : 2212, 1, 2024/04/02, 08:16:42.346, 1505294236476, vstest.console.dll, TestPluginCache: Executors2 are ''.
TpTrace Verbose: 0 : 2212, 1, 2024/04/02, 08:16:42.346, 1505294236655, vstest.console.dll, TestPluginCache: Setting providers are ''.
TpTrace Verbose: 0 : 2212, 1, 2024/04/02, 08:16:42.346, 1505294237159, vstest.console.dll, TestPluginCache: Loggers are 'logger://Microsoft/TestPlatform/Extensions/Blame/v1,logger://Microsoft/TestPlatform/HtmlLogger/v1,logger://Microsoft/TestPlatform/TrxLogger/v1'.
TpTrace Verbose: 0 : 2212, 1, 2024/04/02, 08:16:42.346, 1505294237448, vstest.console.dll, TestPluginCache: TestHosts are 'HostProvider://DefaultTestHost,HostProvider://DotnetTestHost'.
TpTrace Verbose: 0 : 2212, 1, 2024/04/02, 08:16:42.346, 1505294237689, vstest.console.dll, TestPluginCache: DataCollectors are ''.
TpTrace Information: 0 : 2212, 1, 2024/04/02, 08:16:42.347, 1505294244334, vstest.console.dll, TestPluginManager.CreateTestExtension: Attempting to load test extension: Microsoft.TestPlatform.Extensions.BlameDataCollector.BlameLogger
TpTrace Verbose: 0 : 2212, 1, 2024/04/02, 08:16:42.358, 1505294350005, vstest.console.dll, TestEngine: Initializing Parallel Execution as MaxCpuCount is set to: 1
TpTrace Information: 0 : 2212, 1, 2024/04/02, 08:16:42.359, 1505294363977, vstest.console.dll, TestPluginManager.CreateTestExtension: Attempting to load test extension: Microsoft.VisualStudio.TestPlatform.CrossPlatEngine.Hosting.DefaultTestHostManager
TpTrace Information: 0 : 2212, 1, 2024/04/02, 08:16:42.360, 1505294374732, vstest.console.dll, TestPluginManager.CreateTestExtension: Attempting to load test extension: Microsoft.VisualStudio.TestPlatform.CrossPlatEngine.Hosting.DotnetTestHostManager
TpTrace Information: 0 : 2212, 1, 2024/04/02, 08:16:42.361, 1505294379669, vstest.console.dll, InferRunSettingsHelper.IsTestSettingsEnabled: Unable to navigate to RunSettings/MSTest. Current node: RunSettings
TpTrace Verbose: 0 : 2212, 1, 2024/04/02, 08:16:42.361, 1505294386537, vstest.console.dll, ParallelOperationManager.ClearSlots: Clearing all slots. Slots should accept more work: True
TpTrace Verbose: 0 : 2212, 1, 2024/04/02, 08:16:42.362, 1505294391987, vstest.console.dll, ParallelOperationManager.SetOccupiedSlotCount: Setting slot counts AvailableSlotCount = 3, OccupiedSlotCount = 0.
TpTrace Verbose: 0 : 2212, 1, 2024/04/02, 08:16:42.362, 1505294394470, vstest.console.dll, Occupied slots:

TpTrace Verbose: 0 : 2212, 1, 2024/04/02, 08:16:42.365, 1505294427746, vstest.console.dll, TestEngine.GetExecutionManager: Chosen execution manager 'Microsoft.VisualStudio.TestPlatform.CrossPlatEngine.Client.Parallel.ParallelProxyExecutionManager, Microsoft.TestPlatform.CrossPlatEngine, Version=15.0.0.0, Culture=neutral, PublicKeyToken=b03f5f7f11d50a3a' ParallelLevel '1'.
TpTrace Verbose: 0 : 2212, 1, 2024/04/02, 08:16:42.366, 1505294429769, vstest.console.dll, TestRunRequest.ExecuteAsync: Creating test run request.
TpTrace Verbose: 0 : 2212, 1, 2024/04/02, 08:16:42.366, 1505294432126, vstest.console.dll, TestRunRequest.ExecuteAsync: Starting.
TpTrace Information: 0 : 2212, 1, 2024/04/02, 08:16:42.367, 1505294442120, vstest.console.dll, TestRunRequest.ExecuteAsync: Starting run with settings:TestRunCriteria:
   KeepAlive=False,FrequencyOfRunStatsChangeEvent=10,RunStatsChangeEventTimeout=00:00:01.5000000,TestCaseFilter=,TestExecutorLauncher=
   Settingsxml=<RunSettings>
  <RunConfiguration>
    <ResultsDirectory>C:\Theotim\EPSI\Csharp\Salle-Theotim\Salle-TheotimTests\bin\Debug\net8.0\fine-code-coverage\coverage-tool-output</ResultsDirectory>
    <TargetPlatform>X64</TargetPlatform>
    <TargetFrameworkVersion>.NETCoreApp,Version=v8.0</TargetFrameworkVersion>
    <DesignMode>False</DesignMode>
    <CollectSourceInformation>False</CollectSourceInformation>
  </RunConfiguration>
  <LoggerRunSettings>
    <Loggers>
      <Logger friendlyName="blame" enabled="True" />
      <Logger friendlyName="Console" uri="logger://microsoft/TestPlatform/ConsoleLogger/v1" assemblyQualifiedName="Microsoft.VisualStudio.TestPlatform.CommandLine.Internal.ConsoleLogger, vstest.console, Version=15.0.0.0, Culture=neutral, PublicKeyToken=b03f5f7f11d50a3a" codeBase="C:\Program Files\dotnet\sdk\8.0.200\vstest.console.dll" enabled="True" />
    </Loggers>
  </LoggerRunSettings>
  <DataCollectionRunSettings>
    <DataCollectors>
      <DataCollector friendlyName="blame" enabled="True">
        <Configuration>
          <ResultsDirectory>C:\Theotim\EPSI\Csharp\Salle-Theotim\Salle-TheotimTests\bin\Debug\net8.0\fine-code-coverage\coverage-tool-output</ResultsDirectory>
        </Configuration>
      </DataCollector>
    </DataCollectors>
  </DataCollectionRunSettings>
</RunSettings>

TpTrace Verbose: 0 : 2212, 1, 2024/04/02, 08:16:42.367, 1505294442582, vstest.console.dll, TestRunRequest.ExecuteAsync: Wait for the first run request is over.
TpTrace Verbose: 0 : 2212, 1, 2024/04/02, 08:16:42.367, 1505294445939, vstest.console.dll, MulticastDelegateUtilities.SafeInvoke: TestRun.TestRunStart: Invoking callbacks was skipped because there are no subscribers.
TpTrace Verbose: 0 : 2212, 5, 2024/04/02, 08:16:42.367, 1505294447831, vstest.console.dll, MulticastDelegateUtilities.SafeInvoke: InternalTestLoggerEvents.SendTestRunStart: Invoking callback 1/1 for Microsoft.VisualStudio.TestPlatform.CommandLine.Internal.ConsoleLogger., took 0 ms.
TpTrace Verbose: 0 : 2212, 1, 2024/04/02, 08:16:42.368, 1505294454659, vstest.console.dll, ParallelProxyExecutionManager: Start execution. Total sources: 1
TpTrace Verbose: 0 : 2212, 1, 2024/04/02, 08:16:42.368, 1505294457496, vstest.console.dll, ParallelOperationManager.StartWork: Starting adding 1 workloads.
TpTrace Verbose: 0 : 2212, 1, 2024/04/02, 08:16:42.368, 1505294458029, vstest.console.dll, ParallelOperationManager.ClearSlots: Clearing all slots. Slots should accept more work: True
TpTrace Verbose: 0 : 2212, 1, 2024/04/02, 08:16:42.368, 1505294458568, vstest.console.dll, ParallelOperationManager.SetOccupiedSlotCount: Setting slot counts AvailableSlotCount = 3, OccupiedSlotCount = 0.
TpTrace Verbose: 0 : 2212, 1, 2024/04/02, 08:16:42.368, 1505294458880, vstest.console.dll, Occupied slots:

TpTrace Verbose: 0 : 2212, 1, 2024/04/02, 08:16:42.370, 1505294471049, vstest.console.dll, TestRequestSender is acting as server.
TpTrace Verbose: 0 : 2212, 1, 2024/04/02, 08:16:42.372, 1505294492939, vstest.console.dll, ParallelOperationManager.RunWorkInParallel: Adding 1 workload to slot, remaining workloads 0.
TpTrace Verbose: 0 : 2212, 1, 2024/04/02, 08:16:42.372, 1505294494092, vstest.console.dll, ParallelOperationManager.SetOccupiedSlotCount: Setting slot counts AvailableSlotCount = 2, OccupiedSlotCount = 1.
TpTrace Verbose: 0 : 2212, 1, 2024/04/02, 08:16:42.372, 1505294495292, vstest.console.dll, Occupied slots:
0: C:\Theotim\EPSI\Csharp\Salle-Theotim\Salle-TheotimTests\bin\Debug\net8.0\fine-code-coverage\build-output\SalleTheotimTests.dll
TpTrace Verbose: 0 : 2212, 1, 2024/04/02, 08:16:42.373, 1505294504288, vstest.console.dll, ParallelOperationManager.RunWorkInParallel: Started host in slot number 0 for work (source): C:\Theotim\EPSI\Csharp\Salle-Theotim\Salle-TheotimTests\bin\Debug\net8.0\fine-code-coverage\build-output\SalleTheotimTests.dll.
TpTrace Verbose: 0 : 2212, 1, 2024/04/02, 08:16:42.374, 1505294512960, vstest.console.dll, ParallelOperationManager.RunWorkInParallel: We started 1 work items, which is the max parallel level. Won't start more work.
TpTrace Verbose: 0 : 2212, 1, 2024/04/02, 08:16:42.374, 1505294513431, vstest.console.dll, ParallelOperationManager.RunWorkInParallel: We started 1 work items in here, returning True.
TpTrace Information: 0 : 2212, 1, 2024/04/02, 08:16:42.374, 1505294513729, vstest.console.dll, TestRunRequest.ExecuteAsync: Started.
TpTrace Verbose: 0 : 2212, 6, 2024/04/02, 08:16:42.374, 1505294513966, vstest.console.dll, ParallelProxyExecutionManager.StartTestRunOnConcurrentManager: Initializing uninitialized client. Started clients: 0
TpTrace Verbose: 0 : 2212, 6, 2024/04/02, 08:16:42.374, 1505294515093, vstest.console.dll, DataCollectionRequestSender.InitializeCommunication : Initialize communication. 
TpTrace Verbose: 0 : 2212, 1, 2024/04/02, 08:16:42.374, 1505294518603, vstest.console.dll, TestRunRequest.WaitForCompletion: Waiting with timeout -1.
TpTrace Information: 0 : 2212, 6, 2024/04/02, 08:16:42.385, 1505294619990, vstest.console.dll, Listening on Endpoint : 127.0.0.1:62400
TpTrace Verbose: 0 : 2212, 6, 2024/04/02, 08:16:42.398, 1505294754914, vstest.console.dll, DotnetDataCollectionLauncher: Adding  --runtimeconfig "C:\Program Files\dotnet\sdk\8.0.200\datacollector.runtimeconfig.json" in args
TpTrace Verbose: 0 : 2212, 6, 2024/04/02, 08:16:42.398, 1505294757561, vstest.console.dll, DotnetDataCollectionLauncher: Adding  --depsfile "C:\Program Files\dotnet\sdk\8.0.200\datacollector.deps.json" in args
TpTrace Verbose: 0 : 2212, 6, 2024/04/02, 08:16:42.399, 1505294759493, vstest.console.dll, DotnetDataCollectionLauncher: Full path of dotnet.exe is C:\Program Files\dotnet\dotnet.exe
TpTrace Information: 0 : 2212, 6, 2024/04/02, 08:16:42.406, 1505294836140, vstest.console.dll, ProxyDataCollectionManager.Initialize: Launched datacollector processId: 2024 port: 62400
TpTrace Information: 0 : 2212, 6, 2024/04/02, 08:16:42.406, 1505294837764, vstest.console.dll, ProxyDataCollectionManager.Initialize: waiting for connection with timeout: 90 seconds
TpTrace Verbose: 0 : 2212, 6, 2024/04/02, 08:16:42.406, 1505294838506, vstest.console.dll, DataCollectionRequestSender.WaitForRequestHandlerConnection : Waiting for connection with timeout: 90000
TpTrace Verbose: 0 : 2212, 6, 2024/04/02, 08:16:42.557, 1505296345457, vstest.console.dll, SocketCommunicationManager.WaitForClientConnection took: 150 ms, with 90000 ms timeout, and finished with True.
TpTrace Information: 0 : 2212, 8, 2024/04/02, 08:16:42.557, 1505296345402, vstest.console.dll, Using the buffer size of 16384 bytes
TpTrace Information: 0 : 2212, 8, 2024/04/02, 08:16:42.557, 1505296347111, vstest.console.dll, Accepted Client request and set the flag
TpTrace Verbose: 0 : 2212, 6, 2024/04/02, 08:16:42.557, 1505296347125, vstest.console.dll, ProxyDataCollectionManager.InvokeDataCollectionServiceAction: Starting.
TpTrace Information: 0 : 2212, 6, 2024/04/02, 08:16:42.557, 1505296348340, vstest.console.dll, ProxyDataCollectionManager.BeforeTestRunStart: Get environment variable and port for datacollector processId: 2024 port: 62400
TpTrace Verbose: 0 : 2212, 6, 2024/04/02, 08:16:42.558, 1505296349337, vstest.console.dll, DataCollectionRequestSender.SendBeforeTestRunStartAndGetResult: Send BeforeTestRunStart message with settingsXml <RunSettings><RunConfiguration><ResultsDirectory>C:\Theotim\EPSI\Csharp\Salle-Theotim\Salle-TheotimTests\bin\Debug\net8.0\fine-code-coverage\coverage-tool-output</ResultsDirectory><TargetPlatform>X64</TargetPlatform><TargetFrameworkVersion>.NETCoreApp,Version=v8.0</TargetFrameworkVersion><DesignMode>False</DesignMode><CollectSourceInformation>False</CollectSourceInformation><TestAdaptersPaths>C:\Program Files\dotnet\sdk\8.0.200\Extensions</TestAdaptersPaths></RunConfiguration><LoggerRunSettings><Loggers><Logger friendlyName="blame" enabled="True" /><Logger friendlyName="Console" uri="logger://microsoft/TestPlatform/ConsoleLogger/v1" assemblyQualifiedName="Microsoft.VisualStudio.TestPlatform.CommandLine.Internal.ConsoleLogger, vstest.console, Version=15.0.0.0, Culture=neutral, PublicKeyToken=b03f5f7f11d50a3a" codeBase="C:\Program Files\dotnet\sdk\8.0.200\vstest.console.dll" enabled="True" /></Loggers></LoggerRunSettings><DataCollectionRunSettings><DataCollectors><DataCollector friendlyName="blame" enabled="True"><Configuration><ResultsDirectory>C:\Theotim\EPSI\Csharp\Salle-Theotim\Salle-TheotimTests\bin\Debug\net8.0\fine-code-coverage\coverage-tool-output</ResultsDirectory></Configuration></DataCollector></DataCollectors></DataCollectionRunSettings></RunSettings> and sources System.Collections.Generic.List`1[System.String]: 
TpTrace Verbose: 0 : 2212, 6, 2024/04/02, 08:16:42.615, 1505296927827, vstest.console.dll, DataCollectionRequestSender.SendBeforeTestRunStartAndGetResult: Received message: (DataCollection.SendMessage) -> {"MessageType":"DataCollection.SendMessage","Payload":{"FriendlyName":null,"Uri":null,"TestCaseId":"00000000-0000-0000-0000-000000000000","Message":"Logging DataCollector Diagnostics in file: C:\\Theotim\\EPSI\\Csharp\\Salle-Theotim\\Salle-TheotimTests\\bin\\Debug\\net8.0\\fine-code-coverage\\coverage-tool-output\\diagnostics.datacollector.24-04-02_08-16-42_39790_6.log","Level":0}}
TpTrace Verbose: 0 : 2212, 6, 2024/04/02, 08:16:42.700, 1505297775966, vstest.console.dll, DataCollectionRequestSender.SendBeforeTestRunStartAndGetResult: Received message: (DataCollection.BeforeTestRunStartResult) -> {"MessageType":"DataCollection.BeforeTestRunStartResult","Payload":{"EnvironmentVariables":{},"DataCollectionEventsPort":62402}}
TpTrace Information: 0 : 2212, 6, 2024/04/02, 08:16:42.704, 1505297812038, vstest.console.dll, ProxyDataCollectionManager.BeforeTestRunStart: SendBeforeTestRunStartAndGetResult successful, env variable from datacollector:   and testhost port: 62402
TpTrace Information: 0 : 2212, 6, 2024/04/02, 08:16:42.704, 1505297812743, vstest.console.dll, ProxyDataCollectionManager.InvokeDataCollectionServiceAction: Completed.
TpTrace Verbose: 0 : 2212, 6, 2024/04/02, 08:16:42.704, 1505297813100, vstest.console.dll, ParallelProxyExecutionManager.StartTestRunOnConcurrentManager: Initializing test run. Started clients: 0
TpTrace Verbose: 0 : 2212, 6, 2024/04/02, 08:16:42.704, 1505297813809, vstest.console.dll, ProxyExecutionManager: Test host is always Lazy initialize.
TpTrace Verbose: 0 : 2212, 6, 2024/04/02, 08:16:42.704, 1505297815457, vstest.console.dll, TestRequestSender.InitializeCommunication: initialize communication. 
TpTrace Information: 0 : 2212, 6, 2024/04/02, 08:16:42.705, 1505297819517, vstest.console.dll, SocketServer.Start: Listening on endpoint : 127.0.0.1:62403
TpTrace Verbose: 0 : 2212, 6, 2024/04/02, 08:16:42.705, 1505297825647, vstest.console.dll, DotnetTestHostmanager.GetTestHostProcessStartInfo: Platform environment 'X64' target architecture 'X64' framework '.NETCoreApp,Version=v8.0' OS 'Windows'
TpTrace Verbose: 0 : 2212, 6, 2024/04/02, 08:16:42.705, 1505297827972, vstest.console.dll, DotnetTestHostmanager: Adding  --runtimeconfig "C:\Theotim\EPSI\Csharp\Salle-Theotim\Salle-TheotimTests\bin\Debug\net8.0\fine-code-coverage\build-output\SalleTheotimTests.runtimeconfig.json" in args
TpTrace Verbose: 0 : 2212, 6, 2024/04/02, 08:16:42.706, 1505297831462, vstest.console.dll, DotnetTestHostmanager: Adding  --depsfile "C:\Theotim\EPSI\Csharp\Salle-Theotim\Salle-TheotimTests\bin\Debug\net8.0\fine-code-coverage\build-output\SalleTheotimTests.deps.json" in args
TpTrace Verbose: 0 : 2212, 6, 2024/04/02, 08:16:42.706, 1505297833074, vstest.console.dll, DotnetTestHostmanager.IsWinOnArm: Current PROCESSOR_ARCHITECTURE from environment variable 'AMD64'
TpTrace Verbose: 0 : 2212, 6, 2024/04/02, 08:16:42.706, 1505297833573, vstest.console.dll, DotnetTestHostmanager.IsWinOnArm: Is Windows on ARM 'False'
TpTrace Verbose: 0 : 2212, 6, 2024/04/02, 08:16:42.706, 1505297834374, vstest.console.dll, DotnetTestHostManager: testhost.exe found at path: C:\Theotim\EPSI\Csharp\Salle-Theotim\Salle-TheotimTests\bin\Debug\net8.0\fine-code-coverage\build-output\testhost.exe
TpTrace Verbose: 0 : 2212, 6, 2024/04/02, 08:16:42.706, 1505297834774, vstest.console.dll, DotnetTestHostmanager: Full path of host exe is C:\Theotim\EPSI\Csharp\Salle-Theotim\Salle-TheotimTests\bin\Debug\net8.0\fine-code-coverage\build-output\testhost.exe
TpTrace Verbose: 0 : 2212, 6, 2024/04/02, 08:16:42.706, 1505297835816, vstest.console.dll, DotnetTestHostmanager.LaunchTestHostAsync: Found 'VSTEST_WINAPPHOST_DOTNET_ROOT' in env variables, value 'C:\Program Files\dotnet', forwarding to 'DOTNET_ROOT'
TpTrace Verbose: 0 : 2212, 6, 2024/04/02, 08:16:42.706, 1505297836984, vstest.console.dll, DotnetTestHostManager: Starting process 'C:\Theotim\EPSI\Csharp\Salle-Theotim\Salle-TheotimTests\bin\Debug\net8.0\fine-code-coverage\build-output\testhost.exe' with command line ' --runtimeconfig "C:\Theotim\EPSI\Csharp\Salle-Theotim\Salle-TheotimTests\bin\Debug\net8.0\fine-code-coverage\build-output\SalleTheotimTests.runtimeconfig.json" --depsfile "C:\Theotim\EPSI\Csharp\Salle-Theotim\Salle-TheotimTests\bin\Debug\net8.0\fine-code-coverage\build-output\SalleTheotimTests.deps.json" --port 62403 --endpoint 127.0.0.1:062403 --role client --parentprocessid 2212 --diag "C:\Theotim\EPSI\Csharp\Salle-Theotim\Salle-TheotimTests\bin\Debug\net8.0\fine-code-coverage\coverage-tool-output\diagnostics.host.24-04-02_08-16-42_70536_6.log" --tracelevel 4 --datacollectionport 62402 --telemetryoptedin false'
TpTrace Verbose: 0 : 2212, 6, 2024/04/02, 08:16:42.714, 1505297916102, vstest.console.dll, MulticastDelegateUtilities.SafeInvoke: HostProviderEvents.OnHostLaunched: Invoking callback 1/2 for Microsoft.VisualStudio.TestPlatform.CrossPlatEngine.Client.ProxyExecutionManagerWithDataCollection., took 1 ms.
TpTrace Verbose: 0 : 2212, 6, 2024/04/02, 08:16:42.715, 1505297919404, vstest.console.dll, Test Runtime launched
TpTrace Verbose: 0 : 2212, 6, 2024/04/02, 08:16:42.715, 1505297920188, vstest.console.dll, MulticastDelegateUtilities.SafeInvoke: HostProviderEvents.OnHostLaunched: Invoking callback 2/2 for Microsoft.VisualStudio.TestPlatform.CrossPlatEngine.Client.ProxyOperationManager., took 0 ms.
TpTrace Verbose: 0 : 2212, 6, 2024/04/02, 08:16:42.715, 1505297921656, vstest.console.dll, TestRequestSender.WaitForRequestHandlerConnection: waiting for connection with timeout: 90000.
TpTrace Verbose: 0 : 2212, 8, 2024/04/02, 08:16:42.948, 1505300249676, vstest.console.dll, MulticastDelegateUtilities.SafeInvoke: SocketServer: ClientConnected: Invoking callback 1/1 for Microsoft.VisualStudio.TestPlatform.CommunicationUtilities.TestRequestSender., took 0 ms.
TpTrace Verbose: 0 : 2212, 8, 2024/04/02, 08:16:42.948, 1505300251237, vstest.console.dll, SocketServer.OnClientConnected: Client connected for endPoint: 127.0.0.1:62403, starting MessageLoopAsync:
TpTrace Verbose: 0 : 2212, 6, 2024/04/02, 08:16:42.948, 1505300249675, vstest.console.dll, TestRequestSender.WaitForRequestHandlerConnection: waiting took 232 ms, with timeout 90000 ms, and result 0, which is success.
TpTrace Verbose: 0 : 2212, 8, 2024/04/02, 08:16:42.948, 1505300256955, vstest.console.dll, TcpClientExtensions.MessageLoopAsync: Polling on remoteEndPoint: 127.0.0.1:62404 localEndPoint: 127.0.0.1:62403 after 0 ms
TpTrace Verbose: 0 : 2212, 6, 2024/04/02, 08:16:42.949, 1505300259386, vstest.console.dll, TestRequestSender.CheckVersionWithTestHost: Sending check version message: {"MessageType":"ProtocolVersion","Payload":7}
TpTrace Verbose: 0 : 2212, 8, 2024/04/02, 08:16:43.036, 1505301136798, vstest.console.dll, TcpClientExtensions.MessageLoopAsync: NotifyDataAvailable remoteEndPoint: 127.0.0.1:62404 localEndPoint: 127.0.0.1:62403
TpTrace Verbose: 0 : 2212, 8, 2024/04/02, 08:16:43.037, 1505301139004, vstest.console.dll, TestRequestSender.CheckVersionWithTestHost: onMessageReceived received message: (ProtocolVersion) -> {"MessageType":"ProtocolVersion","Payload":7}
TpTrace Verbose: 0 : 2212, 8, 2024/04/02, 08:16:43.038, 1505301150267, vstest.console.dll, MulticastDelegateUtilities.SafeInvoke: LengthPrefixCommunicationChannel: MessageReceived: Invoking callback 1/1 for Microsoft.VisualStudio.TestPlatform.CommunicationUtilities.TestRequestSender+<>c__DisplayClass29_0., took 1 ms.
TpTrace Verbose: 0 : 2212, 8, 2024/04/02, 08:16:43.038, 1505301151177, vstest.console.dll, TcpClientExtensions.MessageLoopAsync: Polling on remoteEndPoint: 127.0.0.1:62404 localEndPoint: 127.0.0.1:62403 after 89 ms
TpTrace Verbose: 0 : 2212, 6, 2024/04/02, 08:16:43.038, 1505301151248, vstest.console.dll, TestPluginCache.GetExtensionPaths: Filtered extension paths: 
TpTrace Verbose: 0 : 2212, 6, 2024/04/02, 08:16:43.038, 1505301151877, vstest.console.dll, TestPluginCache.GetExtensionPaths: Added default extension paths: C:\Program Files\dotnet\sdk\8.0.200\Extensions\Microsoft.Diagnostics.NETCore.Client.dll
C:\Program Files\dotnet\sdk\8.0.200\Extensions\Microsoft.TestPlatform.Extensions.BlameDataCollector.dll
C:\Program Files\dotnet\sdk\8.0.200\Extensions\Microsoft.TestPlatform.Extensions.EventLogCollector.dll
C:\Program Files\dotnet\sdk\8.0.200\Extensions\Microsoft.TestPlatform.TestHostRuntimeProvider.dll
C:\Program Files\dotnet\sdk\8.0.200\Extensions\Microsoft.VisualStudio.TestPlatform.Extensions.Html.TestLogger.dll
C:\Program Files\dotnet\sdk\8.0.200\Extensions\Microsoft.VisualStudio.TestPlatform.Extensions.Trx.TestLogger.dll
TpTrace Verbose: 0 : 2212, 6, 2024/04/02, 08:16:43.038, 1505301152185, vstest.console.dll, TestPluginCache.GetExtensionPaths: Added unfilterableExtensionPaths: 
TpTrace Verbose: 0 : 2212, 6, 2024/04/02, 08:16:43.040, 1505301173387, vstest.console.dll, TestRequestSender.InitializeExecution: Sending initialize execution with message: {"Version":7,"MessageType":"TestExecution.Initialize","Payload":["C:\\Theotim\\EPSI\\Csharp\\Salle-Theotim\\Salle-TheotimTests\\bin\\Debug\\net8.0\\fine-code-coverage\\build-output\\NUnit3.TestAdapter.dll"]}
TpTrace Verbose: 0 : 2212, 6, 2024/04/02, 08:16:43.040, 1505301175155, vstest.console.dll, ParallelProxyExecutionManager.StartTestRunOnConcurrentManager: Execution starting. Started clients: 1
TpTrace Verbose: 0 : 2212, 6, 2024/04/02, 08:16:43.040, 1505301177302, vstest.console.dll, TestRunRequest:SendTestRunMessage: Starting.
TpTrace Verbose: 0 : 2212, 6, 2024/04/02, 08:16:43.040, 1505301178538, vstest.console.dll, MulticastDelegateUtilities.SafeInvoke: TestRun.LogMessages: Invoking callback 1/1 for Microsoft.VisualStudio.TestPlatform.CommandLine.TestRunResultAggregator., took 0 ms.
TpTrace Information: 0 : 2212, 6, 2024/04/02, 08:16:43.040, 1505301178863, vstest.console.dll, TestRunRequest:SendTestRunMessage: Completed.
TpTrace Verbose: 0 : 2212, 5, 2024/04/02, 08:16:43.041, 1505301180503, vstest.console.dll, MulticastDelegateUtilities.SafeInvoke: InternalTestLoggerEvents.SendTestRunMessage: Invoking callback 1/1 for Microsoft.VisualStudio.TestPlatform.CommandLine.Internal.ConsoleLogger., took 0 ms.
TpTrace Warning: 0 : 2212, 6, 2024/04/02, 08:16:43.041, 1505301182221, vstest.console.dll, InferRunSettingsHelper.MakeRunsettingsCompatible: Removing the following settings: TargetPlatform from RunSettings file. To use those settings please move to latest version of Microsoft.NET.Test.Sdk
TpTrace Verbose: 0 : 2212, 8, 2024/04/02, 08:16:43.042, 1505301198183, vstest.console.dll, TcpClientExtensions.MessageLoopAsync: NotifyDataAvailable remoteEndPoint: 127.0.0.1:62404 localEndPoint: 127.0.0.1:62403
TpTrace Verbose: 0 : 2212, 8, 2024/04/02, 08:16:43.043, 1505301200579, vstest.console.dll, TestRequestSender.OnExecutionMessageReceived: Received message: {"Version":7,"MessageType":"TestSession.Message","Payload":{"MessageLevel":0,"Message":"Journalisation des diagnostics TestHost dans le fichier : C:\\Theotim\\EPSI\\Csharp\\Salle-Theotim\\Salle-TheotimTests\\bin\\Debug\\net8.0\\fine-code-coverage\\coverage-tool-output\\diagnostics.host.24-04-02_08-16-42_70536_6.log"}}
TpTrace Verbose: 0 : 2212, 8, 2024/04/02, 08:16:43.045, 1505301221578, vstest.console.dll, TestRunRequest:SendTestRunMessage: Starting.
TpTrace Verbose: 0 : 2212, 8, 2024/04/02, 08:16:43.045, 1505301223029, vstest.console.dll, MulticastDelegateUtilities.SafeInvoke: TestRun.LogMessages: Invoking callback 1/1 for Microsoft.VisualStudio.TestPlatform.CommandLine.TestRunResultAggregator., took 0 ms.
TpTrace Verbose: 0 : 2212, 5, 2024/04/02, 08:16:43.045, 1505301223419, vstest.console.dll, MulticastDelegateUtilities.SafeInvoke: InternalTestLoggerEvents.SendTestRunMessage: Invoking callback 1/1 for Microsoft.VisualStudio.TestPlatform.CommandLine.Internal.ConsoleLogger., took 0 ms.
TpTrace Information: 0 : 2212, 8, 2024/04/02, 08:16:43.045, 1505301223548, vstest.console.dll, TestRunRequest:SendTestRunMessage: Completed.
TpTrace Verbose: 0 : 2212, 8, 2024/04/02, 08:16:43.045, 1505301224333, vstest.console.dll, MulticastDelegateUtilities.SafeInvoke: LengthPrefixCommunicationChannel: MessageReceived: Invoking callback 1/1 for Microsoft.VisualStudio.TestPlatform.CommunicationUtilities.TestRequestSender+<>c__DisplayClass34_0., took 2 ms.
TpTrace Verbose: 0 : 2212, 8, 2024/04/02, 08:16:43.045, 1505301224617, vstest.console.dll, TcpClientExtensions.MessageLoopAsync: Polling on remoteEndPoint: 127.0.0.1:62404 localEndPoint: 127.0.0.1:62403 after 7 ms
TpTrace Verbose: 0 : 2212, 6, 2024/04/02, 08:16:43.045, 1505301228092, vstest.console.dll, TestRequestSender.StartTestRun: Sending test run with message: {"Version":7,"MessageType":"TestExecution.StartWithSources","Payload":{"AdapterSourceMap":{"_none_":["C:\\Theotim\\EPSI\\Csharp\\Salle-Theotim\\Salle-TheotimTests\\bin\\Debug\\net8.0\\fine-code-coverage\\build-output\\SalleTheotimTests.dll"]},"RunSettings":"<RunSettings>\r\n  <RunConfiguration>\r\n    <ResultsDirectory>C:\\Theotim\\EPSI\\Csharp\\Salle-Theotim\\Salle-TheotimTests\\bin\\Debug\\net8.0\\fine-code-coverage\\coverage-tool-output</ResultsDirectory>\r\n    <TargetFrameworkVersion>.NETCoreApp,Version=v8.0</TargetFrameworkVersion>\r\n    <DesignMode>False</DesignMode>\r\n    <CollectSourceInformation>False</CollectSourceInformation>\r\n  </RunConfiguration>\r\n  <LoggerRunSettings>\r\n    <Loggers>\r\n      <Logger friendlyName=\"blame\" enabled=\"True\" />\r\n      <Logger friendlyName=\"Console\" uri=\"logger://microsoft/TestPlatform/ConsoleLogger/v1\" assemblyQualifiedName=\"Microsoft.VisualStudio.TestPlatform.CommandLine.Internal.ConsoleLogger, vstest.console, Version=15.0.0.0, Culture=neutral, PublicKeyToken=b03f5f7f11d50a3a\" codeBase=\"C:\\Program Files\\dotnet\\sdk\\8.0.200\\vstest.console.dll\" enabled=\"True\" />\r\n    </Loggers>\r\n  </LoggerRunSettings>\r\n  <DataCollectionRunSettings>\r\n    <DataCollectors>\r\n      <DataCollector friendlyName=\"blame\" enabled=\"True\">\r\n        <Configuration>\r\n          <ResultsDirectory>C:\\Theotim\\EPSI\\Csharp\\Salle-Theotim\\Salle-TheotimTests\\bin\\Debug\\net8.0\\fine-code-coverage\\coverage-tool-output</ResultsDirectory>\r\n        </Configuration>\r\n      </DataCollector>\r\n    </DataCollectors>\r\n  </DataCollectionRunSettings>\r\n</RunSettings>","TestExecutionContext":{"FrequencyOfRunStatsChangeEvent":10,"RunStatsChangeEventTimeout":"00:00:01.5000000","InIsolation":false,"KeepAlive":false,"AreTestCaseLevelEventsRequired":false,"IsDebug":false,"TestCaseFilter":null,"FilterOptions":null},"Package":null}}
TpTrace Verbose: 0 : 2212, 6, 2024/04/02, 08:16:43.046, 1505301229411, vstest.console.dll, ParallelProxyExecutionManager.StartTestRunOnConcurrentManager: Execution started. Started clients: 1
TpTrace Verbose: 0 : 2212, 8, 2024/04/02, 08:16:43.168, 1505302452984, vstest.console.dll, TcpClientExtensions.MessageLoopAsync: NotifyDataAvailable remoteEndPoint: 127.0.0.1:62404 localEndPoint: 127.0.0.1:62403
TpTrace Verbose: 0 : 2212, 8, 2024/04/02, 08:16:43.168, 1505302454428, vstest.console.dll, TestRequestSender.OnExecutionMessageReceived: Received message: {"Version":7,"MessageType":"TestSession.Message","Payload":{"MessageLevel":0,"Message":"NUnit Adapter 4.5.0.0: Test execution started"}}
TpTrace Verbose: 0 : 2212, 8, 2024/04/02, 08:16:43.168, 1505302456114, vstest.console.dll, TestRunRequest:SendTestRunMessage: Starting.
TpTrace Verbose: 0 : 2212, 8, 2024/04/02, 08:16:43.168, 1505302456791, vstest.console.dll, MulticastDelegateUtilities.SafeInvoke: TestRun.LogMessages: Invoking callback 1/1 for Microsoft.VisualStudio.TestPlatform.CommandLine.TestRunResultAggregator., took 0 ms.
TpTrace Information: 0 : 2212, 8, 2024/04/02, 08:16:43.168, 1505302457011, vstest.console.dll, TestRunRequest:SendTestRunMessage: Completed.
TpTrace Verbose: 0 : 2212, 8, 2024/04/02, 08:16:43.168, 1505302457215, vstest.console.dll, MulticastDelegateUtilities.SafeInvoke: LengthPrefixCommunicationChannel: MessageReceived: Invoking callback 1/1 for Microsoft.VisualStudio.TestPlatform.CommunicationUtilities.TestRequestSender+<>c__DisplayClass34_0., took 0 ms.
TpTrace Verbose: 0 : 2212, 8, 2024/04/02, 08:16:43.168, 1505302457457, vstest.console.dll, TcpClientExtensions.MessageLoopAsync: Polling on remoteEndPoint: 127.0.0.1:62404 localEndPoint: 127.0.0.1:62403 after 123 ms
TpTrace Verbose: 0 : 2212, 5, 2024/04/02, 08:16:43.168, 1505302457221, vstest.console.dll, MulticastDelegateUtilities.SafeInvoke: InternalTestLoggerEvents.SendTestRunMessage: Invoking callback 1/1 for Microsoft.VisualStudio.TestPlatform.CommandLine.Internal.ConsoleLogger., took 0 ms.
TpTrace Verbose: 0 : 2212, 8, 2024/04/02, 08:16:43.190, 1505302669995, vstest.console.dll, TcpClientExtensions.MessageLoopAsync: NotifyDataAvailable remoteEndPoint: 127.0.0.1:62404 localEndPoint: 127.0.0.1:62403
TpTrace Verbose: 0 : 2212, 8, 2024/04/02, 08:16:43.190, 1505302671150, vstest.console.dll, TestRequestSender.OnExecutionMessageReceived: Received message: {"Version":7,"MessageType":"TestSession.Message","Payload":{"MessageLevel":0,"Message":"Running all tests in C:\\Theotim\\EPSI\\Csharp\\Salle-Theotim\\Salle-TheotimTests\\bin\\Debug\\net8.0\\fine-code-coverage\\build-output\\SalleTheotimTests.dll"}}
TpTrace Verbose: 0 : 2212, 8, 2024/04/02, 08:16:43.190, 1505302672206, vstest.console.dll, TestRunRequest:SendTestRunMessage: Starting.
TpTrace Verbose: 0 : 2212, 8, 2024/04/02, 08:16:43.190, 1505302672652, vstest.console.dll, MulticastDelegateUtilities.SafeInvoke: TestRun.LogMessages: Invoking callback 1/1 for Microsoft.VisualStudio.TestPlatform.CommandLine.TestRunResultAggregator., took 0 ms.
TpTrace Information: 0 : 2212, 8, 2024/04/02, 08:16:43.190, 1505302672888, vstest.console.dll, TestRunRequest:SendTestRunMessage: Completed.
TpTrace Verbose: 0 : 2212, 8, 2024/04/02, 08:16:43.190, 1505302673105, vstest.console.dll, MulticastDelegateUtilities.SafeInvoke: LengthPrefixCommunicationChannel: MessageReceived: Invoking callback 1/1 for Microsoft.VisualStudio.TestPlatform.CommunicationUtilities.TestRequestSender+<>c__DisplayClass34_0., took 0 ms.
TpTrace Verbose: 0 : 2212, 5, 2024/04/02, 08:16:43.190, 1505302673209, vstest.console.dll, MulticastDelegateUtilities.SafeInvoke: InternalTestLoggerEvents.SendTestRunMessage: Invoking callback 1/1 for Microsoft.VisualStudio.TestPlatform.CommandLine.Internal.ConsoleLogger., took 0 ms.
TpTrace Verbose: 0 : 2212, 8, 2024/04/02, 08:16:43.190, 1505302673336, vstest.console.dll, TcpClientExtensions.MessageLoopAsync: Polling on remoteEndPoint: 127.0.0.1:62404 localEndPoint: 127.0.0.1:62403 after 21 ms
TpTrace Verbose: 0 : 2212, 8, 2024/04/02, 08:16:43.275, 1505303528882, vstest.console.dll, TcpClientExtensions.MessageLoopAsync: NotifyDataAvailable remoteEndPoint: 127.0.0.1:62404 localEndPoint: 127.0.0.1:62403
TpTrace Verbose: 0 : 2212, 8, 2024/04/02, 08:16:43.276, 1505303530598, vstest.console.dll, TestRequestSender.OnExecutionMessageReceived: Received message: {"Version":7,"MessageType":"TestSession.Message","Payload":{"MessageLevel":0,"Message":"   NUnit3TestExecutor discovered 3 of 3 NUnit test cases using Current Discovery mode, Non-Explicit run"}}
TpTrace Verbose: 0 : 2212, 8, 2024/04/02, 08:16:43.276, 1505303531925, vstest.console.dll, TestRunRequest:SendTestRunMessage: Starting.
TpTrace Verbose: 0 : 2212, 8, 2024/04/02, 08:16:43.276, 1505303532529, vstest.console.dll, MulticastDelegateUtilities.SafeInvoke: TestRun.LogMessages: Invoking callback 1/1 for Microsoft.VisualStudio.TestPlatform.CommandLine.TestRunResultAggregator., took 0 ms.
TpTrace Information: 0 : 2212, 8, 2024/04/02, 08:16:43.276, 1505303532803, vstest.console.dll, TestRunRequest:SendTestRunMessage: Completed.
TpTrace Verbose: 0 : 2212, 8, 2024/04/02, 08:16:43.276, 1505303533111, vstest.console.dll, MulticastDelegateUtilities.SafeInvoke: LengthPrefixCommunicationChannel: MessageReceived: Invoking callback 1/1 for Microsoft.VisualStudio.TestPlatform.CommunicationUtilities.TestRequestSender+<>c__DisplayClass34_0., took 0 ms.
TpTrace Verbose: 0 : 2212, 5, 2024/04/02, 08:16:43.276, 1505303533129, vstest.console.dll, MulticastDelegateUtilities.SafeInvoke: InternalTestLoggerEvents.SendTestRunMessage: Invoking callback 1/1 for Microsoft.VisualStudio.TestPlatform.CommandLine.Internal.ConsoleLogger., took 0 ms.
TpTrace Verbose: 0 : 2212, 8, 2024/04/02, 08:16:43.276, 1505303533562, vstest.console.dll, TcpClientExtensions.MessageLoopAsync: Polling on remoteEndPoint: 127.0.0.1:62404 localEndPoint: 127.0.0.1:62403 after 85 ms
TpTrace Verbose: 0 : 2212, 8, 2024/04/02, 08:16:44.277, 1505313540790, vstest.console.dll, TcpClientExtensions.MessageLoopAsync: Polling on remoteEndPoint: 127.0.0.1:62404 localEndPoint: 127.0.0.1:62403 after 1000 ms
TpTrace Verbose: 0 : 2212, 8, 2024/04/02, 08:16:44.649, 1505317265171, vstest.console.dll, TcpClientExtensions.MessageLoopAsync: NotifyDataAvailable remoteEndPoint: 127.0.0.1:62404 localEndPoint: 127.0.0.1:62403
TpTrace Verbose: 0 : 2212, 8, 2024/04/02, 08:16:44.649, 1505317267071, vstest.console.dll, TestRequestSender.OnExecutionMessageReceived: Received message: {"Version":7,"MessageType":"TestExecution.StatsChange","Payload":{"NewTestResults":[{"TestCase":{"Id":"5469021f-cbaa-9e43-c716-3f04fcfef624","FullyQualifiedName":"SalleTheotimTests.BatimentServiceTest.CalculerNombreTotalPlacesTest","DisplayName":"CalculerNombreTotalPlacesTest","ExecutorUri":"executor://NUnit3TestExecutor","Source":"C:\\Theotim\\EPSI\\Csharp\\Salle-Theotim\\Salle-TheotimTests\\bin\\Debug\\net8.0\\fine-code-coverage\\build-output\\SalleTheotimTests.dll","CodeFilePath":null,"LineNumber":0,"Properties":[{"Key":{"Id":"NUnit.Seed","Label":"Seed","Category":"","Description":"","Attributes":0,"ValueType":"System.String"},"Value":"345835278"}]},"Attachments":[],"Outcome":1,"ErrorMessage":null,"ErrorStackTrace":null,"DisplayName":"CalculerNombreTotalPlacesTest","Messages":[],"ComputerName":"LAPTOP-DO954P10","Duration":"00:00:00.0089430","StartTime":"2024-04-02T06:16:43.2977704+00:00","EndTime":"2024-04-02T06:16:43.3066477+00:00","Properties":[{"Key":{"Id":"NUnit.Seed","Label":"Seed","Category":"","Description":"","Attributes":0,"ValueType":"System.String"},"Value":"345835278"}]},{"TestCase":{"Id":"7b5bfb5b-d60d-470d-964c-fe4431808cfb","FullyQualifiedName":"SalleTheotimTests.BatimentServiceTest.CreerBatimentTest","DisplayName":"CreerBatimentTest","ExecutorUri":"executor://NUnit3TestExecutor","Source":"C:\\Theotim\\EPSI\\Csharp\\Salle-Theotim\\Salle-TheotimTests\\bin\\Debug\\net8.0\\fine-code-coverage\\build-output\\SalleTheotimTests.dll","CodeFilePath":null,"LineNumber":0,"Properties":[{"Key":{"Id":"NUnit.Seed","Label":"Seed","Category":"","Description":"","Attributes":0,"ValueType":"System.String"},"Value":"1310849578"}]},"Attachments":[],"Outcome":1,"ErrorMessage":null,"ErrorStackTrace":null,"DisplayName":"CreerBatimentTest","Messages":[],"ComputerName":"LAPTOP-DO954P10","Duration":"00:00:00.0011420","StartTime":"2024-04-02T06:16:43.3079466+00:00","EndTime":"2024-04-02T06:16:43.3090888+00:00","Properties":[{"Key":{"Id":"NUnit.Seed","Label":"Seed","Category":"","Description":"","Attributes":0,"ValueType":"System.String"},"Value":"1310849578"}]}],"TestRunStatistics":{"ExecutedTests":2,"Stats":{"Passed":2}},"ActiveTests":[{"Id":"9734f32c-8a3d-96c7-31de-e90017230735","FullyQualifiedName":"SalleTheotimTests.BatimentServiceTest.CreerSalleTest","DisplayName":"CreerSalleTest","ExecutorUri":"executor://NUnit3TestExecutor","Source":"C:\\Theotim\\EPSI\\Csharp\\Salle-Theotim\\Salle-TheotimTests\\bin\\Debug\\net8.0\\fine-code-coverage\\build-output\\SalleTheotimTests.dll","CodeFilePath":null,"LineNumber":0,"Properties":[{"Key":{"Id":"NUnit.Seed","Label":"Seed","Category":"","Description":"","Attributes":0,"ValueType":"System.String"},"Value":"772512236"}]}]}}
TpTrace Verbose: 0 : 2212, 8, 2024/04/02, 08:16:44.670, 1505317469498, vstest.console.dll, TestRunRequest:SendTestRunStatsChange: Starting.
TpTrace Verbose: 0 : 2212, 8, 2024/04/02, 08:16:44.670, 1505317471364, vstest.console.dll, InProgress is CreerSalleTest
TpTrace Verbose: 0 : 2212, 8, 2024/04/02, 08:16:44.670, 1505317473280, vstest.console.dll, MulticastDelegateUtilities.SafeInvoke: TestRun.RunStatsChanged: Invoking callbacks was skipped because there are no subscribers.
TpTrace Information: 0 : 2212, 8, 2024/04/02, 08:16:44.670, 1505317473653, vstest.console.dll, TestRunRequest:SendTestRunStatsChange: Completed.
TpTrace Verbose: 0 : 2212, 8, 2024/04/02, 08:16:44.670, 1505317473996, vstest.console.dll, MulticastDelegateUtilities.SafeInvoke: LengthPrefixCommunicationChannel: MessageReceived: Invoking callback 1/1 for Microsoft.VisualStudio.TestPlatform.CommunicationUtilities.TestRequestSender+<>c__DisplayClass34_0., took 20 ms.
TpTrace Verbose: 0 : 2212, 8, 2024/04/02, 08:16:44.670, 1505317474294, vstest.console.dll, TcpClientExtensions.MessageLoopAsync: Polling on remoteEndPoint: 127.0.0.1:62404 localEndPoint: 127.0.0.1:62403 after 393 ms
TpTrace Verbose: 0 : 2212, 5, 2024/04/02, 08:16:44.671, 1505317488581, vstest.console.dll, MulticastDelegateUtilities.SafeInvoke: InternalTestLoggerEvents.SendTestResult: Invoking callback 1/1 for Microsoft.VisualStudio.TestPlatform.CommandLine.Internal.ConsoleLogger., took 1 ms.
TpTrace Verbose: 0 : 2212, 5, 2024/04/02, 08:16:44.672, 1505317492555, vstest.console.dll, MulticastDelegateUtilities.SafeInvoke: InternalTestLoggerEvents.SendTestResult: Invoking callback 1/1 for Microsoft.VisualStudio.TestPlatform.CommandLine.Internal.ConsoleLogger., took 0 ms.
TpTrace Verbose: 0 : 2212, 8, 2024/04/02, 08:16:45.685, 1505327621206, vstest.console.dll, TcpClientExtensions.MessageLoopAsync: Polling on remoteEndPoint: 127.0.0.1:62404 localEndPoint: 127.0.0.1:62403 after 1014 ms
TpTrace Verbose: 0 : 2212, 8, 2024/04/02, 08:16:46.698, 1505337752141, vstest.console.dll, TcpClientExtensions.MessageLoopAsync: Polling on remoteEndPoint: 127.0.0.1:62404 localEndPoint: 127.0.0.1:62403 after 1012 ms
TpTrace Verbose: 0 : 2212, 8, 2024/04/02, 08:16:47.704, 1505347817836, vstest.console.dll, TcpClientExtensions.MessageLoopAsync: Polling on remoteEndPoint: 127.0.0.1:62404 localEndPoint: 127.0.0.1:62403 after 1006 ms
TpTrace Verbose: 0 : 2212, 8, 2024/04/02, 08:16:48.709, 1505357866199, vstest.console.dll, TcpClientExtensions.MessageLoopAsync: Polling on remoteEndPoint: 127.0.0.1:62404 localEndPoint: 127.0.0.1:62403 after 1004 ms
TpTrace Verbose: 0 : 2212, 8, 2024/04/02, 08:16:49.714, 1505367914481, vstest.console.dll, TcpClientExtensions.MessageLoopAsync: Polling on remoteEndPoint: 127.0.0.1:62404 localEndPoint: 127.0.0.1:62403 after 1004 ms
TpTrace Verbose: 0 : 2212, 8, 2024/04/02, 08:16:50.720, 1505377969055, vstest.console.dll, TcpClientExtensions.MessageLoopAsync: Polling on remoteEndPoint: 127.0.0.1:62404 localEndPoint: 127.0.0.1:62403 after 1005 ms
TpTrace Verbose: 0 : 2212, 8, 2024/04/02, 08:16:51.735, 1505388124688, vstest.console.dll, TcpClientExtensions.MessageLoopAsync: Polling on remoteEndPoint: 127.0.0.1:62404 localEndPoint: 127.0.0.1:62403 after 1015 ms
TpTrace Verbose: 0 : 2212, 8, 2024/04/02, 08:16:52.742, 1505398195183, vstest.console.dll, TcpClientExtensions.MessageLoopAsync: Polling on remoteEndPoint: 127.0.0.1:62404 localEndPoint: 127.0.0.1:62403 after 1006 ms
TpTrace Verbose: 0 : 2212, 8, 2024/04/02, 08:16:53.743, 1505408207963, vstest.console.dll, TcpClientExtensions.MessageLoopAsync: Polling on remoteEndPoint: 127.0.0.1:62404 localEndPoint: 127.0.0.1:62403 after 1001 ms
TpTrace Verbose: 0 : 2212, 8, 2024/04/02, 08:16:54.754, 1505418315019, vstest.console.dll, TcpClientExtensions.MessageLoopAsync: Polling on remoteEndPoint: 127.0.0.1:62404 localEndPoint: 127.0.0.1:62403 after 1010 ms
TpTrace Verbose: 0 : 2212, 8, 2024/04/02, 08:16:55.764, 1505428418927, vstest.console.dll, TcpClientExtensions.MessageLoopAsync: Polling on remoteEndPoint: 127.0.0.1:62404 localEndPoint: 127.0.0.1:62403 after 1010 ms
TpTrace Verbose: 0 : 2212, 8, 2024/04/02, 08:16:56.773, 1505438504752, vstest.console.dll, TcpClientExtensions.MessageLoopAsync: Polling on remoteEndPoint: 127.0.0.1:62404 localEndPoint: 127.0.0.1:62403 after 1008 ms
TpTrace Verbose: 0 : 2212, 8, 2024/04/02, 08:16:57.081, 1505441587716, vstest.console.dll, TcpClientExtensions.MessageLoopAsync: NotifyDataAvailable remoteEndPoint: 127.0.0.1:62404 localEndPoint: 127.0.0.1:62403
TpTrace Verbose: 0 : 2212, 8, 2024/04/02, 08:16:57.082, 1505441589155, vstest.console.dll, TestRequestSender.OnExecutionMessageReceived: Received message: {"Version":7,"MessageType":"TestSession.Message","Payload":{"MessageLevel":1,"Message":"Exception NUnit.Engine.NUnitEngineException,    Exception thrown executing tests in C:\\Theotim\\EPSI\\Csharp\\Salle-Theotim\\Salle-TheotimTests\\bin\\Debug\\net8.0\\fine-code-coverage\\build-output\\SalleTheotimTests.dll"}}
TpTrace Verbose: 0 : 2212, 8, 2024/04/02, 08:16:57.082, 1505441590548, vstest.console.dll, TestRunRequest:SendTestRunMessage: Starting.
TpTrace Verbose: 0 : 2212, 8, 2024/04/02, 08:16:57.082, 1505441591459, vstest.console.dll, MulticastDelegateUtilities.SafeInvoke: TestRun.LogMessages: Invoking callback 1/1 for Microsoft.VisualStudio.TestPlatform.CommandLine.TestRunResultAggregator., took 0 ms.
TpTrace Information: 0 : 2212, 8, 2024/04/02, 08:16:57.082, 1505441591736, vstest.console.dll, TestRunRequest:SendTestRunMessage: Completed.
TpTrace Verbose: 0 : 2212, 8, 2024/04/02, 08:16:57.082, 1505441592000, vstest.console.dll, MulticastDelegateUtilities.SafeInvoke: LengthPrefixCommunicationChannel: MessageReceived: Invoking callback 1/1 for Microsoft.VisualStudio.TestPlatform.CommunicationUtilities.TestRequestSender+<>c__DisplayClass34_0., took 0 ms.
TpTrace Verbose: 0 : 2212, 8, 2024/04/02, 08:16:57.082, 1505441592260, vstest.console.dll, TcpClientExtensions.MessageLoopAsync: Polling on remoteEndPoint: 127.0.0.1:62404 localEndPoint: 127.0.0.1:62403 after 308 ms
TpTrace Verbose: 0 : 2212, 8, 2024/04/02, 08:16:57.082, 1505441592573, vstest.console.dll, TcpClientExtensions.MessageLoopAsync: NotifyDataAvailable remoteEndPoint: 127.0.0.1:62404 localEndPoint: 127.0.0.1:62403
TpTrace Verbose: 0 : 2212, 5, 2024/04/02, 08:16:57.082, 1505441594279, vstest.console.dll, MulticastDelegateUtilities.SafeInvoke: InternalTestLoggerEvents.SendTestRunMessage: Invoking callback 1/1 for Microsoft.VisualStudio.TestPlatform.CommandLine.Internal.ConsoleLogger., took 0 ms.
TpTrace Verbose: 0 : 2212, 8, 2024/04/02, 08:16:57.082, 1505441594403, vstest.console.dll, TestRequestSender.OnExecutionMessageReceived: Received message: {"Version":7,"MessageType":"TestSession.Message","Payload":{"MessageLevel":1,"Message":"An exception occurred in the driver while running tests."}}
TpTrace Verbose: 0 : 2212, 8, 2024/04/02, 08:16:57.082, 1505441595626, vstest.console.dll, TestRunRequest:SendTestRunMessage: Starting.
TpTrace Verbose: 0 : 2212, 8, 2024/04/02, 08:16:57.082, 1505441596157, vstest.console.dll, MulticastDelegateUtilities.SafeInvoke: TestRun.LogMessages: Invoking callback 1/1 for Microsoft.VisualStudio.TestPlatform.CommandLine.TestRunResultAggregator., took 0 ms.
TpTrace Information: 0 : 2212, 8, 2024/04/02, 08:16:57.082, 1505441596446, vstest.console.dll, TestRunRequest:SendTestRunMessage: Completed.
TpTrace Verbose: 0 : 2212, 8, 2024/04/02, 08:16:57.082, 1505441596745, vstest.console.dll, MulticastDelegateUtilities.SafeInvoke: LengthPrefixCommunicationChannel: MessageReceived: Invoking callback 1/1 for Microsoft.VisualStudio.TestPlatform.CommunicationUtilities.TestRequestSender+<>c__DisplayClass34_0., took 0 ms.
TpTrace Verbose: 0 : 2212, 5, 2024/04/02, 08:16:57.082, 1505441596947, vstest.console.dll, MulticastDelegateUtilities.SafeInvoke: InternalTestLoggerEvents.SendTestRunMessage: Invoking callback 1/1 for Microsoft.VisualStudio.TestPlatform.CommandLine.Internal.ConsoleLogger., took 0 ms.
TpTrace Verbose: 0 : 2212, 8, 2024/04/02, 08:16:57.082, 1505441597081, vstest.console.dll, TcpClientExtensions.MessageLoopAsync: Polling on remoteEndPoint: 127.0.0.1:62404 localEndPoint: 127.0.0.1:62403 after 0 ms
TpTrace Verbose: 0 : 2212, 8, 2024/04/02, 08:16:57.083, 1505441604761, vstest.console.dll, TcpClientExtensions.MessageLoopAsync: NotifyDataAvailable remoteEndPoint: 127.0.0.1:62404 localEndPoint: 127.0.0.1:62403
TpTrace Verbose: 0 : 2212, 8, 2024/04/02, 08:16:57.083, 1505441606038, vstest.console.dll, TestRequestSender.OnExecutionMessageReceived: Received message: {"Version":7,"MessageType":"TestSession.Message","Payload":{"MessageLevel":1,"Message":"   at NUnit.Engine.Runners.DirectTestRunner.RunTests(ITestEventListener listener, TestFilter filter)\r\n   at NUnit.Engine.Runners.AbstractTestRunner.Run(ITestEventListener listener, TestFilter filter)\r\n   at NUnit.Engine.Runners.MasterTestRunner.RunTests(ITestEventListener listener, TestFilter filter)\r\n   at NUnit.Engine.Runners.MasterTestRunner.Run(ITestEventListener listener, TestFilter filter)\r\n   at NUnit.VisualStudio.TestAdapter.NUnitEngine.NUnitEngineAdapter.Run(ITestEventListener listener, TestFilter filter) in D:\\repos\\NUnit\\nunit3-vs-adapter\\src\\NUnitTestAdapter\\NUnitEngine\\NUnitEngineAdapter.cs:line 108\r\n   at NUnit.VisualStudio.TestAdapter.Execution.Run(TestFilter filter, DiscoveryConverter discovery, NUnit3TestExecutor nUnit3TestExecutor) in D:\\repos\\NUnit\\nunit3-vs-adapter\\src\\NUnitTestAdapter\\Execution.cs:line 51\r\n   at NUnit.VisualStudio.TestAdapter.VsTestExecution.Run(TestFilter filter, DiscoveryConverter discovery, NUnit3TestExecutor nUnit3TestExecutor) in D:\\repos\\NUnit\\nunit3-vs-adapter\\src\\NUnitTestAdapter\\Execution.cs:line 154\r\n   at NUnit.VisualStudio.TestAdapter.NUnit3TestExecutor.RunAssembly(String assemblyPath, IGrouping`2 testCases, TestFilter filter) in D:\\repos\\NUnit\\nunit3-vs-adapter\\src\\NUnitTestAdapter\\NUnit3TestExecutor.cs:line 295"}}
TpTrace Verbose: 0 : 2212, 8, 2024/04/02, 08:16:57.083, 1505441607630, vstest.console.dll, TestRunRequest:SendTestRunMessage: Starting.
TpTrace Verbose: 0 : 2212, 8, 2024/04/02, 08:16:57.083, 1505441608447, vstest.console.dll, MulticastDelegateUtilities.SafeInvoke: TestRun.LogMessages: Invoking callback 1/1 for Microsoft.VisualStudio.TestPlatform.CommandLine.TestRunResultAggregator., took 0 ms.
TpTrace Information: 0 : 2212, 8, 2024/04/02, 08:16:57.083, 1505441608669, vstest.console.dll, TestRunRequest:SendTestRunMessage: Completed.
TpTrace Verbose: 0 : 2212, 8, 2024/04/02, 08:16:57.083, 1505441608876, vstest.console.dll, MulticastDelegateUtilities.SafeInvoke: LengthPrefixCommunicationChannel: MessageReceived: Invoking callback 1/1 for Microsoft.VisualStudio.TestPlatform.CommunicationUtilities.TestRequestSender+<>c__DisplayClass34_0., took 0 ms.
TpTrace Verbose: 0 : 2212, 8, 2024/04/02, 08:16:57.084, 1505441609098, vstest.console.dll, TcpClientExtensions.MessageLoopAsync: Polling on remoteEndPoint: 127.0.0.1:62404 localEndPoint: 127.0.0.1:62403 after 1 ms
TpTrace Verbose: 0 : 2212, 5, 2024/04/02, 08:16:57.084, 1505441609151, vstest.console.dll, MulticastDelegateUtilities.SafeInvoke: InternalTestLoggerEvents.SendTestRunMessage: Invoking callback 1/1 for Microsoft.VisualStudio.TestPlatform.CommandLine.Internal.ConsoleLogger., took 0 ms.
TpTrace Verbose: 0 : 2212, 8, 2024/04/02, 08:16:57.084, 1505441610269, vstest.console.dll, TcpClientExtensions.MessageLoopAsync: NotifyDataAvailable remoteEndPoint: 127.0.0.1:62404 localEndPoint: 127.0.0.1:62403
TpTrace Verbose: 0 : 2212, 8, 2024/04/02, 08:16:57.084, 1505441610921, vstest.console.dll, TestRequestSender.OnExecutionMessageReceived: Received message: {"Version":7,"MessageType":"TestSession.Message","Payload":{"MessageLevel":1,"Message":"InnerException: System.Reflection.TargetInvocationException: Exception has been thrown by the target of an invocation.\r\n ---> System.OutOfMemoryException: Exception of type 'System.OutOfMemoryException' was thrown.\r\n   at System.Text.StringBuilder.ToString()\r\n   at NUnit.Framework.Internal.TestResult.get_Output()\r\n   at NUnit.Framework.Internal.TestResult.AddToXml(TNode parentNode, Boolean recursive)\r\n   at NUnit.Framework.Internal.TestResult.AddToXml(TNode parentNode, Boolean recursive)\r\n   at NUnit.Framework.Internal.TestResult.AddToXml(TNode parentNode, Boolean recursive)\r\n   at NUnit.Framework.Internal.TestResult.AddToXml(TNode parentNode, Boolean recursive)\r\n   at NUnit.Framework.Internal.TestResult.ToXml(Boolean recursive)\r\n   at NUnit.Framework.Api.FrameworkController.RunTests(Action`1 callback, String filter)\r\n   at System.RuntimeMethodHandle.InvokeMethod(Object target, Void** arguments, Signature sig, Boolean isConstructor)\r\n   at System.Reflection.MethodBaseInvoker.InvokeDirectByRefWithFewArgs(Object obj, Span`1 copyOfArgs, BindingFlags invokeAttr)\r\n   --- End of inner exception stack trace ---\r\n   at System.Reflection.MethodBaseInvoker.InvokeDirectByRefWithFewArgs(Object obj, Span`1 copyOfArgs, BindingFlags invokeAttr)\r\n   at System.Reflection.MethodBaseInvoker.InvokeWithFewArgs(Object obj, BindingFlags invokeAttr, Binder binder, Object[] parameters, CultureInfo culture)\r\n   at System.Reflection.MethodBase.Invoke(Object obj, Object[] parameters)\r\n   at NUnit.Engine.Drivers.NUnitNetStandardDriver.ExecuteMethod(MethodInfo method, Object[] args)\r\n   at NUnit.Engine.Drivers.NUnitNetStandardDriver.ExecuteMethod(String methodName, Type[] ptypes, Object[] args)\r\n   at NUnit.Engine.Drivers.NUnitNetStandardDriver.Run(ITestEventListener listener, String filter)\r\n   at NUnit.Engine.Runners.DirectTestRunner.RunTests(ITestEventListener listener, TestFilter filter)"}}
TpTrace Verbose: 0 : 2212, 8, 2024/04/02, 08:16:57.084, 1505441612273, vstest.console.dll, TestRunRequest:SendTestRunMessage: Starting.
TpTrace Verbose: 0 : 2212, 8, 2024/04/02, 08:16:57.084, 1505441612863, vstest.console.dll, MulticastDelegateUtilities.SafeInvoke: TestRun.LogMessages: Invoking callback 1/1 for Microsoft.VisualStudio.TestPlatform.CommandLine.TestRunResultAggregator., took 0 ms.
TpTrace Information: 0 : 2212, 8, 2024/04/02, 08:16:57.084, 1505441613132, vstest.console.dll, TestRunRequest:SendTestRunMessage: Completed.
TpTrace Verbose: 0 : 2212, 5, 2024/04/02, 08:16:57.084, 1505441613425, vstest.console.dll, MulticastDelegateUtilities.SafeInvoke: InternalTestLoggerEvents.SendTestRunMessage: Invoking callback 1/1 for Microsoft.VisualStudio.TestPlatform.CommandLine.Internal.ConsoleLogger., took 0 ms.
TpTrace Verbose: 0 : 2212, 8, 2024/04/02, 08:16:57.084, 1505441613533, vstest.console.dll, MulticastDelegateUtilities.SafeInvoke: LengthPrefixCommunicationChannel: MessageReceived: Invoking callback 1/1 for Microsoft.VisualStudio.TestPlatform.CommunicationUtilities.TestRequestSender+<>c__DisplayClass34_0., took 0 ms.
TpTrace Verbose: 0 : 2212, 8, 2024/04/02, 08:16:57.084, 1505441614165, vstest.console.dll, TcpClientExtensions.MessageLoopAsync: Polling on remoteEndPoint: 127.0.0.1:62404 localEndPoint: 127.0.0.1:62403 after 0 ms
TpTrace Verbose: 0 : 2212, 8, 2024/04/02, 08:16:58.098, 1505451753968, vstest.console.dll, TcpClientExtensions.MessageLoopAsync: Polling on remoteEndPoint: 127.0.0.1:62404 localEndPoint: 127.0.0.1:62403 after 1013 ms
TpTrace Verbose: 0 : 2212, 8, 2024/04/02, 08:16:59.099, 1505461766645, vstest.console.dll, TcpClientExtensions.MessageLoopAsync: Polling on remoteEndPoint: 127.0.0.1:62404 localEndPoint: 127.0.0.1:62403 after 1001 ms
TpTrace Verbose: 0 : 2212, 8, 2024/04/02, 08:17:00.107, 1505471839196, vstest.console.dll, TcpClientExtensions.MessageLoopAsync: Polling on remoteEndPoint: 127.0.0.1:62404 localEndPoint: 127.0.0.1:62403 after 1007 ms
TpTrace Verbose: 0 : 2212, 8, 2024/04/02, 08:17:01.113, 1505481905574, vstest.console.dll, TcpClientExtensions.MessageLoopAsync: Polling on remoteEndPoint: 127.0.0.1:62404 localEndPoint: 127.0.0.1:62403 after 1006 ms
TpTrace Verbose: 0 : 2212, 8, 2024/04/02, 08:17:02.095, 1505491721978, vstest.console.dll, TcpClientExtensions.MessageLoopAsync: NotifyDataAvailable remoteEndPoint: 127.0.0.1:62404 localEndPoint: 127.0.0.1:62403
TpTrace Verbose: 0 : 2212, 8, 2024/04/02, 08:17:02.095, 1505491723568, vstest.console.dll, TestRequestSender.OnExecutionMessageReceived: Received message: {"Version":7,"MessageType":"TestSession.Message","Payload":{"MessageLevel":0,"Message":"NUnit Adapter 4.5.0.0: Test execution complete"}}
TpTrace Verbose: 0 : 2212, 8, 2024/04/02, 08:17:02.095, 1505491725208, vstest.console.dll, TestRunRequest:SendTestRunMessage: Starting.
TpTrace Verbose: 0 : 2212, 8, 2024/04/02, 08:17:02.095, 1505491725845, vstest.console.dll, MulticastDelegateUtilities.SafeInvoke: TestRun.LogMessages: Invoking callback 1/1 for Microsoft.VisualStudio.TestPlatform.CommandLine.TestRunResultAggregator., took 0 ms.
TpTrace Information: 0 : 2212, 8, 2024/04/02, 08:17:02.095, 1505491726051, vstest.console.dll, TestRunRequest:SendTestRunMessage: Completed.
TpTrace Verbose: 0 : 2212, 8, 2024/04/02, 08:17:02.095, 1505491726293, vstest.console.dll, MulticastDelegateUtilities.SafeInvoke: LengthPrefixCommunicationChannel: MessageReceived: Invoking callback 1/1 for Microsoft.VisualStudio.TestPlatform.CommunicationUtilities.TestRequestSender+<>c__DisplayClass34_0., took 0 ms.
TpTrace Verbose: 0 : 2212, 8, 2024/04/02, 08:17:02.095, 1505491726507, vstest.console.dll, TcpClientExtensions.MessageLoopAsync: Polling on remoteEndPoint: 127.0.0.1:62404 localEndPoint: 127.0.0.1:62403 after 981 ms
TpTrace Verbose: 0 : 2212, 5, 2024/04/02, 08:17:02.095, 1505491728550, vstest.console.dll, MulticastDelegateUtilities.SafeInvoke: InternalTestLoggerEvents.SendTestRunMessage: Invoking callback 1/1 for Microsoft.VisualStudio.TestPlatform.CommandLine.Internal.ConsoleLogger., took 0 ms.
TpTrace Verbose: 0 : 2212, 8, 2024/04/02, 08:17:02.113, 1505491900120, vstest.console.dll, TcpClientExtensions.MessageLoopAsync: NotifyDataAvailable remoteEndPoint: 127.0.0.1:62404 localEndPoint: 127.0.0.1:62403
TpTrace Verbose: 0 : 2212, 8, 2024/04/02, 08:17:02.113, 1505491902720, vstest.console.dll, TestRequestSender.OnExecutionMessageReceived: Received message: {"Version":7,"MessageType":"TestExecution.Completed","Payload":{"TestRunCompleteArgs":{"TestRunStatistics":{"ExecutedTests":3,"Stats":{"Passed":2,"Failed":1}},"IsCanceled":false,"IsAborted":false,"Error":null,"AttachmentSets":[],"InvokedDataCollectors":[],"ElapsedTimeInRunningTests":"00:00:18.9461387","Metrics":{},"DiscoveredExtensions":{"TestDiscoverers":["NUnit.VisualStudio.TestAdapter.NUnit3TestDiscoverer, NUnit3.TestAdapter, Version=4.5.0.0, Culture=neutral, PublicKeyToken=4cb40d35494691ac"],"TestExecutors":["executor://NUnit3TestExecutor"],"TestExecutors2":[],"TestSettingsProviders":[]}},"LastRunTests":{"NewTestResults":[{"TestCase":{"Id":"9734f32c-8a3d-96c7-31de-e90017230735","FullyQualifiedName":"SalleTheotimTests.BatimentServiceTest.CreerSalleTest","DisplayName":"CreerSalleTest","ExecutorUri":"executor://NUnit3TestExecutor","Source":"C:\\Theotim\\EPSI\\Csharp\\Salle-Theotim\\Salle-TheotimTests\\bin\\Debug\\net8.0\\fine-code-coverage\\build-output\\SalleTheotimTests.dll","CodeFilePath":null,"LineNumber":0,"Properties":[{"Key":{"Id":"NUnit.Seed","Label":"Seed","Category":"","Description":"","Attributes":0,"ValueType":"System.String"},"Value":"772512236"}]},"Attachments":[],"Outcome":2,"ErrorMessage":"Test run cancelled by user","ErrorStackTrace":"\n","DisplayName":"CreerSalleTest","Messages":[],"ComputerName":"LAPTOP-DO954P10","Duration":"00:00:00.0000001","StartTime":"2024-04-02T06:17:02.0915918+00:00","EndTime":"2024-04-02T06:17:02.0915923+00:00","Properties":[{"Key":{"Id":"NUnit.Seed","Label":"Seed","Category":"","Description":"","Attributes":0,"ValueType":"System.String"},"Value":null}]}],"TestRunStatistics":{"ExecutedTests":3,"Stats":{"Passed":2,"Failed":1}},"ActiveTests":[]},"RunAttachments":[],"ExecutorUris":["executor://nunit3testexecutor/"]}}
TpTrace Verbose: 0 : 2212, 8, 2024/04/02, 08:17:02.113, 1505491903538, vstest.console.dll, TestRequestSender.EndSession: Sending end session.
TpTrace Verbose: 0 : 2212, 8, 2024/04/02, 08:17:02.113, 1505491905088, vstest.console.dll, ProxyOperationManager.Close: waiting for test host to exit for 100 ms
TpTrace Verbose: 0 : 2212, 12, 2024/04/02, 08:17:02.158, 1505492352318, vstest.console.dll, TestHostManagerCallbacks.ctor: Experimental forwarding output is disabled.
TpTrace Warning: 0 : 2212, 12, 2024/04/02, 08:17:02.158, 1505492353165, vstest.console.dll, TestHostManagerCallbacks.ErrorReceivedCallback Test host standard error line: 
TpTrace Warning: 0 : 2212, 8, 2024/04/02, 08:17:02.216, 1505492932139, vstest.console.dll, ProxyOperationManager: Timed out waiting for test host to exit. Will terminate process.
TpTrace Information: 0 : 2212, 8, 2024/04/02, 08:17:02.216, 1505492934259, vstest.console.dll, SocketServer.Stop: Stop server endPoint: 127.0.0.1:62403
TpTrace Information: 0 : 2212, 8, 2024/04/02, 08:17:02.216, 1505492934584, vstest.console.dll, SocketServer.Stop: Cancellation requested. Stopping message loop.
TpTrace Information: 0 : 2212, 8, 2024/04/02, 08:17:02.216, 1505492936839, vstest.console.dll, Closing the connection
TpTrace Verbose: 0 : 2212, 8, 2024/04/02, 08:17:02.464, 1505495415161, vstest.console.dll, TestHostProvider.ExitCallBack: Host exited starting callback.
TpTrace Information: 0 : 2212, 8, 2024/04/02, 08:17:02.464, 1505495416870, vstest.console.dll, TestHostManagerCallbacks.ExitCallBack: Testhost processId: 15160 exited with exitcode: 0 error: ''
TpTrace Verbose: 0 : 2212, 8, 2024/04/02, 08:17:02.464, 1505495417218, vstest.console.dll, DotnetTestHostManager.OnHostExited: invoking OnHostExited callback
TpTrace Verbose: 0 : 2212, 8, 2024/04/02, 08:17:02.464, 1505495418019, vstest.console.dll, CrossPlatEngine.TestHostManagerHostExited: calling on client process exit callback.
TpTrace Information: 0 : 2212, 8, 2024/04/02, 08:17:02.464, 1505495418452, vstest.console.dll, TestRequestSender.OnClientProcessExit: Test host process exited. Standard error: 
TpTrace Information: 0 : 2212, 8, 2024/04/02, 08:17:02.464, 1505495418758, vstest.console.dll, SocketServer.Stop: Stop server endPoint: 127.0.0.1:62403
TpTrace Information: 0 : 2212, 8, 2024/04/02, 08:17:02.465, 1505495418947, vstest.console.dll, SocketServer.Stop: Cancellation requested. Stopping message loop.
TpTrace Verbose: 0 : 2212, 8, 2024/04/02, 08:17:02.465, 1505495419248, vstest.console.dll, MulticastDelegateUtilities.SafeInvoke: HostProviderEvents.OnHostExited: Invoking callback 1/1 for Microsoft.VisualStudio.TestPlatform.CrossPlatEngine.Client.ProxyOperationManager., took 0 ms.
TpTrace Verbose: 0 : 2212, 8, 2024/04/02, 08:17:02.465, 1505495421722, vstest.console.dll, ProxyDataCollectionManager.InvokeDataCollectionServiceAction: Starting.
TpTrace Information: 0 : 2212, 8, 2024/04/02, 08:17:02.465, 1505495422030, vstest.console.dll, ProxyDataCollectionManager.AfterTestRunEnd: Get attachment set and invoked data collectors processId: 2024 port: 62400
TpTrace Verbose: 0 : 2212, 8, 2024/04/02, 08:17:02.465, 1505495422402, vstest.console.dll, DataCollectionRequestSender.SendAfterTestRunStartAndGetResult: Send AfterTestRunEnd message with isCancelled: False
TpTrace Verbose: 0 : 2212, 8, 2024/04/02, 08:17:02.475, 1505495519601, vstest.console.dll, DataCollectionRequestSender.SendAfterTestRunStartAndGetResult: Received message: (DataCollection.AfterTestRunEndResult) -> {"MessageType":"DataCollection.AfterTestRunEndResult","Payload":{"AttachmentSets":[],"InvokedDataCollectors":[{"Uri":"datacollector://Microsoft/TestPlatform/Extensions/Blame/v1","FriendlyName":"Blame","AssemblyQualifiedName":"Microsoft.TestPlatform.Extensions.BlameDataCollector.BlameCollector, Microsoft.TestPlatform.Extensions.BlameDataCollector, Version=15.0.0.0, Culture=neutral, PublicKeyToken=b03f5f7f11d50a3a","FilePath":"C:\\Program Files\\dotnet\\sdk\\8.0.200\\Extensions\\Microsoft.TestPlatform.Extensions.BlameDataCollector.dll","HasAttachmentProcessor":false}],"Metrics":{}}}
TpTrace Information: 0 : 2212, 8, 2024/04/02, 08:17:02.480, 1505495574014, vstest.console.dll, ProxyDataCollectionManager.InvokeDataCollectionServiceAction: Completed.
TpTrace Warning: 0 : 2212, 11, 2024/04/02, 08:17:02.493, 1505495707579, vstest.console.dll, DataCollectionLauncher.ErrorReceivedCallback datacollector standard error line: 
TpTrace Information: 0 : 2212, 11, 2024/04/02, 08:17:02.500, 1505495776031, vstest.console.dll, DataCollectionLauncher.ExitCallBack: Data collector exited with exitcode: 0 error: ''
TpTrace Verbose: 0 : 2212, 8, 2024/04/02, 08:17:02.514, 1505495913080, vstest.console.dll, TestRunRequest:SendTestRunStatsChange: Starting.
TpTrace Verbose: 0 : 2212, 8, 2024/04/02, 08:17:02.514, 1505495914095, vstest.console.dll, MulticastDelegateUtilities.SafeInvoke: TestRun.RunStatsChanged: Invoking callbacks was skipped because there are no subscribers.
TpTrace Information: 0 : 2212, 8, 2024/04/02, 08:17:02.514, 1505495914325, vstest.console.dll, TestRunRequest:SendTestRunStatsChange: Completed.
TpTrace Verbose: 0 : 2212, 8, 2024/04/02, 08:17:02.514, 1505495916938, vstest.console.dll, ParallelProxyExecutionManager: HandlePartialRunComplete: Total workloads = 1, Total started clients = 1 Total completed clients = 1, Run complete = True, Run canceled: False.
TpTrace Verbose: 0 : 2212, 8, 2024/04/02, 08:17:02.514, 1505495917230, vstest.console.dll, ParallelProxyExecutionManager: HandlePartialRunComplete: All runs completed stopping all managers.
TpTrace Verbose: 0 : 2212, 8, 2024/04/02, 08:17:02.514, 1505495917471, vstest.console.dll, ParallelOperationManager.StopAllManagers: Stopping all managers.
TpTrace Verbose: 0 : 2212, 8, 2024/04/02, 08:17:02.514, 1505495917739, vstest.console.dll, ParallelOperationManager.ClearSlots: Clearing all slots. Slots should accept more work: False
TpTrace Verbose: 0 : 2212, 8, 2024/04/02, 08:17:02.514, 1505495918382, vstest.console.dll, ParallelOperationManager.SetOccupiedSlotCount: Setting slot counts AvailableSlotCount = 3, OccupiedSlotCount = 0.
TpTrace Verbose: 0 : 2212, 8, 2024/04/02, 08:17:02.515, 1505495918931, vstest.console.dll, Occupied slots:

TpTrace Information: 0 : 2212, 5, 2024/04/02, 08:17:02.515, 1505495921631, vstest.console.dll, AssemblyResolver.OnResolve: Microsoft.TestPlatform.CoreUtilities.resources: Resolving assembly.
TpTrace Information: 0 : 2212, 5, 2024/04/02, 08:17:02.515, 1505495922383, vstest.console.dll, AssemblyResolver.OnResolve: Microsoft.TestPlatform.CoreUtilities.resources: Searching in: 'C:\Program Files\dotnet\sdk\8.0.200\Extensions'.
TpTrace Information: 0 : 2212, 5, 2024/04/02, 08:17:02.515, 1505495923538, vstest.console.dll, AssemblyResolver.OnResolve: Microsoft.TestPlatform.CoreUtilities.resources: Assembly path does not exist: 'C:\Program Files\dotnet\sdk\8.0.200\Extensions\Microsoft.TestPlatform.CoreUtilities.resources.dll', returning.
TpTrace Information: 0 : 2212, 5, 2024/04/02, 08:17:02.515, 1505495924926, vstest.console.dll, AssemblyResolver.OnResolve: Microsoft.TestPlatform.CoreUtilities.resources: Assembly path does not exist: 'C:\Program Files\dotnet\sdk\8.0.200\Extensions\Microsoft.TestPlatform.CoreUtilities.resources.exe', returning.
TpTrace Information: 0 : 2212, 5, 2024/04/02, 08:17:02.515, 1505495925355, vstest.console.dll, AssemblyResolver.OnResolve: Microsoft.TestPlatform.CoreUtilities.resources: Searching in: 'C:\Program Files\dotnet\sdk\8.0.200'.
TpTrace Information: 0 : 2212, 5, 2024/04/02, 08:17:02.515, 1505495926070, vstest.console.dll, AssemblyResolver.OnResolve: Microsoft.TestPlatform.CoreUtilities.resources: Assembly path does not exist: 'C:\Program Files\dotnet\sdk\8.0.200\Microsoft.TestPlatform.CoreUtilities.resources.dll', returning.
TpTrace Information: 0 : 2212, 5, 2024/04/02, 08:17:02.515, 1505495926670, vstest.console.dll, AssemblyResolver.OnResolve: Microsoft.TestPlatform.CoreUtilities.resources: Assembly path does not exist: 'C:\Program Files\dotnet\sdk\8.0.200\Microsoft.TestPlatform.CoreUtilities.resources.exe', returning.
TpTrace Information: 0 : 2212, 5, 2024/04/02, 08:17:02.515, 1505495926910, vstest.console.dll, AssemblyResolver.OnResolve: Microsoft.TestPlatform.CoreUtilities.resources: Failed to load assembly.
TpTrace Error: 0 : 2212, 5, 2024/04/02, 08:17:02.522, 1505495998669, vstest.console.dll, MulticastDelegateUtilities.SafeInvoke: 1: Invoking callback 1/Microsoft.VisualStudio.TestPlatform.CommandLine.Internal.ConsoleLogger for .InternalTestLoggerEvents.SendTestResult, failed after 4 ms with: System.Reflection.TargetInvocationException: Exception has been thrown by the target of an invocation.
 ---> System.ArgumentException: Le paramètre ne peut pas avoir une valeur null ou être vide. (Parameter 'format')
   at Microsoft.VisualStudio.TestPlatform.Utilities.OutputExtensions.Format(String messageTypeFormat, String format, Object[] args) in /_/src/Microsoft.TestPlatform.CoreUtilities/Output/OutputExtensions.cs:line 105
   at Microsoft.VisualStudio.TestPlatform.Utilities.OutputExtensions.<>c__DisplayClass4_0.<Information>b__0() in /_/src/Microsoft.TestPlatform.CoreUtilities/Output/OutputExtensions.cs:line 65
   at Microsoft.VisualStudio.TestPlatform.Utilities.OutputExtensions.SetColorForAction(ConsoleColor foregroundColor, Action action) in /_/src/Microsoft.TestPlatform.CoreUtilities/Output/OutputExtensions.cs:line 132
   at Microsoft.VisualStudio.TestPlatform.CommandLine.Internal.ConsoleLogger.DisplayFullInformation(TestResult result) in /_/src/vstest.console/Internal/ConsoleLogger.cs:line 311
   at Microsoft.VisualStudio.TestPlatform.CommandLine.Internal.ConsoleLogger.TestResultHandler(Object sender, TestResultEventArgs e) in /_/src/vstest.console/Internal/ConsoleLogger.cs:line 572
   at System.RuntimeMethodHandle.InvokeMethod(Object target, Void** arguments, Signature sig, Boolean isConstructor)
   at System.Reflection.MethodBaseInvoker.InvokeDirectByRefWithFewArgs(Object obj, Span`1 copyOfArgs, BindingFlags invokeAttr)
   --- End of inner exception stack trace ---
   at System.Reflection.MethodBaseInvoker.InvokeDirectByRefWithFewArgs(Object obj, Span`1 copyOfArgs, BindingFlags invokeAttr)
   at System.Reflection.MethodBaseInvoker.InvokeWithFewArgs(Object obj, BindingFlags invokeAttr, Binder binder, Object[] parameters, CultureInfo culture)
   at System.Delegate.DynamicInvokeImpl(Object[] args)
   at Microsoft.VisualStudio.TestPlatform.Utilities.MulticastDelegateUtilities.SafeInvoke(Delegate delegates, Object sender, Object args, String traceDisplayName) in /_/src/Microsoft.TestPlatform.CoreUtilities/Utilities/MulticastDelegateUtilities.cs:line 59.
TpTrace Verbose: 0 : 2212, 5, 2024/04/02, 08:17:02.523, 1505496000239, vstest.console.dll, MulticastDelegateUtilities.SafeInvoke: InternalTestLoggerEvents.SendTestRunComplete: Invoking callback 1/2 for Microsoft.TestPlatform.Extensions.BlameDataCollector.BlameLogger., took 0 ms.
TpTrace Verbose: 0 : 2212, 5, 2024/04/02, 08:17:02.527, 1505496048036, vstest.console.dll, MulticastDelegateUtilities.SafeInvoke: InternalTestLoggerEvents.SendTestRunComplete: Invoking callback 2/2 for Microsoft.VisualStudio.TestPlatform.CommandLine.Internal.ConsoleLogger., took 4 ms.
TpTrace Verbose: 0 : 2212, 8, 2024/04/02, 08:17:02.528, 1505496051406, vstest.console.dll, TestRunRequest:TestRunComplete: Starting. IsAborted:False IsCanceled:False.
TpTrace Verbose: 0 : 2212, 8, 2024/04/02, 08:17:02.528, 1505496052658, vstest.console.dll, ParallelOperationManager.DoActionOnAllManagers: Calling an action on all managers.
TpTrace Verbose: 0 : 2212, 8, 2024/04/02, 08:17:02.529, 1505496066409, vstest.console.dll, TestLoggerManager.HandleTestRunComplete: Ignoring as the object is disposed.
TpTrace Verbose: 0 : 2212, 8, 2024/04/02, 08:17:02.529, 1505496068085, vstest.console.dll, MulticastDelegateUtilities.SafeInvoke: TestRun.TestRunComplete: Invoking callback 1/2 for Microsoft.VisualStudio.TestPlatform.CommandLine.TestRunResultAggregator., took 0 ms.
TpTrace Verbose: 0 : 2212, 8, 2024/04/02, 08:17:02.530, 1505496068998, vstest.console.dll, MulticastDelegateUtilities.SafeInvoke: TestRun.TestRunComplete: Invoking callback 2/2 for Microsoft.VisualStudio.TestPlatform.CommandLine.Processors.RunTestsArgumentExecutor+TestRunRequestEventsRegistrar., took 0 ms.
TpTrace Information: 0 : 2212, 8, 2024/04/02, 08:17:02.530, 1505496069786, vstest.console.dll, TestRunRequest:TestRunComplete: Completed.
TpTrace Verbose: 0 : 2212, 8, 2024/04/02, 08:17:02.530, 1505496070043, vstest.console.dll, TestRequestSender.SetOperationComplete: Setting operation complete.
TpTrace Verbose: 0 : 2212, 1, 2024/04/02, 08:17:02.530, 1505496070182, vstest.console.dll, TestRunRequest.Dispose: Starting.
TpTrace Information: 0 : 2212, 1, 2024/04/02, 08:17:02.530, 1505496070670, vstest.console.dll, TestRunRequest.Dispose: Completed.
TpTrace Information: 0 : 2212, 8, 2024/04/02, 08:17:02.530, 1505496070222, vstest.console.dll, SocketServer.Stop: Stop server endPoint: 127.0.0.1:62403
TpTrace Information: 0 : 2212, 1, 2024/04/02, 08:17:02.530, 1505496071164, vstest.console.dll, TestRequestManager.RunTests: run tests completed.
TpTrace Information: 0 : 2212, 8, 2024/04/02, 08:17:02.530, 1505496071445, vstest.console.dll, SocketServer.Stop: Cancellation requested. Stopping message loop.
TpTrace Verbose: 0 : 2212, 8, 2024/04/02, 08:17:02.530, 1505496071916, vstest.console.dll, MulticastDelegateUtilities.SafeInvoke: LengthPrefixCommunicationChannel: MessageReceived: Invoking callback 1/1 for Microsoft.VisualStudio.TestPlatform.CommunicationUtilities.TestRequestSender+<>c__DisplayClass34_0., took 417 ms.
TpTrace Information: 0 : 2212, 8, 2024/04/02, 08:17:02.530, 1505496072238, vstest.console.dll, SocketServer.PrivateStop: Stopping server endPoint: 127.0.0.1:62403 error: 
TpTrace Information: 0 : 2212, 1, 2024/04/02, 08:17:02.530, 1505496072251, vstest.console.dll, RunTestsArgumentProcessor:Execute: Test run is completed.
TpTrace Verbose: 0 : 2212, 1, 2024/04/02, 08:17:02.530, 1505496074929, vstest.console.dll, Executor.Execute: Exiting with exit code of 1
TpTrace Verbose: 0 : 2212, 8, 2024/04/02, 08:17:02.530, 1505496075864, vstest.console.dll, LengthPrefixCommunicationChannel.Dispose: Dispose reader and writer.
TpTrace Information: 0 : 2212, 8, 2024/04/02, 08:17:02.530, 1505496076519, vstest.console.dll, SocketServer.Stop: Raise disconnected event endPoint: 127.0.0.1:62403 error: 
TpTrace Verbose: 0 : 2212, 8, 2024/04/02, 08:17:02.530, 1505496077329, vstest.console.dll, TestRequestSender: OnTestRunAbort: Operation is already complete. Skip error message.
TpTrace Verbose: 0 : 2212, 8, 2024/04/02, 08:17:02.530, 1505496077699, vstest.console.dll, MulticastDelegateUtilities.SafeInvoke: SocketServer: ClientDisconnected: Invoking callback 1/1 for Microsoft.VisualStudio.TestPlatform.CommunicationUtilities.TestRequestSender., took 0 ms.
TpTrace Verbose: 0 : 2212, 8, 2024/04/02, 08:17:02.530, 1505496077981, vstest.console.dll, TcpClientExtensions.MessageLoopAsync: exiting MessageLoopAsync remoteEndPoint: 127.0.0.1:62404 localEndPoint: 127.0.0.1:62403
