TpTrace Verbose: 0 : 15160, 1, 2024/04/02, 08:16:42.924, 1505300010772, testhost.dll, Version: 17.8.0 Current process architecture: X64
TpTrace Verbose: 0 : 15160, 1, 2024/04/02, 08:16:42.927, 1505300047275, testhost.dll, Runtime location: C:\Program Files\dotnet\shared\Microsoft.NETCore.App\8.0.2
TpTrace Information: 0 : 15160, 1, 2024/04/02, 08:16:42.930, 1505300070048, testhost.dll, DefaultEngineInvoker.Invoke: Testhost process started with args :[--port, 62403],[--endpoint, 127.0.0.1:062403],[--role, client],[--parentprocessid, 2212],[--diag, C:\Theotim\EPSI\Csharp\Salle-Theotim\Salle-TheotimTests\bin\Debug\net8.0\fine-code-coverage\coverage-tool-output\diagnostics.host.24-04-02_08-16-42_70536_6.log],[--tracelevel, 4],[--datacollectionport, 62402],[--telemetryoptedin, false]
TpTrace Information: 0 : 15160, 1, 2024/04/02, 08:16:42.930, 1505300074281, testhost.dll, Setting up debug trace listener.
TpTrace Verbose: 0 : 15160, 1, 2024/04/02, 08:16:42.930, 1505300075346, testhost.dll, TestPlatformTraceListener.Setup: Replacing listener System.Diagnostics.DefaultTraceListener with TestHostTraceListener.
TpTrace Verbose: 0 : 15160, 1, 2024/04/02, 08:16:42.930, 1505300076067, testhost.dll, TestPlatformTraceListener.Setup: Added test platform trace listener.
TpTrace Information: 0 : 15160, 1, 2024/04/02, 08:16:42.930, 1505300078238, testhost.dll, DefaultEngineInvoker.SetParentProcessExitCallback: Monitoring parent process with id: '2212'
TpTrace Information: 0 : 15160, 1, 2024/04/02, 08:16:42.933, 1505300102775, testhost.dll, DefaultEngineInvoker.GetConnectionInfo: Initialize communication on endpoint address: '127.0.0.1:062403'
TpTrace Information: 0 : 15160, 1, 2024/04/02, 08:16:42.943, 1505300199027, testhost.dll, SocketClient.Start: connecting to server endpoint: 127.0.0.1:062403
TpTrace Information: 0 : 15160, 10, 2024/04/02, 08:16:42.949, 1505300262295, testhost.dll, SocketClient.OnServerConnected: connected to server endpoint: 127.0.0.1:062403
TpTrace Verbose: 0 : 15160, 10, 2024/04/02, 08:16:42.951, 1505300279084, testhost.dll, MulticastDelegateUtilities.SafeInvoke: SocketClient: ServerConnected: Invoking callback 1/1 for Microsoft.VisualStudio.TestPlatform.CommunicationUtilities.TestRequestHandler., took 0 ms.
TpTrace Verbose: 0 : 15160, 10, 2024/04/02, 08:16:42.951, 1505300279584, testhost.dll, Connected to server, and starting MessageLoopAsync
TpTrace Information: 0 : 15160, 1, 2024/04/02, 08:16:42.951, 1505300288370, testhost.dll, DefaultEngineInvoker.ConnectToDatacollector: Connecting to datacollector, port: 62402
TpTrace Information: 0 : 15160, 1, 2024/04/02, 08:16:42.952, 1505300295463, testhost.dll, Trying to connect to server on socket : 127.0.0.1:62402 
TpTrace Verbose: 0 : 15160, 1, 2024/04/02, 08:16:42.952, 1505300297461, testhost.dll, SocketCommunicationManager : SetupClientAsync : Attempting to connect to the server.
TpTrace Information: 0 : 15160, 12, 2024/04/02, 08:16:42.954, 1505300317279, testhost.dll, Connected to the server successfully 
TpTrace Information: 0 : 15160, 12, 2024/04/02, 08:16:42.954, 1505300317841, testhost.dll, Using the buffer size of 16384 bytes
TpTrace Verbose: 0 : 15160, 1, 2024/04/02, 08:16:42.954, 1505300318499, testhost.dll, SocketCommunicationManager.WaitForServerConnection took: 0 ms, with 90000 ms timeout, and finished with True.
TpTrace Information: 0 : 15160, 1, 2024/04/02, 08:16:42.955, 1505300319477, testhost.dll, DefaultEngineInvoker.Invoke: Start Request Processing.
TpTrace Information: 0 : 15160, 13, 2024/04/02, 08:16:42.955, 1505300324915, testhost.dll, DefaultEngineInvoker.StartProcessingAsync: Connected to vstest.console, Starting process requests.
TpTrace Verbose: 0 : 15160, 10, 2024/04/02, 08:16:42.956, 1505300329305, testhost.dll, TcpClientExtensions.MessageLoopAsync: Polling on remoteEndPoint: [::ffff:127.0.0.1]:62403 localEndPoint: [::ffff:127.0.0.1]:62404
TpTrace Verbose: 0 : 15160, 10, 2024/04/02, 08:16:42.956, 1505300329889, testhost.dll, TcpClientExtensions.MessageLoopAsync: NotifyDataAvailable remoteEndPoint: [::ffff:127.0.0.1]:62403 localEndPoint: [::ffff:127.0.0.1]:62404
TpTrace Information: 0 : 15160, 10, 2024/04/02, 08:16:42.958, 1505300356742, testhost.dll, TestRequestHandler.OnMessageReceived: received message: (ProtocolVersion) -> {"MessageType":"ProtocolVersion","Payload":7}
TpTrace Verbose: 0 : 15160, 10, 2024/04/02, 08:16:43.042, 1505301195863, testhost.dll, TestRequestHandler.SendData: sending data from testhost: {"Version":7,"MessageType":"TestSession.Message","Payload":{"MessageLevel":0,"Message":"Journalisation des diagnostics TestHost dans le fichierÂ : C:\\Theotim\\EPSI\\Csharp\\Salle-Theotim\\Salle-TheotimTests\\bin\\Debug\\net8.0\\fine-code-coverage\\coverage-tool-output\\diagnostics.host.24-04-02_08-16-42_70536_6.log"}}
TpTrace Verbose: 0 : 15160, 10, 2024/04/02, 08:16:43.042, 1505301197776, testhost.dll, MulticastDelegateUtilities.SafeInvoke: LengthPrefixCommunicationChannel: MessageReceived: Invoking callback 1/1 for Microsoft.VisualStudio.TestPlatform.CommunicationUtilities.TestRequestHandler., took 85 ms.
TpTrace Verbose: 0 : 15160, 10, 2024/04/02, 08:16:43.042, 1505301198167, testhost.dll, TcpClientExtensions.MessageLoopAsync: Polling on remoteEndPoint: [::ffff:127.0.0.1]:62403 localEndPoint: [::ffff:127.0.0.1]:62404
TpTrace Verbose: 0 : 15160, 10, 2024/04/02, 08:16:43.042, 1505301198584, testhost.dll, TcpClientExtensions.MessageLoopAsync: NotifyDataAvailable remoteEndPoint: [::ffff:127.0.0.1]:62403 localEndPoint: [::ffff:127.0.0.1]:62404
TpTrace Information: 0 : 15160, 10, 2024/04/02, 08:16:43.043, 1505301200751, testhost.dll, TestRequestHandler.OnMessageReceived: received message: (TestExecution.Initialize) -> {"Version":7,"MessageType":"TestExecution.Initialize","Payload":["C:\\Theotim\\EPSI\\Csharp\\Salle-Theotim\\Salle-TheotimTests\\bin\\Debug\\net8.0\\fine-code-coverage\\build-output\\NUnit3.TestAdapter.dll"]}
TpTrace Verbose: 0 : 15160, 10, 2024/04/02, 08:16:43.050, 1505301271276, testhost.dll, MulticastDelegateUtilities.SafeInvoke: LengthPrefixCommunicationChannel: MessageReceived: Invoking callback 1/1 for Microsoft.VisualStudio.TestPlatform.CommunicationUtilities.TestRequestHandler., took 7 ms.
TpTrace Verbose: 0 : 15160, 10, 2024/04/02, 08:16:43.050, 1505301272386, testhost.dll, TcpClientExtensions.MessageLoopAsync: Polling on remoteEndPoint: [::ffff:127.0.0.1]:62403 localEndPoint: [::ffff:127.0.0.1]:62404
TpTrace Verbose: 0 : 15160, 10, 2024/04/02, 08:16:43.050, 1505301272828, testhost.dll, TcpClientExtensions.MessageLoopAsync: NotifyDataAvailable remoteEndPoint: [::ffff:127.0.0.1]:62403 localEndPoint: [::ffff:127.0.0.1]:62404
TpTrace Information: 0 : 15160, 10, 2024/04/02, 08:16:43.050, 1505301273774, testhost.dll, TestRequestHandler.OnMessageReceived: received message: (TestExecution.StartWithSources) -> {"Version":7,"MessageType":"TestExecution.StartWithSources","Payload":{"AdapterSourceMap":{"_none_":["C:\\Theotim\\EPSI\\Csharp\\Salle-Theotim\\Salle-TheotimTests\\bin\\Debug\\net8.0\\fine-code-coverage\\build-output\\SalleTheotimTests.dll"]},"RunSettings":"<RunSettings>\r\n  <RunConfiguration>\r\n    <ResultsDirectory>C:\\Theotim\\EPSI\\Csharp\\Salle-Theotim\\Salle-TheotimTests\\bin\\Debug\\net8.0\\fine-code-coverage\\coverage-tool-output</ResultsDirectory>\r\n    <TargetFrameworkVersion>.NETCoreApp,Version=v8.0</TargetFrameworkVersion>\r\n    <DesignMode>False</DesignMode>\r\n    <CollectSourceInformation>False</CollectSourceInformation>\r\n  </RunConfiguration>\r\n  <LoggerRunSettings>\r\n    <Loggers>\r\n      <Logger friendlyName=\"blame\" enabled=\"True\" />\r\n      <Logger friendlyName=\"Console\" uri=\"logger://microsoft/TestPlatform/ConsoleLogger/v1\" assemblyQualifiedName=\"Microsoft.VisualStudio.TestPlatform.CommandLine.Internal.ConsoleLogger, vstest.console, Version=15.0.0.0, Culture=neutral, PublicKeyToken=b03f5f7f11d50a3a\" codeBase=\"C:\\Program Files\\dotnet\\sdk\\8.0.200\\vstest.console.dll\" enabled=\"True\" />\r\n    </Loggers>\r\n  </LoggerRunSettings>\r\n  <DataCollectionRunSettings>\r\n    <DataCollectors>\r\n      <DataCollector friendlyName=\"blame\" enabled=\"True\">\r\n        <Configuration>\r\n          <ResultsDirectory>C:\\Theotim\\EPSI\\Csharp\\Salle-Theotim\\Salle-TheotimTests\\bin\\Debug\\net8.0\\fine-code-coverage\\coverage-tool-output</ResultsDirectory>\r\n        </Configuration>\r\n      </DataCollector>\r\n    </DataCollectors>\r\n  </DataCollectionRunSettings>\r\n</RunSettings>","TestExecutionContext":{"FrequencyOfRunStatsChangeEvent":10,"RunStatsChangeEventTimeout":"00:00:01.5000000","InIsolation":false,"KeepAlive":false,"AreTestCaseLevelEventsRequired":false,"IsDebug":false,"TestCaseFilter":null,"FilterOptions":null},"Package":null}}
TpTrace Information: 0 : 15160, 5, 2024/04/02, 08:16:43.050, 1505301275830, testhost.dll, TestRequestHandler.OnMessageReceived: Running job 'TestExecution.Initialize'.
TpTrace Verbose: 0 : 15160, 5, 2024/04/02, 08:16:43.052, 1505301293754, testhost.dll, TestExecutorService: Loading the extensions
TpTrace Verbose: 0 : 15160, 5, 2024/04/02, 08:16:43.053, 1505301306958, testhost.dll, TestPluginCache.DiscoverTestExtensions: finding test extensions in assemblies ends with: TestAdapter.dll TPluginInfo: Microsoft.VisualStudio.TestPlatform.Common.ExtensionFramework.Utilities.TestExecutorPluginInformation TExtension: Microsoft.VisualStudio.TestPlatform.ObjectModel.Adapter.ITestExecutor
TpTrace Verbose: 0 : 15160, 5, 2024/04/02, 08:16:43.055, 1505301326025, testhost.dll, TestPluginCache.GetExtensionPaths: Filtered extension paths: 
TpTrace Verbose: 0 : 15160, 5, 2024/04/02, 08:16:43.056, 1505301329534, testhost.dll, TestPluginCache.GetExtensionPaths: Added default extension paths: C:\Theotim\EPSI\Csharp\Salle-Theotim\Salle-TheotimTests\bin\Debug\net8.0\fine-code-coverage\build-output\NUnit3.TestAdapter.dll
TpTrace Verbose: 0 : 15160, 5, 2024/04/02, 08:16:43.056, 1505301330102, testhost.dll, TestPluginCache.GetExtensionPaths: Added unfilterableExtensionPaths: 
TpTrace Information: 0 : 15160, 5, 2024/04/02, 08:16:43.057, 1505301343057, testhost.dll, AssemblyResolver.ctor: Creating AssemblyResolver with searchDirectories C:\Theotim\EPSI\Csharp\Salle-Theotim\Salle-TheotimTests\bin\Debug\net8.0\fine-code-coverage\build-output
TpTrace Verbose: 0 : 15160, 5, 2024/04/02, 08:16:43.058, 1505301351629, testhost.dll, TestPluginCache.DiscoverTestExtensions: Discovering the extensions using extension path.
TpTrace Verbose: 0 : 15160, 5, 2024/04/02, 08:16:43.058, 1505301352850, testhost.dll, TestPluginCache.GetExtensionPaths: Filtered extension paths: 
TpTrace Verbose: 0 : 15160, 5, 2024/04/02, 08:16:43.058, 1505301353174, testhost.dll, TestPluginCache.GetExtensionPaths: Added default extension paths: C:\Theotim\EPSI\Csharp\Salle-Theotim\Salle-TheotimTests\bin\Debug\net8.0\fine-code-coverage\build-output\NUnit3.TestAdapter.dll
TpTrace Verbose: 0 : 15160, 5, 2024/04/02, 08:16:43.058, 1505301353410, testhost.dll, TestPluginCache.GetExtensionPaths: Added unfilterableExtensionPaths: 
TpTrace Verbose: 0 : 15160, 5, 2024/04/02, 08:16:43.058, 1505301353992, testhost.dll, TestPluginCache.DiscoverTestExtensions: Discovering the extensions using allExtensionPaths: C:\Theotim\EPSI\Csharp\Salle-Theotim\Salle-TheotimTests\bin\Debug\net8.0\fine-code-coverage\build-output\NUnit3.TestAdapter.dll
TpTrace Information: 0 : 15160, 5, 2024/04/02, 08:16:43.058, 1505301358748, testhost.dll, AssemblyResolver.AddSearchDirectories: Adding more searchDirectories C:\Theotim\EPSI\Csharp\Salle-Theotim\Salle-TheotimTests\bin\Debug\net8.0\fine-code-coverage\build-output
TpTrace Information: 0 : 15160, 5, 2024/04/02, 08:16:43.060, 1505301376280, testhost.dll, AssemblyResolver.OnResolve: NUnit3.TestAdapter: Resolving assembly.
TpTrace Information: 0 : 15160, 5, 2024/04/02, 08:16:43.060, 1505301377190, testhost.dll, AssemblyResolver.OnResolve: NUnit3.TestAdapter: Searching in: 'C:\Theotim\EPSI\Csharp\Salle-Theotim\Salle-TheotimTests\bin\Debug\net8.0\fine-code-coverage\build-output'.
TpTrace Information: 0 : 15160, 5, 2024/04/02, 08:16:43.066, 1505301430014, testhost.dll, AssemblyResolver.OnResolve: NUnit3.TestAdapter: Loading assembly 'C:\Theotim\EPSI\Csharp\Salle-Theotim\Salle-TheotimTests\bin\Debug\net8.0\fine-code-coverage\build-output\NUnit3.TestAdapter.dll'.
TpTrace Information: 0 : 15160, 5, 2024/04/02, 08:16:43.066, 1505301435021, testhost.dll, AssemblyResolver.OnResolve: Resolved assembly: NUnit3.TestAdapter, from path: C:\Theotim\EPSI\Csharp\Salle-Theotim\Salle-TheotimTests\bin\Debug\net8.0\fine-code-coverage\build-output\NUnit3.TestAdapter.dll
TpTrace Verbose: 0 : 15160, 10, 2024/04/02, 08:16:43.067, 1505301445490, testhost.dll, MulticastDelegateUtilities.SafeInvoke: LengthPrefixCommunicationChannel: MessageReceived: Invoking callback 1/1 for Microsoft.VisualStudio.TestPlatform.CommunicationUtilities.TestRequestHandler., took 17 ms.
TpTrace Verbose: 0 : 15160, 10, 2024/04/02, 08:16:43.067, 1505301446057, testhost.dll, TcpClientExtensions.MessageLoopAsync: Polling on remoteEndPoint: [::ffff:127.0.0.1]:62403 localEndPoint: [::ffff:127.0.0.1]:62404
TpTrace Verbose: 0 : 15160, 5, 2024/04/02, 08:16:43.082, 1505301596849, testhost.dll, MetadataReaderExtensionsHelper: Discovering extensions inside assembly 'NUnit3.TestAdapter, Version=4.5.0.0, Culture=neutral, PublicKeyToken=4cb40d35494691ac' file path 'C:\Theotim\EPSI\Csharp\Salle-Theotim\Salle-TheotimTests\bin\Debug\net8.0\fine-code-coverage\build-output\NUnit3.TestAdapter.dll'
TpTrace Information: 0 : 15160, 5, 2024/04/02, 08:16:43.084, 1505301617393, testhost.dll, AssemblyResolver.OnResolve: nunit.engine.api: Resolving assembly.
TpTrace Information: 0 : 15160, 5, 2024/04/02, 08:16:43.084, 1505301618574, testhost.dll, AssemblyResolver.OnResolve: nunit.engine.api: Searching in: 'C:\Theotim\EPSI\Csharp\Salle-Theotim\Salle-TheotimTests\bin\Debug\net8.0\fine-code-coverage\build-output'.
TpTrace Information: 0 : 15160, 5, 2024/04/02, 08:16:43.085, 1505301621155, testhost.dll, AssemblyResolver.OnResolve: nunit.engine.api: Loading assembly 'C:\Theotim\EPSI\Csharp\Salle-Theotim\Salle-TheotimTests\bin\Debug\net8.0\fine-code-coverage\build-output\nunit.engine.api.dll'.
TpTrace Information: 0 : 15160, 5, 2024/04/02, 08:16:43.085, 1505301623845, testhost.dll, AssemblyResolver.OnResolve: Resolved assembly: nunit.engine.api, from path: C:\Theotim\EPSI\Csharp\Salle-Theotim\Salle-TheotimTests\bin\Debug\net8.0\fine-code-coverage\build-output\nunit.engine.api.dll
TpTrace Information: 0 : 15160, 5, 2024/04/02, 08:16:43.088, 1505301650201, testhost.dll, GetTestExtensionFromType: Register extension with identifier data 'executor://NUnit3TestExecutor' and type 'NUnit.VisualStudio.TestAdapter.NUnit3TestExecutor, NUnit3.TestAdapter, Version=4.5.0.0, Culture=neutral, PublicKeyToken=4cb40d35494691ac' inside file 'C:\Theotim\EPSI\Csharp\Salle-Theotim\Salle-TheotimTests\bin\Debug\net8.0\fine-code-coverage\build-output\NUnit3.TestAdapter.dll'
TpTrace Verbose: 0 : 15160, 5, 2024/04/02, 08:16:43.089, 1505301665183, testhost.dll, TestPluginCache: Discovered the extensions using extension path ''.
TpTrace Verbose: 0 : 15160, 5, 2024/04/02, 08:16:43.090, 1505301669254, testhost.dll, TestPluginCache: Discoverers are ''.
TpTrace Verbose: 0 : 15160, 5, 2024/04/02, 08:16:43.090, 1505301669808, testhost.dll, TestPluginCache: Executors are 'executor://NUnit3TestExecutor'.
TpTrace Verbose: 0 : 15160, 5, 2024/04/02, 08:16:43.090, 1505301670317, testhost.dll, TestPluginCache: Executors2 are ''.
TpTrace Verbose: 0 : 15160, 5, 2024/04/02, 08:16:43.090, 1505301670809, testhost.dll, TestPluginCache: Setting providers are ''.
TpTrace Verbose: 0 : 15160, 5, 2024/04/02, 08:16:43.090, 1505301671334, testhost.dll, TestPluginCache: Loggers are ''.
TpTrace Verbose: 0 : 15160, 5, 2024/04/02, 08:16:43.090, 1505301671803, testhost.dll, TestPluginCache: TestHosts are ''.
TpTrace Verbose: 0 : 15160, 5, 2024/04/02, 08:16:43.090, 1505301672407, testhost.dll, TestPluginCache: DataCollectors are ''.
TpTrace Verbose: 0 : 15160, 5, 2024/04/02, 08:16:43.091, 1505301688734, testhost.dll, TestPluginCache.DiscoverTestExtensions: finding test extensions in assemblies ends with: TestAdapter.dll TPluginInfo: Microsoft.VisualStudio.TestPlatform.Common.ExtensionFramework.Utilities.TestExecutorPluginInformation2 TExtension: Microsoft.VisualStudio.TestPlatform.ObjectModel.Adapter.ITestExecutor2
TpTrace Verbose: 0 : 15160, 5, 2024/04/02, 08:16:43.092, 1505301691279, testhost.dll, TestPluginCache.GetExtensionPaths: Filtered extension paths: 
TpTrace Verbose: 0 : 15160, 5, 2024/04/02, 08:16:43.092, 1505301691732, testhost.dll, TestPluginCache.GetExtensionPaths: Added default extension paths: C:\Theotim\EPSI\Csharp\Salle-Theotim\Salle-TheotimTests\bin\Debug\net8.0\fine-code-coverage\build-output\NUnit3.TestAdapter.dll
TpTrace Verbose: 0 : 15160, 5, 2024/04/02, 08:16:43.092, 1505301691966, testhost.dll, TestPluginCache.GetExtensionPaths: Added unfilterableExtensionPaths: 
TpTrace Information: 0 : 15160, 5, 2024/04/02, 08:16:43.092, 1505301693812, testhost.dll, AssemblyResolver.AddSearchDirectories: Adding more searchDirectories C:\Theotim\EPSI\Csharp\Salle-Theotim\Salle-TheotimTests\bin\Debug\net8.0\fine-code-coverage\build-output
TpTrace Verbose: 0 : 15160, 5, 2024/04/02, 08:16:43.092, 1505301694360, testhost.dll, TestPluginCache.DiscoverTestExtensions: Discovering the extensions using extension path.
TpTrace Verbose: 0 : 15160, 5, 2024/04/02, 08:16:43.092, 1505301694618, testhost.dll, TestPluginCache.GetExtensionPaths: Filtered extension paths: 
TpTrace Verbose: 0 : 15160, 5, 2024/04/02, 08:16:43.092, 1505301694819, testhost.dll, TestPluginCache.GetExtensionPaths: Added default extension paths: C:\Theotim\EPSI\Csharp\Salle-Theotim\Salle-TheotimTests\bin\Debug\net8.0\fine-code-coverage\build-output\NUnit3.TestAdapter.dll
TpTrace Verbose: 0 : 15160, 5, 2024/04/02, 08:16:43.092, 1505301695023, testhost.dll, TestPluginCache.GetExtensionPaths: Added unfilterableExtensionPaths: 
TpTrace Verbose: 0 : 15160, 5, 2024/04/02, 08:16:43.092, 1505301695242, testhost.dll, TestPluginCache.DiscoverTestExtensions: Discovering the extensions using allExtensionPaths: C:\Theotim\EPSI\Csharp\Salle-Theotim\Salle-TheotimTests\bin\Debug\net8.0\fine-code-coverage\build-output\NUnit3.TestAdapter.dll
TpTrace Information: 0 : 15160, 5, 2024/04/02, 08:16:43.092, 1505301695578, testhost.dll, AssemblyResolver.AddSearchDirectories: Adding more searchDirectories C:\Theotim\EPSI\Csharp\Salle-Theotim\Salle-TheotimTests\bin\Debug\net8.0\fine-code-coverage\build-output
TpTrace Verbose: 0 : 15160, 5, 2024/04/02, 08:16:43.092, 1505301696113, testhost.dll, MetadataReaderExtensionsHelper: Discovering extensions inside assembly 'NUnit3.TestAdapter, Version=4.5.0.0, Culture=neutral, PublicKeyToken=4cb40d35494691ac' file path 'C:\Theotim\EPSI\Csharp\Salle-Theotim\Salle-TheotimTests\bin\Debug\net8.0\fine-code-coverage\build-output\NUnit3.TestAdapter.dll'
TpTrace Verbose: 0 : 15160, 5, 2024/04/02, 08:16:43.093, 1505301703090, testhost.dll, TestPluginCache: Discovered the extensions using extension path ''.
TpTrace Verbose: 0 : 15160, 5, 2024/04/02, 08:16:43.093, 1505301703499, testhost.dll, TestPluginCache: Discoverers are ''.
TpTrace Verbose: 0 : 15160, 5, 2024/04/02, 08:16:43.093, 1505301703797, testhost.dll, TestPluginCache: Executors are 'executor://NUnit3TestExecutor'.
TpTrace Verbose: 0 : 15160, 5, 2024/04/02, 08:16:43.093, 1505301704308, testhost.dll, TestPluginCache: Executors2 are ''.
TpTrace Verbose: 0 : 15160, 5, 2024/04/02, 08:16:43.093, 1505301704593, testhost.dll, TestPluginCache: Setting providers are ''.
TpTrace Verbose: 0 : 15160, 5, 2024/04/02, 08:16:43.093, 1505301704791, testhost.dll, TestPluginCache: Loggers are ''.
TpTrace Verbose: 0 : 15160, 5, 2024/04/02, 08:16:43.093, 1505301704981, testhost.dll, TestPluginCache: TestHosts are ''.
TpTrace Verbose: 0 : 15160, 5, 2024/04/02, 08:16:43.093, 1505301705165, testhost.dll, TestPluginCache: DataCollectors are ''.
TpTrace Information: 0 : 15160, 5, 2024/04/02, 08:16:43.098, 1505301755701, testhost.dll, TestPluginManager.CreateTestExtension: Attempting to load test extension: NUnit.VisualStudio.TestAdapter.NUnit3TestExecutor
TpTrace Verbose: 0 : 15160, 5, 2024/04/02, 08:16:43.099, 1505301765632, testhost.dll, TestExecutorExtensionManager: Loading executor Microsoft.VisualStudio.TestPlatform.Common.ExtensionDecorators.SerialTestRunDecorator
TpTrace Verbose: 0 : 15160, 5, 2024/04/02, 08:16:43.099, 1505301766158, testhost.dll, TestExecutorService: Loaded the executors
TpTrace Verbose: 0 : 15160, 5, 2024/04/02, 08:16:43.100, 1505301770582, testhost.dll, TestPluginCache.DiscoverTestExtensions: finding test extensions in assemblies ends with: TestAdapter.dll TPluginInfo: Microsoft.VisualStudio.TestPlatform.Common.ExtensionFramework.Utilities.TestSettingsProviderPluginInformation TExtension: Microsoft.VisualStudio.TestPlatform.ObjectModel.Adapter.ISettingsProvider
TpTrace Verbose: 0 : 15160, 5, 2024/04/02, 08:16:43.100, 1505301771387, testhost.dll, TestPluginCache.GetExtensionPaths: Filtered extension paths: 
TpTrace Verbose: 0 : 15160, 5, 2024/04/02, 08:16:43.100, 1505301771695, testhost.dll, TestPluginCache.GetExtensionPaths: Added default extension paths: C:\Theotim\EPSI\Csharp\Salle-Theotim\Salle-TheotimTests\bin\Debug\net8.0\fine-code-coverage\build-output\NUnit3.TestAdapter.dll
TpTrace Verbose: 0 : 15160, 5, 2024/04/02, 08:16:43.100, 1505301771909, testhost.dll, TestPluginCache.GetExtensionPaths: Added unfilterableExtensionPaths: 
TpTrace Information: 0 : 15160, 5, 2024/04/02, 08:16:43.100, 1505301773115, testhost.dll, AssemblyResolver.AddSearchDirectories: Adding more searchDirectories C:\Theotim\EPSI\Csharp\Salle-Theotim\Salle-TheotimTests\bin\Debug\net8.0\fine-code-coverage\build-output
TpTrace Verbose: 0 : 15160, 5, 2024/04/02, 08:16:43.100, 1505301773523, testhost.dll, TestPluginCache.DiscoverTestExtensions: Discovering the extensions using extension path.
TpTrace Verbose: 0 : 15160, 5, 2024/04/02, 08:16:43.100, 1505301773756, testhost.dll, TestPluginCache.GetExtensionPaths: Filtered extension paths: 
TpTrace Verbose: 0 : 15160, 5, 2024/04/02, 08:16:43.100, 1505301773956, testhost.dll, TestPluginCache.GetExtensionPaths: Added default extension paths: C:\Theotim\EPSI\Csharp\Salle-Theotim\Salle-TheotimTests\bin\Debug\net8.0\fine-code-coverage\build-output\NUnit3.TestAdapter.dll
TpTrace Verbose: 0 : 15160, 5, 2024/04/02, 08:16:43.100, 1505301774161, testhost.dll, TestPluginCache.GetExtensionPaths: Added unfilterableExtensionPaths: 
TpTrace Verbose: 0 : 15160, 5, 2024/04/02, 08:16:43.100, 1505301774375, testhost.dll, TestPluginCache.DiscoverTestExtensions: Discovering the extensions using allExtensionPaths: C:\Theotim\EPSI\Csharp\Salle-Theotim\Salle-TheotimTests\bin\Debug\net8.0\fine-code-coverage\build-output\NUnit3.TestAdapter.dll
TpTrace Information: 0 : 15160, 5, 2024/04/02, 08:16:43.100, 1505301774730, testhost.dll, AssemblyResolver.AddSearchDirectories: Adding more searchDirectories C:\Theotim\EPSI\Csharp\Salle-Theotim\Salle-TheotimTests\bin\Debug\net8.0\fine-code-coverage\build-output
TpTrace Verbose: 0 : 15160, 5, 2024/04/02, 08:16:43.100, 1505301775209, testhost.dll, MetadataReaderExtensionsHelper: Discovering extensions inside assembly 'NUnit3.TestAdapter, Version=4.5.0.0, Culture=neutral, PublicKeyToken=4cb40d35494691ac' file path 'C:\Theotim\EPSI\Csharp\Salle-Theotim\Salle-TheotimTests\bin\Debug\net8.0\fine-code-coverage\build-output\NUnit3.TestAdapter.dll'
TpTrace Verbose: 0 : 15160, 5, 2024/04/02, 08:16:43.101, 1505301781327, testhost.dll, TestPluginCache: Discovered the extensions using extension path ''.
TpTrace Verbose: 0 : 15160, 5, 2024/04/02, 08:16:43.101, 1505301781721, testhost.dll, TestPluginCache: Discoverers are ''.
TpTrace Verbose: 0 : 15160, 5, 2024/04/02, 08:16:43.101, 1505301781956, testhost.dll, TestPluginCache: Executors are 'executor://NUnit3TestExecutor'.
TpTrace Verbose: 0 : 15160, 5, 2024/04/02, 08:16:43.101, 1505301782168, testhost.dll, TestPluginCache: Executors2 are ''.
TpTrace Verbose: 0 : 15160, 5, 2024/04/02, 08:16:43.101, 1505301782478, testhost.dll, TestPluginCache: Setting providers are ''.
TpTrace Verbose: 0 : 15160, 5, 2024/04/02, 08:16:43.101, 1505301782732, testhost.dll, TestPluginCache: Loggers are ''.
TpTrace Verbose: 0 : 15160, 5, 2024/04/02, 08:16:43.101, 1505301782935, testhost.dll, TestPluginCache: TestHosts are ''.
TpTrace Verbose: 0 : 15160, 5, 2024/04/02, 08:16:43.101, 1505301783121, testhost.dll, TestPluginCache: DataCollectors are ''.
TpTrace Verbose: 0 : 15160, 5, 2024/04/02, 08:16:43.101, 1505301787593, testhost.dll, TestExecutorService: Loaded the settings providers
TpTrace Information: 0 : 15160, 5, 2024/04/02, 08:16:43.101, 1505301787988, testhost.dll, TestExecutorService: Loaded the extensions
TpTrace Information: 0 : 15160, 5, 2024/04/02, 08:16:43.102, 1505301790967, testhost.dll, TestRequestHandler.OnMessageReceived: Running job 'TestExecution.StartWithSources'.
TpTrace Verbose: 0 : 15160, 5, 2024/04/02, 08:16:43.141, 1505302179940, testhost.dll, MulticastDelegateUtilities.SafeInvoke: TestCaseEventsHandler.RaiseSessionStart: Invoking callbacks was skipped because there are no subscribers.
TpTrace Information: 0 : 15160, 5, 2024/04/02, 08:16:43.142, 1505302194530, testhost.dll, TestDiscoveryManager: Discovering tests from sources C:\Theotim\EPSI\Csharp\Salle-Theotim\Salle-TheotimTests\bin\Debug\net8.0\fine-code-coverage\build-output\SalleTheotimTests.dll
TpTrace Verbose: 0 : 15160, 5, 2024/04/02, 08:16:43.143, 1505302206784, testhost.dll, TestPluginCache.DiscoverTestExtensions: finding test extensions in assemblies ends with: TestAdapter.dll TPluginInfo: Microsoft.VisualStudio.TestPlatform.Common.ExtensionFramework.Utilities.TestDiscovererPluginInformation TExtension: Microsoft.VisualStudio.TestPlatform.ObjectModel.Adapter.ITestDiscoverer
TpTrace Verbose: 0 : 15160, 5, 2024/04/02, 08:16:43.143, 1505302207739, testhost.dll, TestPluginCache.GetExtensionPaths: Filtered extension paths: 
TpTrace Verbose: 0 : 15160, 5, 2024/04/02, 08:16:43.143, 1505302208018, testhost.dll, TestPluginCache.GetExtensionPaths: Added default extension paths: C:\Theotim\EPSI\Csharp\Salle-Theotim\Salle-TheotimTests\bin\Debug\net8.0\fine-code-coverage\build-output\NUnit3.TestAdapter.dll
TpTrace Verbose: 0 : 15160, 5, 2024/04/02, 08:16:43.143, 1505302208216, testhost.dll, TestPluginCache.GetExtensionPaths: Added unfilterableExtensionPaths: 
TpTrace Information: 0 : 15160, 5, 2024/04/02, 08:16:43.144, 1505302209318, testhost.dll, AssemblyResolver.AddSearchDirectories: Adding more searchDirectories C:\Theotim\EPSI\Csharp\Salle-Theotim\Salle-TheotimTests\bin\Debug\net8.0\fine-code-coverage\build-output
TpTrace Verbose: 0 : 15160, 5, 2024/04/02, 08:16:43.144, 1505302209639, testhost.dll, TestPluginCache.DiscoverTestExtensions: Discovering the extensions using extension path.
TpTrace Verbose: 0 : 15160, 5, 2024/04/02, 08:16:43.144, 1505302209844, testhost.dll, TestPluginCache.GetExtensionPaths: Filtered extension paths: 
TpTrace Verbose: 0 : 15160, 5, 2024/04/02, 08:16:43.144, 1505302210023, testhost.dll, TestPluginCache.GetExtensionPaths: Added default extension paths: C:\Theotim\EPSI\Csharp\Salle-Theotim\Salle-TheotimTests\bin\Debug\net8.0\fine-code-coverage\build-output\NUnit3.TestAdapter.dll
TpTrace Verbose: 0 : 15160, 5, 2024/04/02, 08:16:43.144, 1505302210203, testhost.dll, TestPluginCache.GetExtensionPaths: Added unfilterableExtensionPaths: 
TpTrace Verbose: 0 : 15160, 5, 2024/04/02, 08:16:43.144, 1505302210466, testhost.dll, TestPluginCache.DiscoverTestExtensions: Discovering the extensions using allExtensionPaths: C:\Theotim\EPSI\Csharp\Salle-Theotim\Salle-TheotimTests\bin\Debug\net8.0\fine-code-coverage\build-output\NUnit3.TestAdapter.dll
TpTrace Information: 0 : 15160, 5, 2024/04/02, 08:16:43.144, 1505302210766, testhost.dll, AssemblyResolver.AddSearchDirectories: Adding more searchDirectories C:\Theotim\EPSI\Csharp\Salle-Theotim\Salle-TheotimTests\bin\Debug\net8.0\fine-code-coverage\build-output
TpTrace Verbose: 0 : 15160, 5, 2024/04/02, 08:16:43.144, 1505302211361, testhost.dll, MetadataReaderExtensionsHelper: Discovering extensions inside assembly 'NUnit3.TestAdapter, Version=4.5.0.0, Culture=neutral, PublicKeyToken=4cb40d35494691ac' file path 'C:\Theotim\EPSI\Csharp\Salle-Theotim\Salle-TheotimTests\bin\Debug\net8.0\fine-code-coverage\build-output\NUnit3.TestAdapter.dll'
TpTrace Information: 0 : 15160, 5, 2024/04/02, 08:16:43.147, 1505302248501, testhost.dll, GetTestExtensionFromType: Register extension with identifier data 'NUnit.VisualStudio.TestAdapter.NUnit3TestDiscoverer, NUnit3.TestAdapter, Version=4.5.0.0, Culture=neutral, PublicKeyToken=4cb40d35494691ac' and type 'NUnit.VisualStudio.TestAdapter.NUnit3TestDiscoverer, NUnit3.TestAdapter, Version=4.5.0.0, Culture=neutral, PublicKeyToken=4cb40d35494691ac' inside file 'C:\Theotim\EPSI\Csharp\Salle-Theotim\Salle-TheotimTests\bin\Debug\net8.0\fine-code-coverage\build-output\NUnit3.TestAdapter.dll'
TpTrace Verbose: 0 : 15160, 5, 2024/04/02, 08:16:43.148, 1505302250062, testhost.dll, TestPluginCache: Discovered the extensions using extension path ''.
TpTrace Verbose: 0 : 15160, 5, 2024/04/02, 08:16:43.148, 1505302250535, testhost.dll, TestPluginCache: Discoverers are 'NUnit.VisualStudio.TestAdapter.NUnit3TestDiscoverer, NUnit3.TestAdapter, Version=4.5.0.0, Culture=neutral, PublicKeyToken=4cb40d35494691ac'.
TpTrace Verbose: 0 : 15160, 5, 2024/04/02, 08:16:43.148, 1505302250766, testhost.dll, TestPluginCache: Executors are 'executor://NUnit3TestExecutor'.
TpTrace Verbose: 0 : 15160, 5, 2024/04/02, 08:16:43.148, 1505302250969, testhost.dll, TestPluginCache: Executors2 are ''.
TpTrace Verbose: 0 : 15160, 5, 2024/04/02, 08:16:43.148, 1505302251192, testhost.dll, TestPluginCache: Setting providers are ''.
TpTrace Verbose: 0 : 15160, 5, 2024/04/02, 08:16:43.148, 1505302251400, testhost.dll, TestPluginCache: Loggers are ''.
TpTrace Verbose: 0 : 15160, 5, 2024/04/02, 08:16:43.148, 1505302251603, testhost.dll, TestPluginCache: TestHosts are ''.
TpTrace Verbose: 0 : 15160, 5, 2024/04/02, 08:16:43.148, 1505302251799, testhost.dll, TestPluginCache: DataCollectors are ''.
TpTrace Information: 0 : 15160, 5, 2024/04/02, 08:16:43.150, 1505302274792, testhost.dll, PEReaderHelper.GetAssemblyType: Determined assemblyType:'Managed' for source: 'C:\Theotim\EPSI\Csharp\Salle-Theotim\Salle-TheotimTests\bin\Debug\net8.0\fine-code-coverage\build-output\SalleTheotimTests.dll'
TpTrace Verbose: 0 : 15160, 5, 2024/04/02, 08:16:43.153, 1505302302334, testhost.dll, BaseRunTests.RunTestInternalWithExecutors: Running tests for executor://NUnit3TestExecutor
TpTrace Information: 0 : 15160, 5, 2024/04/02, 08:16:43.157, 1505302343314, testhost.dll, AssemblyResolver.OnResolve: nunit.engine: Resolving assembly.
TpTrace Information: 0 : 15160, 5, 2024/04/02, 08:16:43.157, 1505302344222, testhost.dll, AssemblyResolver.OnResolve: nunit.engine: Searching in: 'C:\Theotim\EPSI\Csharp\Salle-Theotim\Salle-TheotimTests\bin\Debug\net8.0\fine-code-coverage\build-output'.
TpTrace Information: 0 : 15160, 5, 2024/04/02, 08:16:43.157, 1505302346792, testhost.dll, AssemblyResolver.OnResolve: nunit.engine: Loading assembly 'C:\Theotim\EPSI\Csharp\Salle-Theotim\Salle-TheotimTests\bin\Debug\net8.0\fine-code-coverage\build-output\nunit.engine.dll'.
TpTrace Information: 0 : 15160, 5, 2024/04/02, 08:16:43.158, 1505302349474, testhost.dll, AssemblyResolver.OnResolve: Resolved assembly: nunit.engine, from path: C:\Theotim\EPSI\Csharp\Salle-Theotim\Salle-TheotimTests\bin\Debug\net8.0\fine-code-coverage\build-output\nunit.engine.dll
TpTrace Information: 0 : 15160, 5, 2024/04/02, 08:16:43.158, 1505302350038, testhost.dll, AssemblyResolver.OnResolve: nunit.engine.core: Resolving assembly.
TpTrace Information: 0 : 15160, 5, 2024/04/02, 08:16:43.158, 1505302350337, testhost.dll, AssemblyResolver.OnResolve: nunit.engine.core: Searching in: 'C:\Theotim\EPSI\Csharp\Salle-Theotim\Salle-TheotimTests\bin\Debug\net8.0\fine-code-coverage\build-output'.
TpTrace Information: 0 : 15160, 5, 2024/04/02, 08:16:43.158, 1505302351959, testhost.dll, AssemblyResolver.OnResolve: nunit.engine.core: Loading assembly 'C:\Theotim\EPSI\Csharp\Salle-Theotim\Salle-TheotimTests\bin\Debug\net8.0\fine-code-coverage\build-output\nunit.engine.core.dll'.
TpTrace Information: 0 : 15160, 5, 2024/04/02, 08:16:43.158, 1505302354473, testhost.dll, AssemblyResolver.OnResolve: Resolved assembly: nunit.engine.core, from path: C:\Theotim\EPSI\Csharp\Salle-Theotim\Salle-TheotimTests\bin\Debug\net8.0\fine-code-coverage\build-output\nunit.engine.core.dll
TpTrace Information: 0 : 15160, 5, 2024/04/02, 08:16:43.167, 1505302448916, testhost.dll, NUnit Adapter 4.5.0.0: Test execution started
TpTrace Verbose: 0 : 15160, 5, 2024/04/02, 08:16:43.168, 1505302450996, testhost.dll, TestRequestHandler.SendData: sending data from testhost: {"Version":7,"MessageType":"TestSession.Message","Payload":{"MessageLevel":0,"Message":"NUnit Adapter 4.5.0.0: Test execution started"}}
TpTrace Verbose: 0 : 15160, 5, 2024/04/02, 08:16:43.168, 1505302452865, testhost.dll, MulticastDelegateUtilities.SafeInvoke: TestRunMessageLoggerProxy.SendMessage: Invoking callback 1/1 for Microsoft.VisualStudio.TestPlatform.CrossPlatEngine.Execution.RunTestsWithSources., took 0 ms.
TpTrace Information: 0 : 15160, 5, 2024/04/02, 08:16:43.189, 1505302667286, testhost.dll, Running all tests in C:\Theotim\EPSI\Csharp\Salle-Theotim\Salle-TheotimTests\bin\Debug\net8.0\fine-code-coverage\build-output\SalleTheotimTests.dll
TpTrace Verbose: 0 : 15160, 5, 2024/04/02, 08:16:43.189, 1505302668609, testhost.dll, TestRequestHandler.SendData: sending data from testhost: {"Version":7,"MessageType":"TestSession.Message","Payload":{"MessageLevel":0,"Message":"Running all tests in C:\\Theotim\\EPSI\\Csharp\\Salle-Theotim\\Salle-TheotimTests\\bin\\Debug\\net8.0\\fine-code-coverage\\build-output\\SalleTheotimTests.dll"}}
TpTrace Verbose: 0 : 15160, 5, 2024/04/02, 08:16:43.190, 1505302669563, testhost.dll, MulticastDelegateUtilities.SafeInvoke: TestRunMessageLoggerProxy.SendMessage: Invoking callback 1/1 for Microsoft.VisualStudio.TestPlatform.CrossPlatEngine.Execution.RunTestsWithSources., took 0 ms.
TpTrace Information: 0 : 15160, 5, 2024/04/02, 08:16:43.196, 1505302736261, testhost.dll, AssemblyResolver.OnResolve: testcentric.engine.metadata: Resolving assembly.
TpTrace Information: 0 : 15160, 5, 2024/04/02, 08:16:43.196, 1505302737353, testhost.dll, AssemblyResolver.OnResolve: testcentric.engine.metadata: Searching in: 'C:\Theotim\EPSI\Csharp\Salle-Theotim\Salle-TheotimTests\bin\Debug\net8.0\fine-code-coverage\build-output'.
TpTrace Information: 0 : 15160, 5, 2024/04/02, 08:16:43.197, 1505302740379, testhost.dll, AssemblyResolver.OnResolve: testcentric.engine.metadata: Loading assembly 'C:\Theotim\EPSI\Csharp\Salle-Theotim\Salle-TheotimTests\bin\Debug\net8.0\fine-code-coverage\build-output\testcentric.engine.metadata.dll'.
TpTrace Information: 0 : 15160, 5, 2024/04/02, 08:16:43.197, 1505302744579, testhost.dll, AssemblyResolver.OnResolve: Resolved assembly: testcentric.engine.metadata, from path: C:\Theotim\EPSI\Csharp\Salle-Theotim\Salle-TheotimTests\bin\Debug\net8.0\fine-code-coverage\build-output\testcentric.engine.metadata.dll
TpTrace Information: 0 : 15160, 5, 2024/04/02, 08:16:43.275, 1505303525599, testhost.dll,    NUnit3TestExecutor discovered 3 of 3 NUnit test cases using Current Discovery mode, Non-Explicit run
TpTrace Verbose: 0 : 15160, 5, 2024/04/02, 08:16:43.275, 1505303526985, testhost.dll, TestRequestHandler.SendData: sending data from testhost: {"Version":7,"MessageType":"TestSession.Message","Payload":{"MessageLevel":0,"Message":"   NUnit3TestExecutor discovered 3 of 3 NUnit test cases using Current Discovery mode, Non-Explicit run"}}
TpTrace Verbose: 0 : 15160, 5, 2024/04/02, 08:16:43.275, 1505303528053, testhost.dll, MulticastDelegateUtilities.SafeInvoke: TestRunMessageLoggerProxy.SendMessage: Invoking callback 1/1 for Microsoft.VisualStudio.TestPlatform.CrossPlatEngine.Execution.RunTestsWithSources., took 0 ms.
TpTrace Verbose: 0 : 15160, 15, 2024/04/02, 08:16:43.298, 1505303754890, testhost.dll, TestExecutionRecorder.RecordStart: Starting test: SalleTheotimTests.BatimentServiceTest.CalculerNombreTotalPlacesTest.
TpTrace Verbose: 0 : 15160, 15, 2024/04/02, 08:16:43.331, 1505304083189, testhost.dll, MulticastDelegateUtilities.SafeInvoke: TestCaseEventsHandler.RaiseTestCaseStart: Invoking callback 1/1 for Microsoft.VisualStudio.TestPlatform.CrossPlatEngine.DataCollection.ProxyOutOfProcDataCollectionManager., took 25 ms.
TpTrace Verbose: 0 : 15160, 15, 2024/04/02, 08:16:43.338, 1505304156904, testhost.dll, TestExecutionRecorder.RecordEnd: test: SalleTheotimTests.BatimentServiceTest.CalculerNombreTotalPlacesTest execution completed.
TpTrace Verbose: 0 : 15160, 15, 2024/04/02, 08:16:43.351, 1505304283024, testhost.dll, MulticastDelegateUtilities.SafeInvoke: TestCaseEventsHandler.RaiseTestCaseEnd: Invoking callback 1/1 for Microsoft.VisualStudio.TestPlatform.CrossPlatEngine.DataCollection.ProxyOutOfProcDataCollectionManager., took 11 ms.
TpTrace Verbose: 0 : 15160, 15, 2024/04/02, 08:16:43.351, 1505304288007, testhost.dll, TestExecutionRecorder.RecordResult: Received result for test: SalleTheotimTests.BatimentServiceTest.CalculerNombreTotalPlacesTest.
TpTrace Verbose: 0 : 15160, 15, 2024/04/02, 08:16:43.352, 1505304294692, testhost.dll, MulticastDelegateUtilities.SafeInvoke: TestCaseEventsHandler.RaiseTestCaseEnd: Invoking callback 1/1 for Microsoft.VisualStudio.TestPlatform.CrossPlatEngine.DataCollection.ProxyOutOfProcDataCollectionManager., took 0 ms.
TpTrace Warning: 0 : 15160, 15, 2024/04/02, 08:16:43.353, 1505304308257, testhost.dll, TestRunCache: InProgressTests is null
TpTrace Warning: 0 : 15160, 15, 2024/04/02, 08:16:43.354, 1505304309225, testhost.dll, TestRunCache: No test found corresponding to testResult 'CalculerNombreTotalPlacesTest' in inProgress list.
TpTrace Verbose: 0 : 15160, 15, 2024/04/02, 08:16:43.354, 1505304310783, testhost.dll, TestExecutionRecorder.RecordStart: Starting test: SalleTheotimTests.BatimentServiceTest.CreerBatimentTest.
TpTrace Verbose: 0 : 15160, 15, 2024/04/02, 08:16:43.355, 1505304323492, testhost.dll, MulticastDelegateUtilities.SafeInvoke: TestCaseEventsHandler.RaiseTestCaseStart: Invoking callback 1/1 for Microsoft.VisualStudio.TestPlatform.CrossPlatEngine.DataCollection.ProxyOutOfProcDataCollectionManager., took 1 ms.
TpTrace Verbose: 0 : 15160, 15, 2024/04/02, 08:16:43.355, 1505304326512, testhost.dll, TestExecutionRecorder.RecordEnd: test: SalleTheotimTests.BatimentServiceTest.CreerBatimentTest execution completed.
TpTrace Verbose: 0 : 15160, 15, 2024/04/02, 08:16:43.356, 1505304338774, testhost.dll, MulticastDelegateUtilities.SafeInvoke: TestCaseEventsHandler.RaiseTestCaseEnd: Invoking callback 1/1 for Microsoft.VisualStudio.TestPlatform.CrossPlatEngine.DataCollection.ProxyOutOfProcDataCollectionManager., took 1 ms.
TpTrace Verbose: 0 : 15160, 15, 2024/04/02, 08:16:43.357, 1505304339555, testhost.dll, TestExecutionRecorder.RecordResult: Received result for test: SalleTheotimTests.BatimentServiceTest.CreerBatimentTest.
TpTrace Verbose: 0 : 15160, 15, 2024/04/02, 08:16:43.357, 1505304341507, testhost.dll, MulticastDelegateUtilities.SafeInvoke: TestCaseEventsHandler.RaiseTestCaseEnd: Invoking callback 1/1 for Microsoft.VisualStudio.TestPlatform.CrossPlatEngine.DataCollection.ProxyOutOfProcDataCollectionManager., took 0 ms.
TpTrace Warning: 0 : 15160, 15, 2024/04/02, 08:16:43.357, 1505304343898, testhost.dll, TestRunCache: InProgressTests is null
TpTrace Warning: 0 : 15160, 15, 2024/04/02, 08:16:43.357, 1505304344207, testhost.dll, TestRunCache: No test found corresponding to testResult 'CreerBatimentTest' in inProgress list.
TpTrace Verbose: 0 : 15160, 15, 2024/04/02, 08:16:43.359, 1505304364340, testhost.dll, TestExecutionRecorder.RecordStart: Starting test: SalleTheotimTests.BatimentServiceTest.CreerSalleTest.
TpTrace Verbose: 0 : 15160, 15, 2024/04/02, 08:16:43.360, 1505304377854, testhost.dll, MulticastDelegateUtilities.SafeInvoke: TestCaseEventsHandler.RaiseTestCaseStart: Invoking callback 1/1 for Microsoft.VisualStudio.TestPlatform.CrossPlatEngine.DataCollection.ProxyOutOfProcDataCollectionManager., took 1 ms.
TpTrace Verbose: 0 : 15160, 10, 2024/04/02, 08:16:44.071, 1505311488279, testhost.dll, TcpClientExtensions.MessageLoopAsync: Polling on remoteEndPoint: [::ffff:127.0.0.1]:62403 localEndPoint: [::ffff:127.0.0.1]:62404
TpTrace Information: 0 : 15160, 12, 2024/04/02, 08:16:44.627, 1505317048942, testhost.dll, Sending test run statistics
TpTrace Verbose: 0 : 15160, 12, 2024/04/02, 08:16:44.649, 1505317261979, testhost.dll, TestRequestHandler.SendData: sending data from testhost: {"Version":7,"MessageType":"TestExecution.StatsChange","Payload":{"NewTestResults":[{"TestCase":{"Id":"5469021f-cbaa-9e43-c716-3f04fcfef624","FullyQualifiedName":"SalleTheotimTests.BatimentServiceTest.CalculerNombreTotalPlacesTest","DisplayName":"CalculerNombreTotalPlacesTest","ExecutorUri":"executor://NUnit3TestExecutor","Source":"C:\\Theotim\\EPSI\\Csharp\\Salle-Theotim\\Salle-TheotimTests\\bin\\Debug\\net8.0\\fine-code-coverage\\build-output\\SalleTheotimTests.dll","CodeFilePath":null,"LineNumber":0,"Properties":[{"Key":{"Id":"NUnit.Seed","Label":"Seed","Category":"","Description":"","Attributes":0,"ValueType":"System.String"},"Value":"345835278"}]},"Attachments":[],"Outcome":1,"ErrorMessage":null,"ErrorStackTrace":null,"DisplayName":"CalculerNombreTotalPlacesTest","Messages":[],"ComputerName":"LAPTOP-DO954P10","Duration":"00:00:00.0089430","StartTime":"2024-04-02T06:16:43.2977704+00:00","EndTime":"2024-04-02T06:16:43.3066477+00:00","Properties":[{"Key":{"Id":"NUnit.Seed","Label":"Seed","Category":"","Description":"","Attributes":0,"ValueType":"System.String"},"Value":"345835278"}]},{"TestCase":{"Id":"7b5bfb5b-d60d-470d-964c-fe4431808cfb","FullyQualifiedName":"SalleTheotimTests.BatimentServiceTest.CreerBatimentTest","DisplayName":"CreerBatimentTest","ExecutorUri":"executor://NUnit3TestExecutor","Source":"C:\\Theotim\\EPSI\\Csharp\\Salle-Theotim\\Salle-TheotimTests\\bin\\Debug\\net8.0\\fine-code-coverage\\build-output\\SalleTheotimTests.dll","CodeFilePath":null,"LineNumber":0,"Properties":[{"Key":{"Id":"NUnit.Seed","Label":"Seed","Category":"","Description":"","Attributes":0,"ValueType":"System.String"},"Value":"1310849578"}]},"Attachments":[],"Outcome":1,"ErrorMessage":null,"ErrorStackTrace":null,"DisplayName":"CreerBatimentTest","Messages":[],"ComputerName":"LAPTOP-DO954P10","Duration":"00:00:00.0011420","StartTime":"2024-04-02T06:16:43.3079466+00:00","EndTime":"2024-04-02T06:16:43.3090888+00:00","Properties":[{"Key":{"Id":"NUnit.Seed","Label":"Seed","Category":"","Description":"","Attributes":0,"ValueType":"System.String"},"Value":"1310849578"}]}],"TestRunStatistics":{"ExecutedTests":2,"Stats":{"Passed":2}},"ActiveTests":[{"Id":"9734f32c-8a3d-96c7-31de-e90017230735","FullyQualifiedName":"SalleTheotimTests.BatimentServiceTest.CreerSalleTest","DisplayName":"CreerSalleTest","ExecutorUri":"executor://NUnit3TestExecutor","Source":"C:\\Theotim\\EPSI\\Csharp\\Salle-Theotim\\Salle-TheotimTests\\bin\\Debug\\net8.0\\fine-code-coverage\\build-output\\SalleTheotimTests.dll","CodeFilePath":null,"LineNumber":0,"Properties":[{"Key":{"Id":"NUnit.Seed","Label":"Seed","Category":"","Description":"","Attributes":0,"ValueType":"System.String"},"Value":"772512236"}]}]}}
TpTrace Verbose: 0 : 15160, 12, 2024/04/02, 08:16:44.649, 1505317264798, testhost.dll, TestRunCache: OnNewTestResult: Notified the onCacheHit callback.
TpTrace Verbose: 0 : 15160, 10, 2024/04/02, 08:16:45.081, 1505321586977, testhost.dll, TcpClientExtensions.MessageLoopAsync: Polling on remoteEndPoint: [::ffff:127.0.0.1]:62403 localEndPoint: [::ffff:127.0.0.1]:62404
TpTrace Verbose: 0 : 15160, 10, 2024/04/02, 08:16:46.096, 1505331734608, testhost.dll, TcpClientExtensions.MessageLoopAsync: Polling on remoteEndPoint: [::ffff:127.0.0.1]:62403 localEndPoint: [::ffff:127.0.0.1]:62404
TpTrace Verbose: 0 : 15160, 10, 2024/04/02, 08:16:47.107, 1505341839907, testhost.dll, TcpClientExtensions.MessageLoopAsync: Polling on remoteEndPoint: [::ffff:127.0.0.1]:62403 localEndPoint: [::ffff:127.0.0.1]:62404
TpTrace Verbose: 0 : 15160, 10, 2024/04/02, 08:16:48.113, 1505351901329, testhost.dll, TcpClientExtensions.MessageLoopAsync: Polling on remoteEndPoint: [::ffff:127.0.0.1]:62403 localEndPoint: [::ffff:127.0.0.1]:62404
TpTrace Verbose: 0 : 15160, 10, 2024/04/02, 08:16:49.116, 1505361934191, testhost.dll, TcpClientExtensions.MessageLoopAsync: Polling on remoteEndPoint: [::ffff:127.0.0.1]:62403 localEndPoint: [::ffff:127.0.0.1]:62404
TpTrace Verbose: 0 : 15160, 10, 2024/04/02, 08:16:50.123, 1505372005803, testhost.dll, TcpClientExtensions.MessageLoopAsync: Polling on remoteEndPoint: [::ffff:127.0.0.1]:62403 localEndPoint: [::ffff:127.0.0.1]:62404
TpTrace Verbose: 0 : 15160, 10, 2024/04/02, 08:16:51.126, 1505382033479, testhost.dll, TcpClientExtensions.MessageLoopAsync: Polling on remoteEndPoint: [::ffff:127.0.0.1]:62403 localEndPoint: [::ffff:127.0.0.1]:62404
TpTrace Verbose: 0 : 15160, 10, 2024/04/02, 08:16:52.128, 1505392057789, testhost.dll, TcpClientExtensions.MessageLoopAsync: Polling on remoteEndPoint: [::ffff:127.0.0.1]:62403 localEndPoint: [::ffff:127.0.0.1]:62404
TpTrace Verbose: 0 : 15160, 10, 2024/04/02, 08:16:53.132, 1505402097815, testhost.dll, TcpClientExtensions.MessageLoopAsync: Polling on remoteEndPoint: [::ffff:127.0.0.1]:62403 localEndPoint: [::ffff:127.0.0.1]:62404
TpTrace Verbose: 0 : 15160, 10, 2024/04/02, 08:16:54.137, 1505412147446, testhost.dll, TcpClientExtensions.MessageLoopAsync: Polling on remoteEndPoint: [::ffff:127.0.0.1]:62403 localEndPoint: [::ffff:127.0.0.1]:62404
TpTrace Verbose: 0 : 15160, 10, 2024/04/02, 08:16:55.149, 1505422259875, testhost.dll, TcpClientExtensions.MessageLoopAsync: Polling on remoteEndPoint: [::ffff:127.0.0.1]:62403 localEndPoint: [::ffff:127.0.0.1]:62404
TpTrace Verbose: 0 : 15160, 10, 2024/04/02, 08:16:56.158, 1505432356982, testhost.dll, TcpClientExtensions.MessageLoopAsync: Polling on remoteEndPoint: [::ffff:127.0.0.1]:62403 localEndPoint: [::ffff:127.0.0.1]:62404
TpTrace Warning: 0 : 15160, 5, 2024/04/02, 08:16:57.081, 1505441584693, testhost.dll, Exception NUnit.Engine.NUnitEngineException,    Exception thrown executing tests in C:\Theotim\EPSI\Csharp\Salle-Theotim\Salle-TheotimTests\bin\Debug\net8.0\fine-code-coverage\build-output\SalleTheotimTests.dll
TpTrace Verbose: 0 : 15160, 5, 2024/04/02, 08:16:57.081, 1505441586473, testhost.dll, TestRequestHandler.SendData: sending data from testhost: {"Version":7,"MessageType":"TestSession.Message","Payload":{"MessageLevel":1,"Message":"Exception NUnit.Engine.NUnitEngineException,    Exception thrown executing tests in C:\\Theotim\\EPSI\\Csharp\\Salle-Theotim\\Salle-TheotimTests\\bin\\Debug\\net8.0\\fine-code-coverage\\build-output\\SalleTheotimTests.dll"}}
TpTrace Verbose: 0 : 15160, 5, 2024/04/02, 08:16:57.081, 1505441587628, testhost.dll, MulticastDelegateUtilities.SafeInvoke: TestRunMessageLoggerProxy.SendMessage: Invoking callback 1/1 for Microsoft.VisualStudio.TestPlatform.CrossPlatEngine.Execution.RunTestsWithSources., took 0 ms.
TpTrace Warning: 0 : 15160, 5, 2024/04/02, 08:16:57.082, 1505441589800, testhost.dll, An exception occurred in the driver while running tests.
TpTrace Verbose: 0 : 15160, 5, 2024/04/02, 08:16:57.082, 1505441590617, testhost.dll, TestRequestHandler.SendData: sending data from testhost: {"Version":7,"MessageType":"TestSession.Message","Payload":{"MessageLevel":1,"Message":"An exception occurred in the driver while running tests."}}
TpTrace Verbose: 0 : 15160, 5, 2024/04/02, 08:16:57.082, 1505441591529, testhost.dll, MulticastDelegateUtilities.SafeInvoke: TestRunMessageLoggerProxy.SendMessage: Invoking callback 1/1 for Microsoft.VisualStudio.TestPlatform.CrossPlatEngine.Execution.RunTestsWithSources., took 0 ms.
TpTrace Warning: 0 : 15160, 5, 2024/04/02, 08:16:57.083, 1505441602071, testhost.dll,    at NUnit.Engine.Runners.DirectTestRunner.RunTests(ITestEventListener listener, TestFilter filter)
   at NUnit.Engine.Runners.AbstractTestRunner.Run(ITestEventListener listener, TestFilter filter)
   at NUnit.Engine.Runners.MasterTestRunner.RunTests(ITestEventListener listener, TestFilter filter)
   at NUnit.Engine.Runners.MasterTestRunner.Run(ITestEventListener listener, TestFilter filter)
   at NUnit.VisualStudio.TestAdapter.NUnitEngine.NUnitEngineAdapter.Run(ITestEventListener listener, TestFilter filter) in D:\repos\NUnit\nunit3-vs-adapter\src\NUnitTestAdapter\NUnitEngine\NUnitEngineAdapter.cs:line 108
   at NUnit.VisualStudio.TestAdapter.Execution.Run(TestFilter filter, DiscoveryConverter discovery, NUnit3TestExecutor nUnit3TestExecutor) in D:\repos\NUnit\nunit3-vs-adapter\src\NUnitTestAdapter\Execution.cs:line 51
   at NUnit.VisualStudio.TestAdapter.VsTestExecution.Run(TestFilter filter, DiscoveryConverter discovery, NUnit3TestExecutor nUnit3TestExecutor) in D:\repos\NUnit\nunit3-vs-adapter\src\NUnitTestAdapter\Execution.cs:line 154
   at NUnit.VisualStudio.TestAdapter.NUnit3TestExecutor.RunAssembly(String assemblyPath, IGrouping`2 testCases, TestFilter filter) in D:\repos\NUnit\nunit3-vs-adapter\src\NUnitTestAdapter\NUnit3TestExecutor.cs:line 295
TpTrace Verbose: 0 : 15160, 5, 2024/04/02, 08:16:57.083, 1505441603757, testhost.dll, TestRequestHandler.SendData: sending data from testhost: {"Version":7,"MessageType":"TestSession.Message","Payload":{"MessageLevel":1,"Message":"   at NUnit.Engine.Runners.DirectTestRunner.RunTests(ITestEventListener listener, TestFilter filter)\r\n   at NUnit.Engine.Runners.AbstractTestRunner.Run(ITestEventListener listener, TestFilter filter)\r\n   at NUnit.Engine.Runners.MasterTestRunner.RunTests(ITestEventListener listener, TestFilter filter)\r\n   at NUnit.Engine.Runners.MasterTestRunner.Run(ITestEventListener listener, TestFilter filter)\r\n   at NUnit.VisualStudio.TestAdapter.NUnitEngine.NUnitEngineAdapter.Run(ITestEventListener listener, TestFilter filter) in D:\\repos\\NUnit\\nunit3-vs-adapter\\src\\NUnitTestAdapter\\NUnitEngine\\NUnitEngineAdapter.cs:line 108\r\n   at NUnit.VisualStudio.TestAdapter.Execution.Run(TestFilter filter, DiscoveryConverter discovery, NUnit3TestExecutor nUnit3TestExecutor) in D:\\repos\\NUnit\\nunit3-vs-adapter\\src\\NUnitTestAdapter\\Execution.cs:line 51\r\n   at NUnit.VisualStudio.TestAdapter.VsTestExecution.Run(TestFilter filter, DiscoveryConverter discovery, NUnit3TestExecutor nUnit3TestExecutor) in D:\\repos\\NUnit\\nunit3-vs-adapter\\src\\NUnitTestAdapter\\Execution.cs:line 154\r\n   at NUnit.VisualStudio.TestAdapter.NUnit3TestExecutor.RunAssembly(String assemblyPath, IGrouping`2 testCases, TestFilter filter) in D:\\repos\\NUnit\\nunit3-vs-adapter\\src\\NUnitTestAdapter\\NUnit3TestExecutor.cs:line 295"}}
TpTrace Verbose: 0 : 15160, 5, 2024/04/02, 08:16:57.083, 1505441604828, testhost.dll, MulticastDelegateUtilities.SafeInvoke: TestRunMessageLoggerProxy.SendMessage: Invoking callback 1/1 for Microsoft.VisualStudio.TestPlatform.CrossPlatEngine.Execution.RunTestsWithSources., took 0 ms.
TpTrace Warning: 0 : 15160, 5, 2024/04/02, 08:16:57.083, 1505441608094, testhost.dll, InnerException: System.Reflection.TargetInvocationException: Exception has been thrown by the target of an invocation.
 ---> System.OutOfMemoryException: Exception of type 'System.OutOfMemoryException' was thrown.
   at System.Text.StringBuilder.ToString()
   at NUnit.Framework.Internal.TestResult.get_Output()
   at NUnit.Framework.Internal.TestResult.AddToXml(TNode parentNode, Boolean recursive)
   at NUnit.Framework.Internal.TestResult.AddToXml(TNode parentNode, Boolean recursive)
   at NUnit.Framework.Internal.TestResult.AddToXml(TNode parentNode, Boolean recursive)
   at NUnit.Framework.Internal.TestResult.AddToXml(TNode parentNode, Boolean recursive)
   at NUnit.Framework.Internal.TestResult.ToXml(Boolean recursive)
   at NUnit.Framework.Api.FrameworkController.RunTests(Action`1 callback, String filter)
   at System.RuntimeMethodHandle.InvokeMethod(Object target, Void** arguments, Signature sig, Boolean isConstructor)
   at System.Reflection.MethodBaseInvoker.InvokeDirectByRefWithFewArgs(Object obj, Span`1 copyOfArgs, BindingFlags invokeAttr)
   --- End of inner exception stack trace ---
   at System.Reflection.MethodBaseInvoker.InvokeDirectByRefWithFewArgs(Object obj, Span`1 copyOfArgs, BindingFlags invokeAttr)
   at System.Reflection.MethodBaseInvoker.InvokeWithFewArgs(Object obj, BindingFlags invokeAttr, Binder binder, Object[] parameters, CultureInfo culture)
   at System.Reflection.MethodBase.Invoke(Object obj, Object[] parameters)
   at NUnit.Engine.Drivers.NUnitNetStandardDriver.ExecuteMethod(MethodInfo method, Object[] args)
   at NUnit.Engine.Drivers.NUnitNetStandardDriver.ExecuteMethod(String methodName, Type[] ptypes, Object[] args)
   at NUnit.Engine.Drivers.NUnitNetStandardDriver.Run(ITestEventListener listener, String filter)
   at NUnit.Engine.Runners.DirectTestRunner.RunTests(ITestEventListener listener, TestFilter filter)
TpTrace Verbose: 0 : 15160, 5, 2024/04/02, 08:16:57.084, 1505441609493, testhost.dll, TestRequestHandler.SendData: sending data from testhost: {"Version":7,"MessageType":"TestSession.Message","Payload":{"MessageLevel":1,"Message":"InnerException: System.Reflection.TargetInvocationException: Exception has been thrown by the target of an invocation.\r\n ---> System.OutOfMemoryException: Exception of type 'System.OutOfMemoryException' was thrown.\r\n   at System.Text.StringBuilder.ToString()\r\n   at NUnit.Framework.Internal.TestResult.get_Output()\r\n   at NUnit.Framework.Internal.TestResult.AddToXml(TNode parentNode, Boolean recursive)\r\n   at NUnit.Framework.Internal.TestResult.AddToXml(TNode parentNode, Boolean recursive)\r\n   at NUnit.Framework.Internal.TestResult.AddToXml(TNode parentNode, Boolean recursive)\r\n   at NUnit.Framework.Internal.TestResult.AddToXml(TNode parentNode, Boolean recursive)\r\n   at NUnit.Framework.Internal.TestResult.ToXml(Boolean recursive)\r\n   at NUnit.Framework.Api.FrameworkController.RunTests(Action`1 callback, String filter)\r\n   at System.RuntimeMethodHandle.InvokeMethod(Object target, Void** arguments, Signature sig, Boolean isConstructor)\r\n   at System.Reflection.MethodBaseInvoker.InvokeDirectByRefWithFewArgs(Object obj, Span`1 copyOfArgs, BindingFlags invokeAttr)\r\n   --- End of inner exception stack trace ---\r\n   at System.Reflection.MethodBaseInvoker.InvokeDirectByRefWithFewArgs(Object obj, Span`1 copyOfArgs, BindingFlags invokeAttr)\r\n   at System.Reflection.MethodBaseInvoker.InvokeWithFewArgs(Object obj, BindingFlags invokeAttr, Binder binder, Object[] parameters, CultureInfo culture)\r\n   at System.Reflection.MethodBase.Invoke(Object obj, Object[] parameters)\r\n   at NUnit.Engine.Drivers.NUnitNetStandardDriver.ExecuteMethod(MethodInfo method, Object[] args)\r\n   at NUnit.Engine.Drivers.NUnitNetStandardDriver.ExecuteMethod(String methodName, Type[] ptypes, Object[] args)\r\n   at NUnit.Engine.Drivers.NUnitNetStandardDriver.Run(ITestEventListener listener, String filter)\r\n   at NUnit.Engine.Runners.DirectTestRunner.RunTests(ITestEventListener listener, TestFilter filter)"}}
TpTrace Verbose: 0 : 15160, 5, 2024/04/02, 08:16:57.084, 1505441610348, testhost.dll, MulticastDelegateUtilities.SafeInvoke: TestRunMessageLoggerProxy.SendMessage: Invoking callback 1/1 for Microsoft.VisualStudio.TestPlatform.CrossPlatEngine.Execution.RunTestsWithSources., took 0 ms.
TpTrace Verbose: 0 : 15160, 10, 2024/04/02, 08:16:57.167, 1505442440569, testhost.dll, TcpClientExtensions.MessageLoopAsync: Polling on remoteEndPoint: [::ffff:127.0.0.1]:62403 localEndPoint: [::ffff:127.0.0.1]:62404
TpTrace Verbose: 0 : 15160, 10, 2024/04/02, 08:16:58.177, 1505452544760, testhost.dll, TcpClientExtensions.MessageLoopAsync: Polling on remoteEndPoint: [::ffff:127.0.0.1]:62403 localEndPoint: [::ffff:127.0.0.1]:62404
TpTrace Verbose: 0 : 15160, 10, 2024/04/02, 08:16:59.192, 1505462694032, testhost.dll, TcpClientExtensions.MessageLoopAsync: Polling on remoteEndPoint: [::ffff:127.0.0.1]:62403 localEndPoint: [::ffff:127.0.0.1]:62404
TpTrace Verbose: 0 : 15160, 10, 2024/04/02, 08:17:00.201, 1505472784049, testhost.dll, TcpClientExtensions.MessageLoopAsync: Polling on remoteEndPoint: [::ffff:127.0.0.1]:62403 localEndPoint: [::ffff:127.0.0.1]:62404
TpTrace Verbose: 0 : 15160, 10, 2024/04/02, 08:17:01.208, 1505482849308, testhost.dll, TcpClientExtensions.MessageLoopAsync: Polling on remoteEndPoint: [::ffff:127.0.0.1]:62403 localEndPoint: [::ffff:127.0.0.1]:62404
TpTrace Verbose: 0 : 15160, 5, 2024/04/02, 08:17:02.092, 1505491690159, testhost.dll, TestExecutionRecorder.RecordEnd: test: SalleTheotimTests.BatimentServiceTest.CreerSalleTest execution completed.
TpTrace Warning: 0 : 15160, 5, 2024/04/02, 08:17:02.092, 1505491691411, testhost.dll, TestRunCache: InProgressTests is null
TpTrace Verbose: 0 : 15160, 5, 2024/04/02, 08:17:02.094, 1505491713203, testhost.dll, MulticastDelegateUtilities.SafeInvoke: TestCaseEventsHandler.RaiseTestCaseEnd: Invoking callback 1/1 for Microsoft.VisualStudio.TestPlatform.CrossPlatEngine.DataCollection.ProxyOutOfProcDataCollectionManager., took 2 ms.
TpTrace Verbose: 0 : 15160, 5, 2024/04/02, 08:17:02.094, 1505491713751, testhost.dll, TestExecutionRecorder.RecordResult: Received result for test: SalleTheotimTests.BatimentServiceTest.CreerSalleTest.
TpTrace Verbose: 0 : 15160, 5, 2024/04/02, 08:17:02.094, 1505491714259, testhost.dll, MulticastDelegateUtilities.SafeInvoke: TestCaseEventsHandler.RaiseTestCaseEnd: Invoking callback 1/1 for Microsoft.VisualStudio.TestPlatform.CrossPlatEngine.DataCollection.ProxyOutOfProcDataCollectionManager., took 0 ms.
TpTrace Warning: 0 : 15160, 5, 2024/04/02, 08:17:02.094, 1505491714741, testhost.dll, TestRunCache: InProgressTests is null
TpTrace Warning: 0 : 15160, 5, 2024/04/02, 08:17:02.094, 1505491714941, testhost.dll, TestRunCache: No test found corresponding to testResult 'CreerSalleTest' in inProgress list.
TpTrace Information: 0 : 15160, 5, 2024/04/02, 08:17:02.095, 1505491720167, testhost.dll, NUnit Adapter 4.5.0.0: Test execution complete
TpTrace Verbose: 0 : 15160, 5, 2024/04/02, 08:17:02.095, 1505491720877, testhost.dll, TestRequestHandler.SendData: sending data from testhost: {"Version":7,"MessageType":"TestSession.Message","Payload":{"MessageLevel":0,"Message":"NUnit Adapter 4.5.0.0: Test execution complete"}}
TpTrace Verbose: 0 : 15160, 5, 2024/04/02, 08:17:02.095, 1505491721627, testhost.dll, MulticastDelegateUtilities.SafeInvoke: TestRunMessageLoggerProxy.SendMessage: Invoking callback 1/1 for Microsoft.VisualStudio.TestPlatform.CrossPlatEngine.Execution.RunTestsWithSources., took 0 ms.
TpTrace Verbose: 0 : 15160, 5, 2024/04/02, 08:17:02.097, 1505491744723, testhost.dll, BaseRunTests.RunTestInternalWithExecutors: Completed running tests for executor://NUnit3TestExecutor
TpTrace Verbose: 0 : 15160, 5, 2024/04/02, 08:17:02.099, 1505491760871, testhost.dll, MulticastDelegateUtilities.SafeInvoke: TestCaseEventsHandler.RaiseSessionEnd: Invoking callback 1/1 for Microsoft.VisualStudio.TestPlatform.CrossPlatEngine.DataCollection.ProxyOutOfProcDataCollectionManager., took 1 ms.
TpTrace Information: 0 : 15160, 5, 2024/04/02, 08:17:02.101, 1505491785806, testhost.dll, Sending test run complete
TpTrace Verbose: 0 : 15160, 5, 2024/04/02, 08:17:02.112, 1505491898113, testhost.dll, TestRequestHandler.SendData: sending data from testhost: {"Version":7,"MessageType":"TestExecution.Completed","Payload":{"TestRunCompleteArgs":{"TestRunStatistics":{"ExecutedTests":3,"Stats":{"Passed":2,"Failed":1}},"IsCanceled":false,"IsAborted":false,"Error":null,"AttachmentSets":[],"InvokedDataCollectors":[],"ElapsedTimeInRunningTests":"00:00:18.9461387","Metrics":{},"DiscoveredExtensions":{"TestDiscoverers":["NUnit.VisualStudio.TestAdapter.NUnit3TestDiscoverer, NUnit3.TestAdapter, Version=4.5.0.0, Culture=neutral, PublicKeyToken=4cb40d35494691ac"],"TestExecutors":["executor://NUnit3TestExecutor"],"TestExecutors2":[],"TestSettingsProviders":[]}},"LastRunTests":{"NewTestResults":[{"TestCase":{"Id":"9734f32c-8a3d-96c7-31de-e90017230735","FullyQualifiedName":"SalleTheotimTests.BatimentServiceTest.CreerSalleTest","DisplayName":"CreerSalleTest","ExecutorUri":"executor://NUnit3TestExecutor","Source":"C:\\Theotim\\EPSI\\Csharp\\Salle-Theotim\\Salle-TheotimTests\\bin\\Debug\\net8.0\\fine-code-coverage\\build-output\\SalleTheotimTests.dll","CodeFilePath":null,"LineNumber":0,"Properties":[{"Key":{"Id":"NUnit.Seed","Label":"Seed","Category":"","Description":"","Attributes":0,"ValueType":"System.String"},"Value":"772512236"}]},"Attachments":[],"Outcome":2,"ErrorMessage":"Test run cancelled by user","ErrorStackTrace":"\n","DisplayName":"CreerSalleTest","Messages":[],"ComputerName":"LAPTOP-DO954P10","Duration":"00:00:00.0000001","StartTime":"2024-04-02T06:17:02.0915918+00:00","EndTime":"2024-04-02T06:17:02.0915923+00:00","Properties":[{"Key":{"Id":"NUnit.Seed","Label":"Seed","Category":"","Description":"","Attributes":0,"ValueType":"System.String"},"Value":null}]}],"TestRunStatistics":{"ExecutedTests":3,"Stats":{"Passed":2,"Failed":1}},"ActiveTests":[]},"RunAttachments":[],"ExecutorUris":["executor://nunit3testexecutor/"]}}
TpTrace Verbose: 0 : 15160, 5, 2024/04/02, 08:17:02.113, 1505491900850, testhost.dll, BaseRunTests.RunTests: Run is complete.
TpTrace Verbose: 0 : 15160, 10, 2024/04/02, 08:17:02.113, 1505491905422, testhost.dll, TcpClientExtensions.MessageLoopAsync: NotifyDataAvailable remoteEndPoint: [::ffff:127.0.0.1]:62403 localEndPoint: [::ffff:127.0.0.1]:62404
TpTrace Information: 0 : 15160, 10, 2024/04/02, 08:17:02.113, 1505491906214, testhost.dll, TestRequestHandler.OnMessageReceived: received message: (TestSession.Terminate) -> {"MessageType":"TestSession.Terminate","Payload":null}
TpTrace Information: 0 : 15160, 10, 2024/04/02, 08:17:02.113, 1505491907643, testhost.dll, Session End message received from server. Closing the connection.
TpTrace Information: 0 : 15160, 10, 2024/04/02, 08:17:02.114, 1505491910000, testhost.dll, SocketClient.Stop: Stop communication from server endpoint: 127.0.0.1:062403
TpTrace Information: 0 : 15160, 10, 2024/04/02, 08:17:02.114, 1505491910292, testhost.dll, SocketClient: Stop: Cancellation requested. Stopping message loop.
TpTrace Verbose: 0 : 15160, 10, 2024/04/02, 08:17:02.114, 1505491911789, testhost.dll, LengthPrefixCommunicationChannel.Dispose: Dispose reader and writer.
TpTrace Information: 0 : 15160, 10, 2024/04/02, 08:17:02.114, 1505491912201, testhost.dll, Closing the connection !
TpTrace Verbose: 0 : 15160, 10, 2024/04/02, 08:17:02.114, 1505491912538, testhost.dll, MulticastDelegateUtilities.SafeInvoke: LengthPrefixCommunicationChannel: MessageReceived: Invoking callback 1/1 for Microsoft.VisualStudio.TestPlatform.CommunicationUtilities.TestRequestHandler., took 0 ms.
TpTrace Information: 0 : 15160, 10, 2024/04/02, 08:17:02.114, 1505491914168, testhost.dll, SocketClient.PrivateStop: Stop communication from server endpoint: 127.0.0.1:062403, error:
TpTrace Verbose: 0 : 15160, 10, 2024/04/02, 08:17:02.114, 1505491915923, testhost.dll, LengthPrefixCommunicationChannel.Dispose: Dispose reader and writer.
TpTrace Verbose: 0 : 15160, 10, 2024/04/02, 08:17:02.114, 1505491916467, testhost.dll, TcpClientExtensions.MessageLoopAsync: exiting MessageLoopAsync remoteEndPoint: [::ffff:127.0.0.1]:62403 localEndPoint: [::ffff:127.0.0.1]:62404
TpTrace Information: 0 : 15160, 1, 2024/04/02, 08:17:02.114, 1505491915942, testhost.dll, Closing the connection!
TpTrace Information: 0 : 15160, 1, 2024/04/02, 08:17:02.114, 1505491917670, testhost.dll, Testhost process exiting.
